# JRE version: Java(TM) SE Runtime Environment (18.0.2+9) (build 18.0.2+9-61)
# Java VM: Java HotSpot(TM) 64-Bit Server VM (18.0.2+9-61, mixed mode, sharing, tiered, compressed oops, compressed class ptrs, parallel gc, windows-amd64)
GC Precious Log:
 CardTable entry size: 512
 CPUs: 20 total, 20 available
 Memory: 65404M
 Large Page Support: Disabled
 NUMA Support: Disabled
 Compressed Oops: Enabled (32-bit)
 Alignments: Space 512K, Generation 512K, Heap 2M
 Heap Min Capacity: 100M
 Heap Initial Capacity: 100M
 Heap Max Capacity: 1G
 Pre-touch: Disabled
 Parallel Workers: 15
Heap:
 PSYoungGen      total 5120K, used 5120K [0x00000000eab00000, 0x00000000eb600000, 0x0000000100000000)
  eden space 2560K, 100% used [0x00000000eab00000,0x00000000ead80000,0x00000000ead80000)
  from space 2560K, 100% used [0x00000000ead80000,0x00000000eb000000,0x00000000eb000000)
  to   space 4096K, 63% used [0x00000000eb200000,0x00000000eb487b70,0x00000000eb600000)
 ParOldGen       total 470528K, used 424544K [0x00000000c0000000, 0x00000000dcb80000, 0x00000000eab00000)
  object space 470528K, 90% used [0x00000000c0000000,0x00000000d9e98188,0x00000000dcb80000)
 Metaspace       used 105360K, committed 106944K, reserved 1179648K
  class space    used 10275K, committed 11072K, reserved 1048576K
GC Heap History (20 events):
Event: 425303.792 GC heap after
{Heap after GC invocations=248984 (full 3994):
 PSYoungGen      total 5632K, used 2036K [0x00000000eab00000, 0x00000000eb580000, 0x0000000100000000)
  eden space 3584K, 0% used [0x00000000eab00000,0x00000000eab00000,0x00000000eae80000)
  from space 2048K, 99% used [0x00000000eb180000,0x00000000eb37d200,0x00000000eb380000)
  to   space 3072K, 0% used [0x00000000eae80000,0x00000000eae80000,0x00000000eb180000)
 ParOldGen       total 470528K, used 413318K [0x00000000c0000000, 0x00000000dcb80000, 0x00000000eab00000)
  object space 470528K, 87% used [0x00000000c0000000,0x00000000d93a1ac8,0x00000000dcb80000)
 Metaspace       used 105360K, committed 106944K, reserved 1179648K
  class space    used 10275K, committed 11072K, reserved 1048576K
}
Event: 425303.797 GC heap before
{Heap before GC invocations=248985 (full 3994):
 PSYoungGen      total 5632K, used 5620K [0x00000000eab00000, 0x00000000eb580000, 0x0000000100000000)
  eden space 3584K, 100% used [0x00000000eab00000,0x00000000eae80000,0x00000000eae80000)
  from space 2048K, 99% used [0x00000000eb180000,0x00000000eb37d200,0x00000000eb380000)
  to   space 3072K, 0% used [0x00000000eae80000,0x00000000eae80000,0x00000000eb180000)
 ParOldGen       total 470528K, used 413318K [0x00000000c0000000, 0x00000000dcb80000, 0x00000000eab00000)
  object space 470528K, 87% used [0x00000000c0000000,0x00000000d93a1ac8,0x00000000dcb80000)
 Metaspace       used 105360K, committed 106944K, reserved 1179648K
  class space    used 10275K, committed 11072K, reserved 1048576K
}
Event: 425303.799 GC heap after
{Heap after GC invocations=248985 (full 3994):
 PSYoungGen      total 6656K, used 3055K [0x00000000eab00000, 0x00000000eb880000, 0x0000000100000000)
  eden space 3584K, 0% used [0x00000000eab00000,0x00000000eab00000,0x00000000eae80000)
  from space 3072K, 99% used [0x00000000eae80000,0x00000000eb17bcb8,0x00000000eb180000)
  to   space 5120K, 0% used [0x00000000eb380000,0x00000000eb380000,0x00000000eb880000)
 ParOldGen       total 470528K, used 414978K [0x00000000c0000000, 0x00000000dcb80000, 0x00000000eab00000)
  object space 470528K, 88% used [0x00000000c0000000,0x00000000d9540b30,0x00000000dcb80000)
 Metaspace       used 105360K, committed 106944K, reserved 1179648K
  class space    used 10275K, committed 11072K, reserved 1048576K
}
Event: 425303.804 GC heap before
{Heap before GC invocations=248986 (full 3994):
 PSYoungGen      total 6656K, used 6639K [0x00000000eab00000, 0x00000000eb880000, 0x0000000100000000)
  eden space 3584K, 100% used [0x00000000eab00000,0x00000000eae80000,0x00000000eae80000)
  from space 3072K, 99% used [0x00000000eae80000,0x00000000eb17bcb8,0x00000000eb180000)
  to   space 5120K, 0% used [0x00000000eb380000,0x00000000eb380000,0x00000000eb880000)
 ParOldGen       total 470528K, used 414978K [0x00000000c0000000, 0x00000000dcb80000, 0x00000000eab00000)
  object space 470528K, 88% used [0x00000000c0000000,0x00000000d9540b30,0x00000000dcb80000)
 Metaspace       used 105360K, committed 106944K, reserved 1179648K
  class space    used 10275K, committed 11072K, reserved 1048576K
}
Event: 425303.805 GC heap after
{Heap after GC invocations=248986 (full 3994):
 PSYoungGen      total 6656K, used 2847K [0x00000000eab00000, 0x00000000eb680000, 0x0000000100000000)
  eden space 3584K, 0% used [0x00000000eab00000,0x00000000eab00000,0x00000000eae80000)
  from space 3072K, 92% used [0x00000000eb380000,0x00000000eb647ca8,0x00000000eb680000)
  to   space 3584K, 0% used [0x00000000eaf80000,0x00000000eaf80000,0x00000000eb300000)
 ParOldGen       total 470528K, used 416636K [0x00000000c0000000, 0x00000000dcb80000, 0x00000000eab00000)
  object space 470528K, 88% used [0x00000000c0000000,0x00000000d96df360,0x00000000dcb80000)
 Metaspace       used 105360K, committed 106944K, reserved 1179648K
  class space    used 10275K, committed 11072K, reserved 1048576K
}
Event: 425303.811 GC heap before
{Heap before GC invocations=248987 (full 3994):
 PSYoungGen      total 6656K, used 6431K [0x00000000eab00000, 0x00000000eb680000, 0x0000000100000000)
  eden space 3584K, 100% used [0x00000000eab00000,0x00000000eae80000,0x00000000eae80000)
  from space 3072K, 92% used [0x00000000eb380000,0x00000000eb647ca8,0x00000000eb680000)
  to   space 3584K, 0% used [0x00000000eaf80000,0x00000000eaf80000,0x00000000eb300000)
 ParOldGen       total 470528K, used 416636K [0x00000000c0000000, 0x00000000dcb80000, 0x00000000eab00000)
  object space 470528K, 88% used [0x00000000c0000000,0x00000000d96df360,0x00000000dcb80000)
 Metaspace       used 105360K, committed 106944K, reserved 1179648K
  class space    used 10275K, committed 11072K, reserved 1048576K
}
Event: 425303.812 GC heap after
{Heap after GC invocations=248987 (full 3994):
 PSYoungGen      total 4608K, used 698K [0x00000000eab00000, 0x00000000eb400000, 0x0000000100000000)
  eden space 3584K, 0% used [0x00000000eab00000,0x00000000eab00000,0x00000000eae80000)
  from space 1024K, 68% used [0x00000000eaf80000,0x00000000eb02ea38,0x00000000eb080000)
  to   space 2048K, 0% used [0x00000000eb200000,0x00000000eb200000,0x00000000eb400000)
 ParOldGen       total 470528K, used 416941K [0x00000000c0000000, 0x00000000dcb80000, 0x00000000eab00000)
  object space 470528K, 88% used [0x00000000c0000000,0x00000000d972b498,0x00000000dcb80000)
 Metaspace       used 105360K, committed 106944K, reserved 1179648K
  class space    used 10275K, committed 11072K, reserved 1048576K
}
Event: 425303.815 GC heap before
{Heap before GC invocations=248988 (full 3994):
 PSYoungGen      total 4608K, used 4282K [0x00000000eab00000, 0x00000000eb400000, 0x0000000100000000)
  eden space 3584K, 100% used [0x00000000eab00000,0x00000000eae80000,0x00000000eae80000)
  from space 1024K, 68% used [0x00000000eaf80000,0x00000000eb02ea38,0x00000000eb080000)
  to   space 2048K, 0% used [0x00000000eb200000,0x00000000eb200000,0x00000000eb400000)
 ParOldGen       total 470528K, used 416941K [0x00000000c0000000, 0x00000000dcb80000, 0x00000000eab00000)
  object space 470528K, 88% used [0x00000000c0000000,0x00000000d972b498,0x00000000dcb80000)
 Metaspace       used 105360K, committed 106944K, reserved 1179648K
  class space    used 10275K, committed 11072K, reserved 1048576K
}
Event: 425303.816 GC heap after
{Heap after GC invocations=248988 (full 3994):
 PSYoungGen      total 4608K, used 576K [0x00000000eab00000, 0x00000000eb300000, 0x0000000100000000)
  eden space 3584K, 0% used [0x00000000eab00000,0x00000000eab00000,0x00000000eae80000)
  from space 1024K, 56% used [0x00000000eb200000,0x00000000eb290000,0x00000000eb300000)
  to   space 1024K, 0% used [0x00000000eaf80000,0x00000000eaf80000,0x00000000eb080000)
 ParOldGen       total 470528K, used 417484K [0x00000000c0000000, 0x00000000dcb80000, 0x00000000eab00000)
  object space 470528K, 88% used [0x00000000c0000000,0x00000000d97b3348,0x00000000dcb80000)
 Metaspace       used 105360K, committed 106944K, reserved 1179648K
  class space    used 10275K, committed 11072K, reserved 1048576K
}
Event: 425303.824 GC heap before
{Heap before GC invocations=248989 (full 3994):
 PSYoungGen      total 4608K, used 4160K [0x00000000eab00000, 0x00000000eb300000, 0x0000000100000000)
  eden space 3584K, 100% used [0x00000000eab00000,0x00000000eae80000,0x00000000eae80000)
  from space 1024K, 56% used [0x00000000eb200000,0x00000000eb290000,0x00000000eb300000)
  to   space 1024K, 0% used [0x00000000eaf80000,0x00000000eaf80000,0x00000000eb080000)
 ParOldGen       total 470528K, used 417484K [0x00000000c0000000, 0x00000000dcb80000, 0x00000000eab00000)
  object space 470528K, 88% used [0x00000000c0000000,0x00000000d97b3348,0x00000000dcb80000)
 Metaspace       used 105360K, committed 106944K, reserved 1179648K
  class space    used 10275K, committed 11072K, reserved 1048576K
}
Event: 425303.825 GC heap after
{Heap after GC invocations=248989 (full 3994):
 PSYoungGen      total 4608K, used 1024K [0x00000000eab00000, 0x00000000eb280000, 0x0000000100000000)
  eden space 3584K, 0% used [0x00000000eab00000,0x00000000eab00000,0x00000000eae80000)
  from space 1024K, 100% used [0x00000000eaf80000,0x00000000eb080000,0x00000000eb080000)
  to   space 2048K, 0% used [0x00000000eb080000,0x00000000eb080000,0x00000000eb280000)
 ParOldGen       total 470528K, used 417924K [0x00000000c0000000, 0x00000000dcb80000, 0x00000000eab00000)
  object space 470528K, 88% used [0x00000000c0000000,0x00000000d98211b0,0x00000000dcb80000)
 Metaspace       used 105360K, committed 106944K, reserved 1179648K
  class space    used 10275K, committed 11072K, reserved 1048576K
}
Event: 425303.840 GC heap before
{Heap before GC invocations=248990 (full 3994):
 PSYoungGen      total 4608K, used 4608K [0x00000000eab00000, 0x00000000eb280000, 0x0000000100000000)
  eden space 3584K, 100% used [0x00000000eab00000,0x00000000eae80000,0x00000000eae80000)
  from space 1024K, 100% used [0x00000000eaf80000,0x00000000eb080000,0x00000000eb080000)
  to   space 2048K, 0% used [0x00000000eb080000,0x00000000eb080000,0x00000000eb280000)
 ParOldGen       total 470528K, used 417924K [0x00000000c0000000, 0x00000000dcb80000, 0x00000000eab00000)
  object space 470528K, 88% used [0x00000000c0000000,0x00000000d98211b0,0x00000000dcb80000)
 Metaspace       used 105360K, committed 106944K, reserved 1179648K
  class space    used 10275K, committed 11072K, reserved 1048576K
}
Event: 425303.841 GC heap after
{Heap after GC invocations=248990 (full 3994):
 PSYoungGen      total 5120K, used 1088K [0x00000000eab00000, 0x00000000eb200000, 0x0000000100000000)
  eden space 3584K, 0% used [0x00000000eab00000,0x00000000eab00000,0x00000000eae80000)
  from space 1536K, 70% used [0x00000000eb080000,0x00000000eb190000,0x00000000eb200000)
  to   space 1536K, 0% used [0x00000000eaf00000,0x00000000eaf00000,0x00000000eb080000)
 ParOldGen       total 470528K, used 418732K [0x00000000c0000000, 0x00000000dcb80000, 0x00000000eab00000)
  object space 470528K, 88% used [0x00000000c0000000,0x00000000d98eb1b0,0x00000000dcb80000)
 Metaspace       used 105360K, committed 106944K, reserved 1179648K
  class space    used 10275K, committed 11072K, reserved 1048576K
}
Event: 425303.847 GC heap before
{Heap before GC invocations=248991 (full 3994):
 PSYoungGen      total 5120K, used 4672K [0x00000000eab00000, 0x00000000eb200000, 0x0000000100000000)
  eden space 3584K, 100% used [0x00000000eab00000,0x00000000eae80000,0x00000000eae80000)
  from space 1536K, 70% used [0x00000000eb080000,0x00000000eb190000,0x00000000eb200000)
  to   space 1536K, 0% used [0x00000000eaf00000,0x00000000eaf00000,0x00000000eb080000)
 ParOldGen       total 470528K, used 418732K [0x00000000c0000000, 0x00000000dcb80000, 0x00000000eab00000)
  object space 470528K, 88% used [0x00000000c0000000,0x00000000d98eb1b0,0x00000000dcb80000)
 Metaspace       used 105360K, committed 106944K, reserved 1179648K
  class space    used 10275K, committed 11072K, reserved 1048576K
}
Event: 425303.848 GC heap after
{Heap after GC invocations=248991 (full 3994):
 PSYoungGen      total 4608K, used 928K [0x00000000eab00000, 0x00000000eb100000, 0x0000000100000000)
  eden space 3584K, 0% used [0x00000000eab00000,0x00000000eab00000,0x00000000eae80000)
  from space 1024K, 90% used [0x00000000eaf00000,0x00000000eafe8000,0x00000000eb000000)
  to   space 1024K, 0% used [0x00000000eb000000,0x00000000eb000000,0x00000000eb100000)
 ParOldGen       total 470528K, used 419596K [0x00000000c0000000, 0x00000000dcb80000, 0x00000000eab00000)
  object space 470528K, 89% used [0x00000000c0000000,0x00000000d99c3368,0x00000000dcb80000)
 Metaspace       used 105360K, committed 106944K, reserved 1179648K
  class space    used 10275K, committed 11072K, reserved 1048576K
}
Event: 425303.852 GC heap before
{Heap before GC invocations=248992 (full 3994):
 PSYoungGen      total 4608K, used 4512K [0x00000000eab00000, 0x00000000eb100000, 0x0000000100000000)
  eden space 3584K, 100% used [0x00000000eab00000,0x00000000eae80000,0x00000000eae80000)
  from space 1024K, 90% used [0x00000000eaf00000,0x00000000eafe8000,0x00000000eb000000)
  to   space 1024K, 0% used [0x00000000eb000000,0x00000000eb000000,0x00000000eb100000)
 ParOldGen       total 470528K, used 419596K [0x00000000c0000000, 0x00000000dcb80000, 0x00000000eab00000)
  object space 470528K, 89% used [0x00000000c0000000,0x00000000d99c3368,0x00000000dcb80000)
 Metaspace       used 105360K, committed 106944K, reserved 1179648K
  class space    used 10275K, committed 11072K, reserved 1048576K
}
Event: 425303.854 GC heap after
{Heap after GC invocations=248992 (full 3994):
 PSYoungGen      total 3584K, used 1006K [0x00000000eab00000, 0x00000000eb380000, 0x0000000100000000)
  eden space 2560K, 0% used [0x00000000eab00000,0x00000000eab00000,0x00000000ead80000)
  from space 1024K, 98% used [0x00000000eb000000,0x00000000eb0fbb80,0x00000000eb100000)
  to   space 2560K, 0% used [0x00000000ead80000,0x00000000ead80000,0x00000000eb000000)
 ParOldGen       total 470528K, used 420865K [0x00000000c0000000, 0x00000000dcb80000, 0x00000000eab00000)
  object space 470528K, 89% used [0x00000000c0000000,0x00000000d9b00608,0x00000000dcb80000)
 Metaspace       used 105360K, committed 106944K, reserved 1179648K
  class space    used 10275K, committed 11072K, reserved 1048576K
}
Event: 425303.857 GC heap before
{Heap before GC invocations=248993 (full 3994):
 PSYoungGen      total 3584K, used 3566K [0x00000000eab00000, 0x00000000eb380000, 0x0000000100000000)
  eden space 2560K, 100% used [0x00000000eab00000,0x00000000ead80000,0x00000000ead80000)
  from space 1024K, 98% used [0x00000000eb000000,0x00000000eb0fbb80,0x00000000eb100000)
  to   space 2560K, 0% used [0x00000000ead80000,0x00000000ead80000,0x00000000eb000000)
 ParOldGen       total 470528K, used 420865K [0x00000000c0000000, 0x00000000dcb80000, 0x00000000eab00000)
  object space 470528K, 89% used [0x00000000c0000000,0x00000000d9b00608,0x00000000dcb80000)
 Metaspace       used 105360K, committed 106944K, reserved 1179648K
  class space    used 10275K, committed 11072K, reserved 1048576K
}
Event: 425303.858 GC heap after
{Heap after GC invocations=248993 (full 3994):
 PSYoungGen      total 5120K, used 2560K [0x00000000eab00000, 0x00000000eb600000, 0x0000000100000000)
  eden space 2560K, 0% used [0x00000000eab00000,0x00000000eab00000,0x00000000ead80000)
  from space 2560K, 100% used [0x00000000ead80000,0x00000000eb000000,0x00000000eb000000)
  to   space 4096K, 0% used [0x00000000eb200000,0x00000000eb200000,0x00000000eb600000)
 ParOldGen       total 470528K, used 421976K [0x00000000c0000000, 0x00000000dcb80000, 0x00000000eab00000)
  object space 470528K, 89% used [0x00000000c0000000,0x00000000d9c16188,0x00000000dcb80000)
 Metaspace       used 105360K, committed 106944K, reserved 1179648K
  class space    used 10275K, committed 11072K, reserved 1048576K
}
Event: 425303.862 GC heap before
{Heap before GC invocations=248994 (full 3994):
 PSYoungGen      total 5120K, used 5120K [0x00000000eab00000, 0x00000000eb600000, 0x0000000100000000)
  eden space 2560K, 100% used [0x00000000eab00000,0x00000000ead80000,0x00000000ead80000)
  from space 2560K, 100% used [0x00000000ead80000,0x00000000eb000000,0x00000000eb000000)
  to   space 4096K, 0% used [0x00000000eb200000,0x00000000eb200000,0x00000000eb600000)
 ParOldGen       total 470528K, used 421976K [0x00000000c0000000, 0x00000000dcb80000, 0x00000000eab00000)
  object space 470528K, 89% used [0x00000000c0000000,0x00000000d9c16188,0x00000000dcb80000)
 Metaspace       used 105360K, committed 106944K, reserved 1179648K
  class space    used 10275K, committed 11072K, reserved 1048576K
}

