# JRE version: Java(TM) SE Runtime Environment (18.0.2+9) (build 18.0.2+9-61)
# Java VM: Java HotSpot(TM) 64-Bit Server VM (18.0.2+9-61, mixed mode, sharing, tiered, compressed oops, compressed class ptrs, parallel gc, windows-amd64)
GC Precious Log:
 CardTable entry size: 512
 CPUs: 20 total, 20 available
 Memory: 65404M
 Large Page Support: Disabled
 NUMA Support: Disabled
 Compressed Oops: Enabled (32-bit)
 Alignments: Space 512K, Generation 512K, Heap 2M
 Heap Min Capacity: 100M
 Heap Initial Capacity: 100M
 Heap Max Capacity: 1G
 Pre-touch: Disabled
 Parallel Workers: 15
Heap:
 PSYoungGen      total 3072K, used 2624K [0x00000000eab00000, 0x00000000eaf80000, 0x0000000100000000)
  eden space 2048K, 100% used [0x00000000eab00000,0x00000000ead00000,0x00000000ead00000)
  from space 1024K, 56% used [0x00000000ead00000,0x00000000ead90000,0x00000000eae00000)
  to   space 1024K, 61% used [0x00000000eae80000,0x00000000eaf1dff0,0x00000000eaf80000)
 ParOldGen       total 320000K, used 316912K [0x00000000c0000000, 0x00000000d3880000, 0x00000000eab00000)
  object space 320000K, 99% used [0x00000000c0000000,0x00000000d357c180,0x00000000d3880000)
 Metaspace       used 103849K, committed 105344K, reserved 1179648K
  class space    used 10690K, committed 11456K, reserved 1048576K
GC Heap History (20 events):
Event: 108792.531 GC heap after
{Heap after GC invocations=83875 (full 1754):
 PSYoungGen      total 3584K, used 704K [0x00000000eab00000, 0x00000000eb000000, 0x0000000100000000)
  eden space 2560K, 0% used [0x00000000eab00000,0x00000000eab00000,0x00000000ead80000)
  from space 1024K, 68% used [0x00000000eaf00000,0x00000000eafb0000,0x00000000eb000000)
  to   space 1024K, 0% used [0x00000000eae00000,0x00000000eae00000,0x00000000eaf00000)
 ParOldGen       total 320000K, used 311409K [0x00000000c0000000, 0x00000000d3880000, 0x00000000eab00000)
  object space 320000K, 97% used [0x00000000c0000000,0x00000000d301c788,0x00000000d3880000)
 Metaspace       used 103849K, committed 105344K, reserved 1179648K
  class space    used 10690K, committed 11456K, reserved 1048576K
}
Event: 108792.535 GC heap before
{Heap before GC invocations=83876 (full 1754):
 PSYoungGen      total 3584K, used 3264K [0x00000000eab00000, 0x00000000eb000000, 0x0000000100000000)
  eden space 2560K, 100% used [0x00000000eab00000,0x00000000ead80000,0x00000000ead80000)
  from space 1024K, 68% used [0x00000000eaf00000,0x00000000eafb0000,0x00000000eb000000)
  to   space 1024K, 0% used [0x00000000eae00000,0x00000000eae00000,0x00000000eaf00000)
 ParOldGen       total 320000K, used 311409K [0x00000000c0000000, 0x00000000d3880000, 0x00000000eab00000)
  object space 320000K, 97% used [0x00000000c0000000,0x00000000d301c788,0x00000000d3880000)
 Metaspace       used 103849K, committed 105344K, reserved 1179648K
  class space    used 10690K, committed 11456K, reserved 1048576K
}
Event: 108792.536 GC heap after
{Heap after GC invocations=83876 (full 1754):
 PSYoungGen      total 3584K, used 995K [0x00000000eab00000, 0x00000000eb280000, 0x0000000100000000)
  eden space 2560K, 0% used [0x00000000eab00000,0x00000000eab00000,0x00000000ead80000)
  from space 1024K, 97% used [0x00000000eae00000,0x00000000eaef8e10,0x00000000eaf00000)
  to   space 2560K, 0% used [0x00000000eb000000,0x00000000eb000000,0x00000000eb280000)
 ParOldGen       total 320000K, used 312290K [0x00000000c0000000, 0x00000000d3880000, 0x00000000eab00000)
  object space 320000K, 97% used [0x00000000c0000000,0x00000000d30f8850,0x00000000d3880000)
 Metaspace       used 103849K, committed 105344K, reserved 1179648K
  class space    used 10690K, committed 11456K, reserved 1048576K
}
Event: 108792.542 GC heap before
{Heap before GC invocations=83877 (full 1754):
 PSYoungGen      total 3584K, used 3555K [0x00000000eab00000, 0x00000000eb280000, 0x0000000100000000)
  eden space 2560K, 100% used [0x00000000eab00000,0x00000000ead80000,0x00000000ead80000)
  from space 1024K, 97% used [0x00000000eae00000,0x00000000eaef8e10,0x00000000eaf00000)
  to   space 2560K, 0% used [0x00000000eb000000,0x00000000eb000000,0x00000000eb280000)
 ParOldGen       total 320000K, used 312290K [0x00000000c0000000, 0x00000000d3880000, 0x00000000eab00000)
  object space 320000K, 97% used [0x00000000c0000000,0x00000000d30f8850,0x00000000d3880000)
 Metaspace       used 103849K, committed 105344K, reserved 1179648K
  class space    used 10690K, committed 11456K, reserved 1048576K
}
Event: 108792.543 GC heap after
{Heap after GC invocations=83877 (full 1754):
 PSYoungGen      total 3584K, used 704K [0x00000000eab00000, 0x00000000eb100000, 0x0000000100000000)
  eden space 2560K, 0% used [0x00000000eab00000,0x00000000eab00000,0x00000000ead80000)
  from space 1024K, 68% used [0x00000000eb000000,0x00000000eb0b03d0,0x00000000eb100000)
  to   space 1536K, 0% used [0x00000000eae00000,0x00000000eae00000,0x00000000eaf80000)
 ParOldGen       total 320000K, used 312754K [0x00000000c0000000, 0x00000000d3880000, 0x00000000eab00000)
  object space 320000K, 97% used [0x00000000c0000000,0x00000000d316c850,0x00000000d3880000)
 Metaspace       used 103849K, committed 105344K, reserved 1179648K
  class space    used 10690K, committed 11456K, reserved 1048576K
}
Event: 108792.556 GC heap before
{Heap before GC invocations=83878 (full 1754):
 PSYoungGen      total 3584K, used 3264K [0x00000000eab00000, 0x00000000eb100000, 0x0000000100000000)
  eden space 2560K, 100% used [0x00000000eab00000,0x00000000ead80000,0x00000000ead80000)
  from space 1024K, 68% used [0x00000000eb000000,0x00000000eb0b03d0,0x00000000eb100000)
  to   space 1536K, 0% used [0x00000000eae00000,0x00000000eae00000,0x00000000eaf80000)
 ParOldGen       total 320000K, used 312754K [0x00000000c0000000, 0x00000000d3880000, 0x00000000eab00000)
  object space 320000K, 97% used [0x00000000c0000000,0x00000000d316c850,0x00000000d3880000)
 Metaspace       used 103849K, committed 105344K, reserved 1179648K
  class space    used 10690K, committed 11456K, reserved 1048576K
}
Event: 108792.557 GC heap after
{Heap after GC invocations=83878 (full 1754):
 PSYoungGen      total 4096K, used 883K [0x00000000eab00000, 0x00000000eb080000, 0x0000000100000000)
  eden space 2560K, 0% used [0x00000000eab00000,0x00000000eab00000,0x00000000ead80000)
  from space 1536K, 57% used [0x00000000eae00000,0x00000000eaedcf90,0x00000000eaf80000)
  to   space 1024K, 0% used [0x00000000eaf80000,0x00000000eaf80000,0x00000000eb080000)
 ParOldGen       total 320000K, used 313137K [0x00000000c0000000, 0x00000000d3880000, 0x00000000eab00000)
  object space 320000K, 97% used [0x00000000c0000000,0x00000000d31cc560,0x00000000d3880000)
 Metaspace       used 103849K, committed 105344K, reserved 1179648K
  class space    used 10690K, committed 11456K, reserved 1048576K
}
Event: 108792.565 GC heap before
{Heap before GC invocations=83879 (full 1754):
 PSYoungGen      total 4096K, used 3443K [0x00000000eab00000, 0x00000000eb080000, 0x0000000100000000)
  eden space 2560K, 100% used [0x00000000eab00000,0x00000000ead80000,0x00000000ead80000)
  from space 1536K, 57% used [0x00000000eae00000,0x00000000eaedcf90,0x00000000eaf80000)
  to   space 1024K, 0% used [0x00000000eaf80000,0x00000000eaf80000,0x00000000eb080000)
 ParOldGen       total 320000K, used 313137K [0x00000000c0000000, 0x00000000d3880000, 0x00000000eab00000)
  object space 320000K, 97% used [0x00000000c0000000,0x00000000d31cc560,0x00000000d3880000)
 Metaspace       used 103849K, committed 105344K, reserved 1179648K
  class space    used 10690K, committed 11456K, reserved 1048576K
}
Event: 108792.566 GC heap after
{Heap after GC invocations=83879 (full 1754):
 PSYoungGen      total 1536K, used 1013K [0x00000000eab00000, 0x00000000eb580000, 0x0000000100000000)
  eden space 512K, 0% used [0x00000000eab00000,0x00000000eab00000,0x00000000eab80000)
  from space 1024K, 98% used [0x00000000eaf80000,0x00000000eb07d640,0x00000000eb080000)
  to   space 4096K, 0% used [0x00000000eab80000,0x00000000eab80000,0x00000000eaf80000)
 ParOldGen       total 320000K, used 315466K [0x00000000c0000000, 0x00000000d3880000, 0x00000000eab00000)
  object space 320000K, 98% used [0x00000000c0000000,0x00000000d34129a8,0x00000000d3880000)
 Metaspace       used 103849K, committed 105344K, reserved 1179648K
  class space    used 10690K, committed 11456K, reserved 1048576K
}
Event: 108792.566 GC heap before
{Heap before GC invocations=83880 (full 1754):
 PSYoungGen      total 1536K, used 1525K [0x00000000eab00000, 0x00000000eb580000, 0x0000000100000000)
  eden space 512K, 99% used [0x00000000eab00000,0x00000000eab7ffd0,0x00000000eab80000)
  from space 1024K, 98% used [0x00000000eaf80000,0x00000000eb07d640,0x00000000eb080000)
  to   space 4096K, 0% used [0x00000000eab80000,0x00000000eab80000,0x00000000eaf80000)
 ParOldGen       total 320000K, used 315466K [0x00000000c0000000, 0x00000000d3880000, 0x00000000eab00000)
  object space 320000K, 98% used [0x00000000c0000000,0x00000000d34129a8,0x00000000d3880000)
 Metaspace       used 103849K, committed 105344K, reserved 1179648K
  class space    used 10690K, committed 11456K, reserved 1048576K
}
Event: 108792.567 GC heap after
{Heap after GC invocations=83880 (full 1754):
 PSYoungGen      total 1024K, used 416K [0x00000000eab00000, 0x00000000eb000000, 0x0000000100000000)
  eden space 512K, 0% used [0x00000000eab00000,0x00000000eab00000,0x00000000eab80000)
  from space 512K, 81% used [0x00000000eab80000,0x00000000eabe8000,0x00000000eac00000)
  to   space 1536K, 0% used [0x00000000eae80000,0x00000000eae80000,0x00000000eb000000)
 ParOldGen       total 320000K, used 316096K [0x00000000c0000000, 0x00000000d3880000, 0x00000000eab00000)
  object space 320000K, 98% used [0x00000000c0000000,0x00000000d34b0180,0x00000000d3880000)
 Metaspace       used 103849K, committed 105344K, reserved 1179648K
  class space    used 10690K, committed 11456K, reserved 1048576K
}
Event: 108792.568 GC heap before
{Heap before GC invocations=83881 (full 1754):
 PSYoungGen      total 1024K, used 928K [0x00000000eab00000, 0x00000000eb000000, 0x0000000100000000)
  eden space 512K, 100% used [0x00000000eab00000,0x00000000eab80000,0x00000000eab80000)
  from space 512K, 81% used [0x00000000eab80000,0x00000000eabe8000,0x00000000eac00000)
  to   space 1536K, 0% used [0x00000000eae80000,0x00000000eae80000,0x00000000eb000000)
 ParOldGen       total 320000K, used 316096K [0x00000000c0000000, 0x00000000d3880000, 0x00000000eab00000)
  object space 320000K, 98% used [0x00000000c0000000,0x00000000d34b0180,0x00000000d3880000)
 Metaspace       used 103849K, committed 105344K, reserved 1179648K
  class space    used 10690K, committed 11456K, reserved 1048576K
}
Event: 108792.568 GC heap after
{Heap after GC invocations=83881 (full 1754):
 PSYoungGen      total 1536K, used 192K [0x00000000eab00000, 0x00000000eaf00000, 0x0000000100000000)
  eden space 1024K, 0% used [0x00000000eab00000,0x00000000eab00000,0x00000000eac00000)
  from space 512K, 37% used [0x00000000eae80000,0x00000000eaeb0000,0x00000000eaf00000)
  to   space 512K, 0% used [0x00000000eae00000,0x00000000eae00000,0x00000000eae80000)
 ParOldGen       total 320000K, used 316232K [0x00000000c0000000, 0x00000000d3880000, 0x00000000eab00000)
  object space 320000K, 98% used [0x00000000c0000000,0x00000000d34d2180,0x00000000d3880000)
 Metaspace       used 103849K, committed 105344K, reserved 1179648K
  class space    used 10690K, committed 11456K, reserved 1048576K
}
Event: 108792.570 GC heap before
{Heap before GC invocations=83882 (full 1754):
 PSYoungGen      total 1536K, used 1212K [0x00000000eab00000, 0x00000000eaf00000, 0x0000000100000000)
  eden space 1024K, 99% used [0x00000000eab00000,0x00000000eabff270,0x00000000eac00000)
  from space 512K, 37% used [0x00000000eae80000,0x00000000eaeb0000,0x00000000eaf00000)
  to   space 512K, 0% used [0x00000000eae00000,0x00000000eae00000,0x00000000eae80000)
 ParOldGen       total 320000K, used 316232K [0x00000000c0000000, 0x00000000d3880000, 0x00000000eab00000)
  object space 320000K, 98% used [0x00000000c0000000,0x00000000d34d2180,0x00000000d3880000)
 Metaspace       used 103849K, committed 105344K, reserved 1179648K
  class space    used 10690K, committed 11456K, reserved 1048576K
}
Event: 108792.571 GC heap after
{Heap after GC invocations=83882 (full 1754):
 PSYoungGen      total 2048K, used 512K [0x00000000eab00000, 0x00000000eaf00000, 0x0000000100000000)
  eden space 1536K, 0% used [0x00000000eab00000,0x00000000eab00000,0x00000000eac80000)
  from space 512K, 100% used [0x00000000eae00000,0x00000000eae80000,0x00000000eae80000)
  to   space 512K, 0% used [0x00000000eae80000,0x00000000eae80000,0x00000000eaf00000)
 ParOldGen       total 320000K, used 316256K [0x00000000c0000000, 0x00000000d3880000, 0x00000000eab00000)
  object space 320000K, 98% used [0x00000000c0000000,0x00000000d34d8180,0x00000000d3880000)
 Metaspace       used 103849K, committed 105344K, reserved 1179648K
  class space    used 10690K, committed 11456K, reserved 1048576K
}
Event: 108792.574 GC heap before
{Heap before GC invocations=83883 (full 1754):
 PSYoungGen      total 2048K, used 2048K [0x00000000eab00000, 0x00000000eaf00000, 0x0000000100000000)
  eden space 1536K, 100% used [0x00000000eab00000,0x00000000eac80000,0x00000000eac80000)
  from space 512K, 100% used [0x00000000eae00000,0x00000000eae80000,0x00000000eae80000)
  to   space 512K, 0% used [0x00000000eae80000,0x00000000eae80000,0x00000000eaf00000)
 ParOldGen       total 320000K, used 316256K [0x00000000c0000000, 0x00000000d3880000, 0x00000000eab00000)
  object space 320000K, 98% used [0x00000000c0000000,0x00000000d34d8180,0x00000000d3880000)
 Metaspace       used 103849K, committed 105344K, reserved 1179648K
  class space    used 10690K, committed 11456K, reserved 1048576K
}
Event: 108792.574 GC heap after
{Heap after GC invocations=83883 (full 1754):
 PSYoungGen      total 2560K, used 512K [0x00000000eab00000, 0x00000000eaf00000, 0x0000000100000000)
  eden space 2048K, 0% used [0x00000000eab00000,0x00000000eab00000,0x00000000ead00000)
  from space 512K, 100% used [0x00000000eae80000,0x00000000eaf00000,0x00000000eaf00000)
  to   space 1024K, 0% used [0x00000000ead00000,0x00000000ead00000,0x00000000eae00000)
 ParOldGen       total 320000K, used 316424K [0x00000000c0000000, 0x00000000d3880000, 0x00000000eab00000)
  object space 320000K, 98% used [0x00000000c0000000,0x00000000d3502180,0x00000000d3880000)
 Metaspace       used 103849K, committed 105344K, reserved 1179648K
  class space    used 10690K, committed 11456K, reserved 1048576K
}
Event: 108792.578 GC heap before
{Heap before GC invocations=83884 (full 1754):
 PSYoungGen      total 2560K, used 2560K [0x00000000eab00000, 0x00000000eaf00000, 0x0000000100000000)
  eden space 2048K, 100% used [0x00000000eab00000,0x00000000ead00000,0x00000000ead00000)
  from space 512K, 100% used [0x00000000eae80000,0x00000000eaf00000,0x00000000eaf00000)
  to   space 1024K, 0% used [0x00000000ead00000,0x00000000ead00000,0x00000000eae00000)
 ParOldGen       total 320000K, used 316424K [0x00000000c0000000, 0x00000000d3880000, 0x00000000eab00000)
  object space 320000K, 98% used [0x00000000c0000000,0x00000000d3502180,0x00000000d3880000)
 Metaspace       used 103849K, committed 105344K, reserved 1179648K
  class space    used 10690K, committed 11456K, reserved 1048576K
}
Event: 108792.578 GC heap after
{Heap after GC invocations=83884 (full 1754):
 PSYoungGen      total 3072K, used 576K [0x00000000eab00000, 0x00000000eaf80000, 0x0000000100000000)
  eden space 2048K, 0% used [0x00000000eab00000,0x00000000eab00000,0x00000000ead00000)
  from space 1024K, 56% used [0x00000000ead00000,0x00000000ead90000,0x00000000eae00000)
  to   space 1024K, 0% used [0x00000000eae80000,0x00000000eae80000,0x00000000eaf80000)
 ParOldGen       total 320000K, used 316648K [0x00000000c0000000, 0x00000000d3880000, 0x00000000eab00000)
  object space 320000K, 98% used [0x00000000c0000000,0x00000000d353a180,0x00000000d3880000)
 Metaspace       used 103849K, committed 105344K, reserved 1179648K
  class space    used 10690K, committed 11456K, reserved 1048576K
}
Event: 108792.582 GC heap before
{Heap before GC invocations=83885 (full 1754):
 PSYoungGen      total 3072K, used 2624K [0x00000000eab00000, 0x00000000eaf80000, 0x0000000100000000)
  eden space 2048K, 100% used [0x00000000eab00000,0x00000000ead00000,0x00000000ead00000)
  from space 1024K, 56% used [0x00000000ead00000,0x00000000ead90000,0x00000000eae00000)
  to   space 1024K, 0% used [0x00000000eae80000,0x00000000eae80000,0x00000000eaf80000)
 ParOldGen       total 320000K, used 316648K [0x00000000c0000000, 0x00000000d3880000, 0x00000000eab00000)
  object space 320000K, 98% used [0x00000000c0000000,0x00000000d353a180,0x00000000d3880000)
 Metaspace       used 103849K, committed 105344K, reserved 1179648K
  class space    used 10690K, committed 11456K, reserved 1048576K
}

