# JRE version: Java(TM) SE Runtime Environment (18.0.2+9) (build 18.0.2+9-61)
# Java VM: Java HotSpot(TM) 64-Bit Server VM (18.0.2+9-61, mixed mode, sharing, tiered, compressed oops, compressed class ptrs, parallel gc, windows-amd64)
GC Precious Log:
 CardTable entry size: 512
 CPUs: 20 total, 20 available
 Memory: 65404M
 Large Page Support: Disabled
 NUMA Support: Disabled
 Compressed Oops: Enabled (32-bit)
 Alignments: Space 512K, Generation 512K, Heap 2M
 Heap Min Capacity: 100M
 Heap Initial Capacity: 100M
 Heap Max Capacity: 1G
 Pre-touch: Disabled
 Parallel Workers: 15
Heap:
 PSYoungGen      total 4096K, used 4096K [0x00000000eab00000, 0x00000000eb580000, 0x0000000100000000)
  eden space 2048K, 100% used [0x00000000eab00000,0x00000000ead00000,0x00000000ead00000)
  from space 2048K, 100% used [0x00000000ead00000,0x00000000eaf00000,0x00000000eaf00000)
  to   space 4096K, 57% used [0x00000000eb180000,0x00000000eb3c8000,0x00000000eb580000)
 ParOldGen       total 266240K, used 264928K [0x00000000c0000000, 0x00000000d0400000, 0x00000000eab00000)
  object space 266240K, 99% used [0x00000000c0000000,0x00000000d02b82d8,0x00000000d0400000)
 Metaspace       used 101216K, committed 102720K, reserved 1179648K
  class space    used 10337K, committed 11072K, reserved 1048576K
GC Heap History (20 events):
Event: 80967.907 GC heap after
{Heap after GC invocations=43225 (full 743):
 PSYoungGen      total 3072K, used 576K [0x00000000eab00000, 0x00000000eaf80000, 0x0000000100000000)
  eden space 2048K, 0% used [0x00000000eab00000,0x00000000eab00000,0x00000000ead00000)
  from space 1024K, 56% used [0x00000000eae80000,0x00000000eaf10000,0x00000000eaf80000)
  to   space 1024K, 0% used [0x00000000ead00000,0x00000000ead00000,0x00000000eae00000)
 ParOldGen       total 266240K, used 253382K [0x00000000c0000000, 0x00000000d0400000, 0x00000000eab00000)
  object space 266240K, 95% used [0x00000000c0000000,0x00000000cf771bd0,0x00000000d0400000)
 Metaspace       used 101216K, committed 102720K, reserved 1179648K
  class space    used 10337K, committed 11072K, reserved 1048576K
}
Event: 80967.913 GC heap before
{Heap before GC invocations=43226 (full 743):
 PSYoungGen      total 3072K, used 2618K [0x00000000eab00000, 0x00000000eaf80000, 0x0000000100000000)
  eden space 2048K, 99% used [0x00000000eab00000,0x00000000eacfe8b8,0x00000000ead00000)
  from space 1024K, 56% used [0x00000000eae80000,0x00000000eaf10000,0x00000000eaf80000)
  to   space 1024K, 0% used [0x00000000ead00000,0x00000000ead00000,0x00000000eae00000)
 ParOldGen       total 266240K, used 253382K [0x00000000c0000000, 0x00000000d0400000, 0x00000000eab00000)
  object space 266240K, 95% used [0x00000000c0000000,0x00000000cf771bd0,0x00000000d0400000)
 Metaspace       used 101216K, committed 102720K, reserved 1179648K
  class space    used 10337K, committed 11072K, reserved 1048576K
}
Event: 80967.913 GC heap after
{Heap after GC invocations=43226 (full 743):
 PSYoungGen      total 3072K, used 690K [0x00000000eab00000, 0x00000000eaf00000, 0x0000000100000000)
  eden space 2048K, 0% used [0x00000000eab00000,0x00000000eab00000,0x00000000ead00000)
  from space 1024K, 67% used [0x00000000ead00000,0x00000000eadac840,0x00000000eae00000)
  to   space 1024K, 0% used [0x00000000eae00000,0x00000000eae00000,0x00000000eaf00000)
 ParOldGen       total 266240K, used 253727K [0x00000000c0000000, 0x00000000d0400000, 0x00000000eab00000)
  object space 266240K, 95% used [0x00000000c0000000,0x00000000cf7c7e30,0x00000000d0400000)
 Metaspace       used 101216K, committed 102720K, reserved 1179648K
  class space    used 10337K, committed 11072K, reserved 1048576K
}
Event: 80967.915 GC heap before
{Heap before GC invocations=43227 (full 743):
 PSYoungGen      total 3072K, used 2738K [0x00000000eab00000, 0x00000000eaf00000, 0x0000000100000000)
  eden space 2048K, 100% used [0x00000000eab00000,0x00000000ead00000,0x00000000ead00000)
  from space 1024K, 67% used [0x00000000ead00000,0x00000000eadac840,0x00000000eae00000)
  to   space 1024K, 0% used [0x00000000eae00000,0x00000000eae00000,0x00000000eaf00000)
 ParOldGen       total 266240K, used 253727K [0x00000000c0000000, 0x00000000d0400000, 0x00000000eab00000)
  object space 266240K, 95% used [0x00000000c0000000,0x00000000cf7c7e30,0x00000000d0400000)
 Metaspace       used 101216K, committed 102720K, reserved 1179648K
  class space    used 10337K, committed 11072K, reserved 1048576K
}
Event: 80967.916 GC heap after
{Heap after GC invocations=43227 (full 743):
 PSYoungGen      total 1536K, used 1005K [0x00000000eab00000, 0x00000000eb280000, 0x0000000100000000)
  eden space 512K, 0% used [0x00000000eab00000,0x00000000eab00000,0x00000000eab80000)
  from space 1024K, 98% used [0x00000000eae00000,0x00000000eaefb668,0x00000000eaf00000)
  to   space 2560K, 0% used [0x00000000eab80000,0x00000000eab80000,0x00000000eae00000)
 ParOldGen       total 266240K, used 254971K [0x00000000c0000000, 0x00000000d0400000, 0x00000000eab00000)
  object space 266240K, 95% used [0x00000000c0000000,0x00000000cf8fec60,0x00000000d0400000)
 Metaspace       used 101216K, committed 102720K, reserved 1179648K
  class space    used 10337K, committed 11072K, reserved 1048576K
}
Event: 80967.917 GC heap before
{Heap before GC invocations=43228 (full 743):
 PSYoungGen      total 1536K, used 1517K [0x00000000eab00000, 0x00000000eb280000, 0x0000000100000000)
  eden space 512K, 100% used [0x00000000eab00000,0x00000000eab80000,0x00000000eab80000)
  from space 1024K, 98% used [0x00000000eae00000,0x00000000eaefb668,0x00000000eaf00000)
  to   space 2560K, 0% used [0x00000000eab80000,0x00000000eab80000,0x00000000eae00000)
 ParOldGen       total 266240K, used 254971K [0x00000000c0000000, 0x00000000d0400000, 0x00000000eab00000)
  object space 266240K, 95% used [0x00000000c0000000,0x00000000cf8fec60,0x00000000d0400000)
 Metaspace       used 101216K, committed 102720K, reserved 1179648K
  class space    used 10337K, committed 11072K, reserved 1048576K
}
Event: 80967.918 GC heap after
{Heap after GC invocations=43228 (full 743):
 PSYoungGen      total 1536K, used 736K [0x00000000eab00000, 0x00000000eaf00000, 0x0000000100000000)
  eden space 512K, 0% used [0x00000000eab00000,0x00000000eab00000,0x00000000eab80000)
  from space 1024K, 71% used [0x00000000eab80000,0x00000000eac38000,0x00000000eac80000)
  to   space 1536K, 0% used [0x00000000ead80000,0x00000000ead80000,0x00000000eaf00000)
 ParOldGen       total 266240K, used 256024K [0x00000000c0000000, 0x00000000d0400000, 0x00000000eab00000)
  object space 266240K, 96% used [0x00000000c0000000,0x00000000cfa062d8,0x00000000d0400000)
 Metaspace       used 101216K, committed 102720K, reserved 1179648K
  class space    used 10337K, committed 11072K, reserved 1048576K
}
Event: 80967.919 GC heap before
{Heap before GC invocations=43229 (full 743):
 PSYoungGen      total 1536K, used 1248K [0x00000000eab00000, 0x00000000eaf00000, 0x0000000100000000)
  eden space 512K, 100% used [0x00000000eab00000,0x00000000eab80000,0x00000000eab80000)
  from space 1024K, 71% used [0x00000000eab80000,0x00000000eac38000,0x00000000eac80000)
  to   space 1536K, 0% used [0x00000000ead80000,0x00000000ead80000,0x00000000eaf00000)
 ParOldGen       total 266240K, used 256024K [0x00000000c0000000, 0x00000000d0400000, 0x00000000eab00000)
  object space 266240K, 96% used [0x00000000c0000000,0x00000000cfa062d8,0x00000000d0400000)
 Metaspace       used 101216K, committed 102720K, reserved 1179648K
  class space    used 10337K, committed 11072K, reserved 1048576K
}
Event: 80967.920 GC heap after
{Heap after GC invocations=43229 (full 743):
 PSYoungGen      total 2048K, used 672K [0x00000000eab00000, 0x00000000eae80000, 0x0000000100000000)
  eden space 1024K, 0% used [0x00000000eab00000,0x00000000eab00000,0x00000000eac00000)
  from space 1024K, 65% used [0x00000000ead80000,0x00000000eae28000,0x00000000eae80000)
  to   space 1024K, 0% used [0x00000000eac80000,0x00000000eac80000,0x00000000ead80000)
 ParOldGen       total 266240K, used 256536K [0x00000000c0000000, 0x00000000d0400000, 0x00000000eab00000)
  object space 266240K, 96% used [0x00000000c0000000,0x00000000cfa862d8,0x00000000d0400000)
 Metaspace       used 101216K, committed 102720K, reserved 1179648K
  class space    used 10337K, committed 11072K, reserved 1048576K
}
Event: 80967.922 GC heap before
{Heap before GC invocations=43230 (full 743):
 PSYoungGen      total 2048K, used 1696K [0x00000000eab00000, 0x00000000eae80000, 0x0000000100000000)
  eden space 1024K, 100% used [0x00000000eab00000,0x00000000eac00000,0x00000000eac00000)
  from space 1024K, 65% used [0x00000000ead80000,0x00000000eae28000,0x00000000eae80000)
  to   space 1024K, 0% used [0x00000000eac80000,0x00000000eac80000,0x00000000ead80000)
 ParOldGen       total 266240K, used 256536K [0x00000000c0000000, 0x00000000d0400000, 0x00000000eab00000)
  object space 266240K, 96% used [0x00000000c0000000,0x00000000cfa862d8,0x00000000d0400000)
 Metaspace       used 101216K, committed 102720K, reserved 1179648K
  class space    used 10337K, committed 11072K, reserved 1048576K
}
Event: 80967.923 GC heap after
{Heap after GC invocations=43230 (full 743):
 PSYoungGen      total 2560K, used 1024K [0x00000000eab00000, 0x00000000eb080000, 0x0000000100000000)
  eden space 1536K, 0% used [0x00000000eab00000,0x00000000eab00000,0x00000000eac80000)
  from space 1024K, 100% used [0x00000000eac80000,0x00000000ead80000,0x00000000ead80000)
  to   space 2048K, 0% used [0x00000000eae80000,0x00000000eae80000,0x00000000eb080000)
 ParOldGen       total 266240K, used 257128K [0x00000000c0000000, 0x00000000d0400000, 0x00000000eab00000)
  object space 266240K, 96% used [0x00000000c0000000,0x00000000cfb1a2d8,0x00000000d0400000)
 Metaspace       used 101216K, committed 102720K, reserved 1179648K
  class space    used 10337K, committed 11072K, reserved 1048576K
}
Event: 80967.926 GC heap before
{Heap before GC invocations=43231 (full 743):
 PSYoungGen      total 2560K, used 2560K [0x00000000eab00000, 0x00000000eb080000, 0x0000000100000000)
  eden space 1536K, 100% used [0x00000000eab00000,0x00000000eac80000,0x00000000eac80000)
  from space 1024K, 100% used [0x00000000eac80000,0x00000000ead80000,0x00000000ead80000)
  to   space 2048K, 0% used [0x00000000eae80000,0x00000000eae80000,0x00000000eb080000)
 ParOldGen       total 266240K, used 257128K [0x00000000c0000000, 0x00000000d0400000, 0x00000000eab00000)
  object space 266240K, 96% used [0x00000000c0000000,0x00000000cfb1a2d8,0x00000000d0400000)
 Metaspace       used 101216K, committed 102720K, reserved 1179648K
  class space    used 10337K, committed 11072K, reserved 1048576K
}
Event: 80967.928 GC heap after
{Heap after GC invocations=43231 (full 743):
 PSYoungGen      total 3584K, used 1728K [0x00000000eab00000, 0x00000000eb100000, 0x0000000100000000)
  eden space 1536K, 0% used [0x00000000eab00000,0x00000000eab00000,0x00000000eac80000)
  from space 2048K, 84% used [0x00000000eae80000,0x00000000eb030000,0x00000000eb080000)
  to   space 2048K, 0% used [0x00000000eac80000,0x00000000eac80000,0x00000000eae80000)
 ParOldGen       total 266240K, used 258096K [0x00000000c0000000, 0x00000000d0400000, 0x00000000eab00000)
  object space 266240K, 96% used [0x00000000c0000000,0x00000000cfc0c2d8,0x00000000d0400000)
 Metaspace       used 101216K, committed 102720K, reserved 1179648K
  class space    used 10337K, committed 11072K, reserved 1048576K
}
Event: 80967.930 GC heap before
{Heap before GC invocations=43232 (full 743):
 PSYoungGen      total 3584K, used 3264K [0x00000000eab00000, 0x00000000eb100000, 0x0000000100000000)
  eden space 1536K, 100% used [0x00000000eab00000,0x00000000eac80000,0x00000000eac80000)
  from space 2048K, 84% used [0x00000000eae80000,0x00000000eb030000,0x00000000eb080000)
  to   space 2048K, 0% used [0x00000000eac80000,0x00000000eac80000,0x00000000eae80000)
 ParOldGen       total 266240K, used 258096K [0x00000000c0000000, 0x00000000d0400000, 0x00000000eab00000)
  object space 266240K, 96% used [0x00000000c0000000,0x00000000cfc0c2d8,0x00000000d0400000)
 Metaspace       used 101216K, committed 102720K, reserved 1179648K
  class space    used 10337K, committed 11072K, reserved 1048576K
}
Event: 80967.932 GC heap after
{Heap after GC invocations=43232 (full 743):
 PSYoungGen      total 3584K, used 1792K [0x00000000eab00000, 0x00000000eb100000, 0x0000000100000000)
  eden space 1536K, 0% used [0x00000000eab00000,0x00000000eab00000,0x00000000eac80000)
  from space 2048K, 87% used [0x00000000eac80000,0x00000000eae40000,0x00000000eae80000)
  to   space 2048K, 0% used [0x00000000eaf00000,0x00000000eaf00000,0x00000000eb100000)
 ParOldGen       total 266240K, used 259672K [0x00000000c0000000, 0x00000000d0400000, 0x00000000eab00000)
  object space 266240K, 97% used [0x00000000c0000000,0x00000000cfd962d8,0x00000000d0400000)
 Metaspace       used 101216K, committed 102720K, reserved 1179648K
  class space    used 10337K, committed 11072K, reserved 1048576K
}
Event: 80967.935 GC heap before
{Heap before GC invocations=43233 (full 743):
 PSYoungGen      total 3584K, used 3328K [0x00000000eab00000, 0x00000000eb100000, 0x0000000100000000)
  eden space 1536K, 100% used [0x00000000eab00000,0x00000000eac80000,0x00000000eac80000)
  from space 2048K, 87% used [0x00000000eac80000,0x00000000eae40000,0x00000000eae80000)
  to   space 2048K, 0% used [0x00000000eaf00000,0x00000000eaf00000,0x00000000eb100000)
 ParOldGen       total 266240K, used 259672K [0x00000000c0000000, 0x00000000d0400000, 0x00000000eab00000)
  object space 266240K, 97% used [0x00000000c0000000,0x00000000cfd962d8,0x00000000d0400000)
 Metaspace       used 101216K, committed 102720K, reserved 1179648K
  class space    used 10337K, committed 11072K, reserved 1048576K
}
Event: 80967.937 GC heap after
{Heap after GC invocations=43233 (full 743):
 PSYoungGen      total 4096K, used 1760K [0x00000000eab00000, 0x00000000eb100000, 0x0000000100000000)
  eden space 2048K, 0% used [0x00000000eab00000,0x00000000eab00000,0x00000000ead00000)
  from space 2048K, 85% used [0x00000000eaf00000,0x00000000eb0b8000,0x00000000eb100000)
  to   space 2048K, 0% used [0x00000000ead00000,0x00000000ead00000,0x00000000eaf00000)
 ParOldGen       total 266240K, used 261232K [0x00000000c0000000, 0x00000000d0400000, 0x00000000eab00000)
  object space 266240K, 98% used [0x00000000c0000000,0x00000000cff1c2d8,0x00000000d0400000)
 Metaspace       used 101216K, committed 102720K, reserved 1179648K
  class space    used 10337K, committed 11072K, reserved 1048576K
}
Event: 80967.940 GC heap before
{Heap before GC invocations=43234 (full 743):
 PSYoungGen      total 4096K, used 3808K [0x00000000eab00000, 0x00000000eb100000, 0x0000000100000000)
  eden space 2048K, 100% used [0x00000000eab00000,0x00000000ead00000,0x00000000ead00000)
  from space 2048K, 85% used [0x00000000eaf00000,0x00000000eb0b8000,0x00000000eb100000)
  to   space 2048K, 0% used [0x00000000ead00000,0x00000000ead00000,0x00000000eaf00000)
 ParOldGen       total 266240K, used 261232K [0x00000000c0000000, 0x00000000d0400000, 0x00000000eab00000)
  object space 266240K, 98% used [0x00000000c0000000,0x00000000cff1c2d8,0x00000000d0400000)
 Metaspace       used 101216K, committed 102720K, reserved 1179648K
  class space    used 10337K, committed 11072K, reserved 1048576K
}
Event: 80967.943 GC heap after
{Heap after GC invocations=43234 (full 743):
 PSYoungGen      total 4096K, used 2048K [0x00000000eab00000, 0x00000000eb580000, 0x0000000100000000)
  eden space 2048K, 0% used [0x00000000eab00000,0x00000000eab00000,0x00000000ead00000)
  from space 2048K, 100% used [0x00000000ead00000,0x00000000eaf00000,0x00000000eaf00000)
  to   space 4096K, 0% used [0x00000000eb180000,0x00000000eb180000,0x00000000eb580000)
 ParOldGen       total 266240K, used 262896K [0x00000000c0000000, 0x00000000d0400000, 0x00000000eab00000)
  object space 266240K, 98% used [0x00000000c0000000,0x00000000d00bc2d8,0x00000000d0400000)
 Metaspace       used 101216K, committed 102720K, reserved 1179648K
  class space    used 10337K, committed 11072K, reserved 1048576K
}
Event: 80967.946 GC heap before
{Heap before GC invocations=43235 (full 743):
 PSYoungGen      total 4096K, used 4096K [0x00000000eab00000, 0x00000000eb580000, 0x0000000100000000)
  eden space 2048K, 100% used [0x00000000eab00000,0x00000000ead00000,0x00000000ead00000)
  from space 2048K, 100% used [0x00000000ead00000,0x00000000eaf00000,0x00000000eaf00000)
  to   space 4096K, 0% used [0x00000000eb180000,0x00000000eb180000,0x00000000eb580000)
 ParOldGen       total 266240K, used 262896K [0x00000000c0000000, 0x00000000d0400000, 0x00000000eab00000)
  object space 266240K, 98% used [0x00000000c0000000,0x00000000d00bc2d8,0x00000000d0400000)
 Metaspace       used 101216K, committed 102720K, reserved 1179648K
  class space    used 10337K, committed 11072K, reserved 1048576K
}

