# JRE version: Java(TM) SE Runtime Environment (18.0.2+9) (build 18.0.2+9-61)
# Java VM: Java HotSpot(TM) 64-Bit Server VM (18.0.2+9-61, mixed mode, sharing, tiered, compressed oops, compressed class ptrs, parallel gc, windows-amd64)
GC Precious Log:
 CardTable entry size: 512
 CPUs: 20 total, 20 available
 Memory: 98172M
 Large Page Support: Disabled
 NUMA Support: Disabled
 Compressed Oops: Enabled (32-bit)
 Alignments: Space 512K, Generation 512K, Heap 2M
 Heap Min Capacity: 100M
 Heap Initial Capacity: 100M
 Heap Max Capacity: 1G
 Pre-touch: Disabled
 Parallel Workers: 15
Heap:
 PSYoungGen      total 6656K, used 6522K [0x00000000eab00000, 0x00000000eb400000, 0x0000000100000000)
  eden space 5120K, 99% used [0x00000000eab00000,0x00000000eafffff0,0x00000000eb000000)
  from space 1536K, 91% used [0x00000000eb000000,0x00000000eb15e900,0x00000000eb180000)
  to   space 2048K, 30% used [0x00000000eb200000,0x00000000eb29e900,0x00000000eb400000)
 ParOldGen       total 199168K, used 185692K [0x00000000c0000000, 0x00000000cc280000, 0x00000000eab00000)
  object space 199168K, 93% used [0x00000000c0000000,0x00000000cb5570f0,0x00000000cc280000)
 Metaspace       used 91118K, committed 92544K, reserved 1179648K
  class space    used 9394K, committed 10176K, reserved 1048576K
GC Heap History (20 events):
Event: 76833.066 GC heap after
{Heap after GC invocations=9297 (full 198):
 PSYoungGen      total 5632K, used 977K [0x00000000eab00000, 0x00000000eb180000, 0x0000000100000000)
  eden space 4608K, 0% used [0x00000000eab00000,0x00000000eab00000,0x00000000eaf80000)
  from space 1024K, 95% used [0x00000000eb080000,0x00000000eb174580,0x00000000eb180000)
  to   space 1024K, 0% used [0x00000000eaf80000,0x00000000eaf80000,0x00000000eb080000)
 ParOldGen       total 199168K, used 168767K [0x00000000c0000000, 0x00000000cc280000, 0x00000000eab00000)
  object space 199168K, 84% used [0x00000000c0000000,0x00000000ca4cfe68,0x00000000cc280000)
 Metaspace       used 91118K, committed 92544K, reserved 1179648K
  class space    used 9394K, committed 10176K, reserved 1048576K
}
Event: 76833.074 GC heap before
{Heap before GC invocations=9298 (full 198):
 PSYoungGen      total 5632K, used 5585K [0x00000000eab00000, 0x00000000eb180000, 0x0000000100000000)
  eden space 4608K, 100% used [0x00000000eab00000,0x00000000eaf80000,0x00000000eaf80000)
  from space 1024K, 95% used [0x00000000eb080000,0x00000000eb174580,0x00000000eb180000)
  to   space 1024K, 0% used [0x00000000eaf80000,0x00000000eaf80000,0x00000000eb080000)
 ParOldGen       total 199168K, used 168767K [0x00000000c0000000, 0x00000000cc280000, 0x00000000eab00000)
  object space 199168K, 84% used [0x00000000c0000000,0x00000000ca4cfe68,0x00000000cc280000)
 Metaspace       used 91118K, committed 92544K, reserved 1179648K
  class space    used 9394K, committed 10176K, reserved 1048576K
}
Event: 76833.075 GC heap after
{Heap after GC invocations=9298 (full 198):
 PSYoungGen      total 5632K, used 1024K [0x00000000eab00000, 0x00000000eb480000, 0x0000000100000000)
  eden space 4608K, 0% used [0x00000000eab00000,0x00000000eab00000,0x00000000eaf80000)
  from space 1024K, 100% used [0x00000000eaf80000,0x00000000eb080000,0x00000000eb080000)
  to   space 2560K, 0% used [0x00000000eb200000,0x00000000eb200000,0x00000000eb480000)
 ParOldGen       total 199168K, used 169960K [0x00000000c0000000, 0x00000000cc280000, 0x00000000eab00000)
  object space 199168K, 85% used [0x00000000c0000000,0x00000000ca5fa3f8,0x00000000cc280000)
 Metaspace       used 91118K, committed 92544K, reserved 1179648K
  class space    used 9394K, committed 10176K, reserved 1048576K
}
Event: 76833.342 GC heap before
{Heap before GC invocations=9299 (full 198):
 PSYoungGen      total 5632K, used 5632K [0x00000000eab00000, 0x00000000eb480000, 0x0000000100000000)
  eden space 4608K, 100% used [0x00000000eab00000,0x00000000eaf80000,0x00000000eaf80000)
  from space 1024K, 100% used [0x00000000eaf80000,0x00000000eb080000,0x00000000eb080000)
  to   space 2560K, 0% used [0x00000000eb200000,0x00000000eb200000,0x00000000eb480000)
 ParOldGen       total 199168K, used 169960K [0x00000000c0000000, 0x00000000cc280000, 0x00000000eab00000)
  object space 199168K, 85% used [0x00000000c0000000,0x00000000ca5fa3f8,0x00000000cc280000)
 Metaspace       used 91118K, committed 92544K, reserved 1179648K
  class space    used 9394K, committed 10176K, reserved 1048576K
}
Event: 76833.342 GC heap after
{Heap after GC invocations=9299 (full 198):
 PSYoungGen      total 5632K, used 977K [0x00000000eab00000, 0x00000000eb300000, 0x0000000100000000)
  eden space 4608K, 0% used [0x00000000eab00000,0x00000000eab00000,0x00000000eaf80000)
  from space 1024K, 95% used [0x00000000eb200000,0x00000000eb2f46d0,0x00000000eb300000)
  to   space 1536K, 0% used [0x00000000eb000000,0x00000000eb000000,0x00000000eb180000)
 ParOldGen       total 199168K, used 170976K [0x00000000c0000000, 0x00000000cc280000, 0x00000000eab00000)
  object space 199168K, 85% used [0x00000000c0000000,0x00000000ca6f83f8,0x00000000cc280000)
 Metaspace       used 91118K, committed 92544K, reserved 1179648K
  class space    used 9394K, committed 10176K, reserved 1048576K
}
Event: 76833.348 GC heap before
{Heap before GC invocations=9300 (full 198):
 PSYoungGen      total 5632K, used 5585K [0x00000000eab00000, 0x00000000eb300000, 0x0000000100000000)
  eden space 4608K, 100% used [0x00000000eab00000,0x00000000eaf80000,0x00000000eaf80000)
  from space 1024K, 95% used [0x00000000eb200000,0x00000000eb2f46d0,0x00000000eb300000)
  to   space 1536K, 0% used [0x00000000eb000000,0x00000000eb000000,0x00000000eb180000)
 ParOldGen       total 199168K, used 170976K [0x00000000c0000000, 0x00000000cc280000, 0x00000000eab00000)
  object space 199168K, 85% used [0x00000000c0000000,0x00000000ca6f83f8,0x00000000cc280000)
 Metaspace       used 91118K, committed 92544K, reserved 1179648K
  class space    used 9394K, committed 10176K, reserved 1048576K
}
Event: 76833.349 GC heap after
{Heap after GC invocations=9300 (full 198):
 PSYoungGen      total 6144K, used 1515K [0x00000000eab00000, 0x00000000eba80000, 0x0000000100000000)
  eden space 4608K, 0% used [0x00000000eab00000,0x00000000eab00000,0x00000000eaf80000)
  from space 1536K, 98% used [0x00000000eb000000,0x00000000eb17aec0,0x00000000eb180000)
  to   space 5632K, 0% used [0x00000000eb500000,0x00000000eb500000,0x00000000eba80000)
 ParOldGen       total 199168K, used 174061K [0x00000000c0000000, 0x00000000cc280000, 0x00000000eab00000)
  object space 199168K, 87% used [0x00000000c0000000,0x00000000ca9fb6c8,0x00000000cc280000)
 Metaspace       used 91118K, committed 92544K, reserved 1179648K
  class space    used 9394K, committed 10176K, reserved 1048576K
}
Event: 76833.356 GC heap before
{Heap before GC invocations=9301 (full 198):
 PSYoungGen      total 6144K, used 6123K [0x00000000eab00000, 0x00000000eba80000, 0x0000000100000000)
  eden space 4608K, 100% used [0x00000000eab00000,0x00000000eaf80000,0x00000000eaf80000)
  from space 1536K, 98% used [0x00000000eb000000,0x00000000eb17aec0,0x00000000eb180000)
  to   space 5632K, 0% used [0x00000000eb500000,0x00000000eb500000,0x00000000eba80000)
 ParOldGen       total 199168K, used 174061K [0x00000000c0000000, 0x00000000cc280000, 0x00000000eab00000)
  object space 199168K, 87% used [0x00000000c0000000,0x00000000ca9fb6c8,0x00000000cc280000)
 Metaspace       used 91118K, committed 92544K, reserved 1179648K
  class space    used 9394K, committed 10176K, reserved 1048576K
}
Event: 76833.358 GC heap after
{Heap after GC invocations=9301 (full 198):
 PSYoungGen      total 9728K, used 4768K [0x00000000eab00000, 0x00000000eba00000, 0x0000000100000000)
  eden space 4608K, 0% used [0x00000000eab00000,0x00000000eab00000,0x00000000eaf80000)
  from space 5120K, 93% used [0x00000000eb500000,0x00000000eb9a8000,0x00000000eba00000)
  to   space 5120K, 0% used [0x00000000eb000000,0x00000000eb000000,0x00000000eb500000)
 ParOldGen       total 199168K, used 175641K [0x00000000c0000000, 0x00000000cc280000, 0x00000000eab00000)
  object space 199168K, 88% used [0x00000000c0000000,0x00000000cab86588,0x00000000cc280000)
 Metaspace       used 91118K, committed 92544K, reserved 1179648K
  class space    used 9394K, committed 10176K, reserved 1048576K
}
Event: 76833.362 GC heap before
{Heap before GC invocations=9302 (full 198):
 PSYoungGen      total 9728K, used 9376K [0x00000000eab00000, 0x00000000eba00000, 0x0000000100000000)
  eden space 4608K, 100% used [0x00000000eab00000,0x00000000eaf80000,0x00000000eaf80000)
  from space 5120K, 93% used [0x00000000eb500000,0x00000000eb9a8000,0x00000000eba00000)
  to   space 5120K, 0% used [0x00000000eb000000,0x00000000eb000000,0x00000000eb500000)
 ParOldGen       total 199168K, used 175641K [0x00000000c0000000, 0x00000000cc280000, 0x00000000eab00000)
  object space 199168K, 88% used [0x00000000c0000000,0x00000000cab86588,0x00000000cc280000)
 Metaspace       used 91118K, committed 92544K, reserved 1179648K
  class space    used 9394K, committed 10176K, reserved 1048576K
}
Event: 76833.365 GC heap after
{Heap after GC invocations=9302 (full 198):
 PSYoungGen      total 6656K, used 1404K [0x00000000eab00000, 0x00000000eb680000, 0x0000000100000000)
  eden space 5120K, 0% used [0x00000000eab00000,0x00000000eab00000,0x00000000eb000000)
  from space 1536K, 91% used [0x00000000eb000000,0x00000000eb15f278,0x00000000eb180000)
  to   space 3072K, 0% used [0x00000000eb380000,0x00000000eb380000,0x00000000eb680000)
 ParOldGen       total 199168K, used 180145K [0x00000000c0000000, 0x00000000cc280000, 0x00000000eab00000)
  object space 199168K, 90% used [0x00000000c0000000,0x00000000cafec588,0x00000000cc280000)
 Metaspace       used 91118K, committed 92544K, reserved 1179648K
  class space    used 9394K, committed 10176K, reserved 1048576K
}
Event: 76833.373 GC heap before
{Heap before GC invocations=9303 (full 198):
 PSYoungGen      total 6656K, used 6524K [0x00000000eab00000, 0x00000000eb680000, 0x0000000100000000)
  eden space 5120K, 100% used [0x00000000eab00000,0x00000000eb000000,0x00000000eb000000)
  from space 1536K, 91% used [0x00000000eb000000,0x00000000eb15f278,0x00000000eb180000)
  to   space 3072K, 0% used [0x00000000eb380000,0x00000000eb380000,0x00000000eb680000)
 ParOldGen       total 199168K, used 180145K [0x00000000c0000000, 0x00000000cc280000, 0x00000000eab00000)
  object space 199168K, 90% used [0x00000000c0000000,0x00000000cafec588,0x00000000cc280000)
 Metaspace       used 91118K, committed 92544K, reserved 1179648K
  class space    used 9394K, committed 10176K, reserved 1048576K
}
Event: 76833.374 GC heap after
{Heap after GC invocations=9303 (full 198):
 PSYoungGen      total 6144K, used 992K [0x00000000eab00000, 0x00000000eb480000, 0x0000000100000000)
  eden space 5120K, 0% used [0x00000000eab00000,0x00000000eab00000,0x00000000eb000000)
  from space 1024K, 96% used [0x00000000eb380000,0x00000000eb478000,0x00000000eb480000)
  to   space 1536K, 0% used [0x00000000eb180000,0x00000000eb180000,0x00000000eb300000)
 ParOldGen       total 199168K, used 181253K [0x00000000c0000000, 0x00000000cc280000, 0x00000000eab00000)
  object space 199168K, 91% used [0x00000000c0000000,0x00000000cb1017c8,0x00000000cc280000)
 Metaspace       used 91118K, committed 92544K, reserved 1179648K
  class space    used 9394K, committed 10176K, reserved 1048576K
}
Event: 76833.385 GC heap before
{Heap before GC invocations=9304 (full 198):
 PSYoungGen      total 6144K, used 6112K [0x00000000eab00000, 0x00000000eb480000, 0x0000000100000000)
  eden space 5120K, 100% used [0x00000000eab00000,0x00000000eb000000,0x00000000eb000000)
  from space 1024K, 96% used [0x00000000eb380000,0x00000000eb478000,0x00000000eb480000)
  to   space 1536K, 0% used [0x00000000eb180000,0x00000000eb180000,0x00000000eb300000)
 ParOldGen       total 199168K, used 181253K [0x00000000c0000000, 0x00000000cc280000, 0x00000000eab00000)
  object space 199168K, 91% used [0x00000000c0000000,0x00000000cb1017c8,0x00000000cc280000)
 Metaspace       used 91118K, committed 92544K, reserved 1179648K
  class space    used 9394K, committed 10176K, reserved 1048576K
}
Event: 76833.386 GC heap after
{Heap after GC invocations=9304 (full 198):
 PSYoungGen      total 6656K, used 1344K [0x00000000eab00000, 0x00000000eb400000, 0x0000000100000000)
  eden space 5120K, 0% used [0x00000000eab00000,0x00000000eab00000,0x00000000eb000000)
  from space 1536K, 87% used [0x00000000eb180000,0x00000000eb2d0000,0x00000000eb300000)
  to   space 1024K, 0% used [0x00000000eb300000,0x00000000eb300000,0x00000000eb400000)
 ParOldGen       total 199168K, used 182069K [0x00000000c0000000, 0x00000000cc280000, 0x00000000eab00000)
  object space 199168K, 91% used [0x00000000c0000000,0x00000000cb1cd7c8,0x00000000cc280000)
 Metaspace       used 91118K, committed 92544K, reserved 1179648K
  class space    used 9394K, committed 10176K, reserved 1048576K
}
Event: 76833.396 GC heap before
{Heap before GC invocations=9305 (full 198):
 PSYoungGen      total 6656K, used 6464K [0x00000000eab00000, 0x00000000eb400000, 0x0000000100000000)
  eden space 5120K, 100% used [0x00000000eab00000,0x00000000eb000000,0x00000000eb000000)
  from space 1536K, 87% used [0x00000000eb180000,0x00000000eb2d0000,0x00000000eb300000)
  to   space 1024K, 0% used [0x00000000eb300000,0x00000000eb300000,0x00000000eb400000)
 ParOldGen       total 199168K, used 182069K [0x00000000c0000000, 0x00000000cc280000, 0x00000000eab00000)
  object space 199168K, 91% used [0x00000000c0000000,0x00000000cb1cd7c8,0x00000000cc280000)
 Metaspace       used 91118K, committed 92544K, reserved 1179648K
  class space    used 9394K, committed 10176K, reserved 1048576K
}
Event: 76833.397 GC heap after
{Heap after GC invocations=9305 (full 198):
 PSYoungGen      total 6144K, used 1024K [0x00000000eab00000, 0x00000000eb600000, 0x0000000100000000)
  eden space 5120K, 0% used [0x00000000eab00000,0x00000000eab00000,0x00000000eb000000)
  from space 1024K, 100% used [0x00000000eb300000,0x00000000eb400000,0x00000000eb400000)
  to   space 3072K, 0% used [0x00000000eb000000,0x00000000eb000000,0x00000000eb300000)
 ParOldGen       total 199168K, used 183437K [0x00000000c0000000, 0x00000000cc280000, 0x00000000eab00000)
  object space 199168K, 92% used [0x00000000c0000000,0x00000000cb323510,0x00000000cc280000)
 Metaspace       used 91118K, committed 92544K, reserved 1179648K
  class space    used 9394K, committed 10176K, reserved 1048576K
}
Event: 76833.407 GC heap before
{Heap before GC invocations=9306 (full 198):
 PSYoungGen      total 6144K, used 6144K [0x00000000eab00000, 0x00000000eb600000, 0x0000000100000000)
  eden space 5120K, 100% used [0x00000000eab00000,0x00000000eb000000,0x00000000eb000000)
  from space 1024K, 100% used [0x00000000eb300000,0x00000000eb400000,0x00000000eb400000)
  to   space 3072K, 0% used [0x00000000eb000000,0x00000000eb000000,0x00000000eb300000)
 ParOldGen       total 199168K, used 183437K [0x00000000c0000000, 0x00000000cc280000, 0x00000000eab00000)
  object space 199168K, 92% used [0x00000000c0000000,0x00000000cb323510,0x00000000cc280000)
 Metaspace       used 91118K, committed 92544K, reserved 1179648K
  class space    used 9394K, committed 10176K, reserved 1048576K
}
Event: 76833.408 GC heap after
{Heap after GC invocations=9306 (full 198):
 PSYoungGen      total 6656K, used 1402K [0x00000000eab00000, 0x00000000eb400000, 0x0000000100000000)
  eden space 5120K, 0% used [0x00000000eab00000,0x00000000eab00000,0x00000000eb000000)
  from space 1536K, 91% used [0x00000000eb000000,0x00000000eb15e900,0x00000000eb180000)
  to   space 2048K, 0% used [0x00000000eb200000,0x00000000eb200000,0x00000000eb400000)
 ParOldGen       total 199168K, used 184497K [0x00000000c0000000, 0x00000000cc280000, 0x00000000eab00000)
  object space 199168K, 92% used [0x00000000c0000000,0x00000000cb42c620,0x00000000cc280000)
 Metaspace       used 91118K, committed 92544K, reserved 1179648K
  class space    used 9394K, committed 10176K, reserved 1048576K
}
Event: 76833.412 GC heap before
{Heap before GC invocations=9307 (full 198):
 PSYoungGen      total 6656K, used 6522K [0x00000000eab00000, 0x00000000eb400000, 0x0000000100000000)
  eden space 5120K, 99% used [0x00000000eab00000,0x00000000eafffff0,0x00000000eb000000)
  from space 1536K, 91% used [0x00000000eb000000,0x00000000eb15e900,0x00000000eb180000)
  to   space 2048K, 0% used [0x00000000eb200000,0x00000000eb200000,0x00000000eb400000)
 ParOldGen       total 199168K, used 184497K [0x00000000c0000000, 0x00000000cc280000, 0x00000000eab00000)
  object space 199168K, 92% used [0x00000000c0000000,0x00000000cb42c620,0x00000000cc280000)
 Metaspace       used 91118K, committed 92544K, reserved 1179648K
  class space    used 9394K, committed 10176K, reserved 1048576K
}

