# JRE version: Java(TM) SE Runtime Environment (18.0.2+9) (build 18.0.2+9-61)
# Java VM: Java HotSpot(TM) 64-Bit Server VM (18.0.2+9-61, mixed mode, sharing, tiered, compressed oops, compressed class ptrs, parallel gc, windows-amd64)
GC Precious Log:
 CardTable entry size: 512
 CPUs: 20 total, 20 available
 Memory: 98172M
 Large Page Support: Disabled
 NUMA Support: Disabled
 Compressed Oops: Enabled (32-bit)
 Alignments: Space 512K, Generation 512K, Heap 2M
 Heap Min Capacity: 100M
 Heap Initial Capacity: 100M
 Heap Max Capacity: 1G
 Pre-touch: Disabled
 Parallel Workers: 15
Heap:
 PSYoungGen      total 7168K, used 6906K [0x00000000eab00000, 0x00000000eb400000, 0x0000000100000000)
  eden space 5120K, 100% used [0x00000000eab00000,0x00000000eb000000,0x00000000eb000000)
  from space 2048K, 87% used [0x00000000eb080000,0x00000000eb23e848,0x00000000eb280000)
  to   space 1536K, 85% used [0x00000000eb280000,0x00000000eb3c8020,0x00000000eb400000)
 ParOldGen       total 230912K, used 226040K [0x00000000c0000000, 0x00000000ce180000, 0x00000000eab00000)
  object space 230912K, 97% used [0x00000000c0000000,0x00000000cdcbe300,0x00000000ce180000)
 Metaspace       used 89967K, committed 91456K, reserved 1179648K
  class space    used 9245K, committed 9984K, reserved 1048576K
GC Heap History (20 events):
Event: 1774.096 GC heap after
{Heap after GC invocations=11223 (full 238):
 PSYoungGen      total 6656K, used 1521K [0x00000000eab00000, 0x00000000eb700000, 0x0000000100000000)
  eden space 5120K, 0% used [0x00000000eab00000,0x00000000eab00000,0x00000000eb000000)
  from space 1536K, 99% used [0x00000000eb300000,0x00000000eb47c418,0x00000000eb480000)
  to   space 3072K, 0% used [0x00000000eb000000,0x00000000eb000000,0x00000000eb300000)
 ParOldGen       total 230912K, used 216890K [0x00000000c0000000, 0x00000000ce180000, 0x00000000eab00000)
  object space 230912K, 93% used [0x00000000c0000000,0x00000000cd3cea68,0x00000000ce180000)
 Metaspace       used 89967K, committed 91456K, reserved 1179648K
  class space    used 9245K, committed 9984K, reserved 1048576K
}
Event: 1774.104 GC heap before
{Heap before GC invocations=11224 (full 238):
 PSYoungGen      total 6656K, used 6641K [0x00000000eab00000, 0x00000000eb700000, 0x0000000100000000)
  eden space 5120K, 100% used [0x00000000eab00000,0x00000000eb000000,0x00000000eb000000)
  from space 1536K, 99% used [0x00000000eb300000,0x00000000eb47c418,0x00000000eb480000)
  to   space 3072K, 0% used [0x00000000eb000000,0x00000000eb000000,0x00000000eb300000)
 ParOldGen       total 230912K, used 216890K [0x00000000c0000000, 0x00000000ce180000, 0x00000000eab00000)
  object space 230912K, 93% used [0x00000000c0000000,0x00000000cd3cea68,0x00000000ce180000)
 Metaspace       used 89967K, committed 91456K, reserved 1179648K
  class space    used 9245K, committed 9984K, reserved 1048576K
}
Event: 1774.105 GC heap after
{Heap after GC invocations=11224 (full 238):
 PSYoungGen      total 6656K, used 1242K [0x00000000eab00000, 0x00000000eb400000, 0x0000000100000000)
  eden space 5120K, 0% used [0x00000000eab00000,0x00000000eab00000,0x00000000eb000000)
  from space 1536K, 80% used [0x00000000eb000000,0x00000000eb136900,0x00000000eb180000)
  to   space 2048K, 0% used [0x00000000eb200000,0x00000000eb200000,0x00000000eb400000)
 ParOldGen       total 230912K, used 218283K [0x00000000c0000000, 0x00000000ce180000, 0x00000000eab00000)
  object space 230912K, 94% used [0x00000000c0000000,0x00000000cd52ae80,0x00000000ce180000)
 Metaspace       used 89967K, committed 91456K, reserved 1179648K
  class space    used 9245K, committed 9984K, reserved 1048576K
}
Event: 1774.109 GC heap before
{Heap before GC invocations=11225 (full 238):
 PSYoungGen      total 6656K, used 6362K [0x00000000eab00000, 0x00000000eb400000, 0x0000000100000000)
  eden space 5120K, 100% used [0x00000000eab00000,0x00000000eb000000,0x00000000eb000000)
  from space 1536K, 80% used [0x00000000eb000000,0x00000000eb136900,0x00000000eb180000)
  to   space 2048K, 0% used [0x00000000eb200000,0x00000000eb200000,0x00000000eb400000)
 ParOldGen       total 230912K, used 218283K [0x00000000c0000000, 0x00000000ce180000, 0x00000000eab00000)
  object space 230912K, 94% used [0x00000000c0000000,0x00000000cd52ae80,0x00000000ce180000)
 Metaspace       used 89967K, committed 91456K, reserved 1179648K
  class space    used 9245K, committed 9984K, reserved 1048576K
}
Event: 1774.109 GC heap after
{Heap after GC invocations=11225 (full 238):
 PSYoungGen      total 6144K, used 698K [0x00000000eab00000, 0x00000000eb300000, 0x0000000100000000)
  eden space 5120K, 0% used [0x00000000eab00000,0x00000000eab00000,0x00000000eb000000)
  from space 1024K, 68% used [0x00000000eb200000,0x00000000eb2ae900,0x00000000eb300000)
  to   space 1024K, 0% used [0x00000000eb100000,0x00000000eb100000,0x00000000eb200000)
 ParOldGen       total 230912K, used 218943K [0x00000000c0000000, 0x00000000ce180000, 0x00000000eab00000)
  object space 230912K, 94% used [0x00000000c0000000,0x00000000cd5cffa0,0x00000000ce180000)
 Metaspace       used 89967K, committed 91456K, reserved 1179648K
  class space    used 9245K, committed 9984K, reserved 1048576K
}
Event: 1774.113 GC heap before
{Heap before GC invocations=11226 (full 238):
 PSYoungGen      total 6144K, used 5818K [0x00000000eab00000, 0x00000000eb300000, 0x0000000100000000)
  eden space 5120K, 100% used [0x00000000eab00000,0x00000000eb000000,0x00000000eb000000)
  from space 1024K, 68% used [0x00000000eb200000,0x00000000eb2ae900,0x00000000eb300000)
  to   space 1024K, 0% used [0x00000000eb100000,0x00000000eb100000,0x00000000eb200000)
 ParOldGen       total 230912K, used 218943K [0x00000000c0000000, 0x00000000ce180000, 0x00000000eab00000)
  object space 230912K, 94% used [0x00000000c0000000,0x00000000cd5cffa0,0x00000000ce180000)
 Metaspace       used 89967K, committed 91456K, reserved 1179648K
  class space    used 9245K, committed 9984K, reserved 1048576K
}
Event: 1774.114 GC heap after
{Heap after GC invocations=11226 (full 238):
 PSYoungGen      total 5632K, used 506K [0x00000000eab00000, 0x00000000eb280000, 0x0000000100000000)
  eden space 5120K, 0% used [0x00000000eab00000,0x00000000eab00000,0x00000000eb000000)
  from space 512K, 98% used [0x00000000eb100000,0x00000000eb17e900,0x00000000eb180000)
  to   space 1024K, 0% used [0x00000000eb180000,0x00000000eb180000,0x00000000eb280000)
 ParOldGen       total 230912K, used 218943K [0x00000000c0000000, 0x00000000ce180000, 0x00000000eab00000)
  object space 230912K, 94% used [0x00000000c0000000,0x00000000cd5cffa0,0x00000000ce180000)
 Metaspace       used 89967K, committed 91456K, reserved 1179648K
  class space    used 9245K, committed 9984K, reserved 1048576K
}
Event: 1774.119 GC heap before
{Heap before GC invocations=11227 (full 238):
 PSYoungGen      total 5632K, used 5626K [0x00000000eab00000, 0x00000000eb280000, 0x0000000100000000)
  eden space 5120K, 100% used [0x00000000eab00000,0x00000000eb000000,0x00000000eb000000)
  from space 512K, 98% used [0x00000000eb100000,0x00000000eb17e900,0x00000000eb180000)
  to   space 1024K, 0% used [0x00000000eb180000,0x00000000eb180000,0x00000000eb280000)
 ParOldGen       total 230912K, used 218943K [0x00000000c0000000, 0x00000000ce180000, 0x00000000eab00000)
  object space 230912K, 94% used [0x00000000c0000000,0x00000000cd5cffa0,0x00000000ce180000)
 Metaspace       used 89967K, committed 91456K, reserved 1179648K
  class space    used 9245K, committed 9984K, reserved 1048576K
}
Event: 1774.119 GC heap after
{Heap after GC invocations=11227 (full 238):
 PSYoungGen      total 6144K, used 782K [0x00000000eab00000, 0x00000000eb280000, 0x0000000100000000)
  eden space 5120K, 0% used [0x00000000eab00000,0x00000000eab00000,0x00000000eb000000)
  from space 1024K, 76% used [0x00000000eb180000,0x00000000eb243868,0x00000000eb280000)
  to   space 1024K, 0% used [0x00000000eb080000,0x00000000eb080000,0x00000000eb180000)
 ParOldGen       total 230912K, used 218943K [0x00000000c0000000, 0x00000000ce180000, 0x00000000eab00000)
  object space 230912K, 94% used [0x00000000c0000000,0x00000000cd5cffa0,0x00000000ce180000)
 Metaspace       used 89967K, committed 91456K, reserved 1179648K
  class space    used 9245K, committed 9984K, reserved 1048576K
}
Event: 1774.127 GC heap before
{Heap before GC invocations=11228 (full 238):
 PSYoungGen      total 6144K, used 5902K [0x00000000eab00000, 0x00000000eb280000, 0x0000000100000000)
  eden space 5120K, 100% used [0x00000000eab00000,0x00000000eb000000,0x00000000eb000000)
  from space 1024K, 76% used [0x00000000eb180000,0x00000000eb243868,0x00000000eb280000)
  to   space 1024K, 0% used [0x00000000eb080000,0x00000000eb080000,0x00000000eb180000)
 ParOldGen       total 230912K, used 218943K [0x00000000c0000000, 0x00000000ce180000, 0x00000000eab00000)
  object space 230912K, 94% used [0x00000000c0000000,0x00000000cd5cffa0,0x00000000ce180000)
 Metaspace       used 89967K, committed 91456K, reserved 1179648K
  class space    used 9245K, committed 9984K, reserved 1048576K
}
Event: 1774.128 GC heap after
{Heap after GC invocations=11228 (full 238):
 PSYoungGen      total 6144K, used 992K [0x00000000eab00000, 0x00000000eb400000, 0x0000000100000000)
  eden space 5120K, 0% used [0x00000000eab00000,0x00000000eab00000,0x00000000eb000000)
  from space 1024K, 96% used [0x00000000eb080000,0x00000000eb178020,0x00000000eb180000)
  to   space 2048K, 0% used [0x00000000eb200000,0x00000000eb200000,0x00000000eb400000)
 ParOldGen       total 230912K, used 219688K [0x00000000c0000000, 0x00000000ce180000, 0x00000000eab00000)
  object space 230912K, 95% used [0x00000000c0000000,0x00000000cd68a270,0x00000000ce180000)
 Metaspace       used 89967K, committed 91456K, reserved 1179648K
  class space    used 9245K, committed 9984K, reserved 1048576K
}
Event: 1774.143 GC heap before
{Heap before GC invocations=11229 (full 238):
 PSYoungGen      total 6144K, used 6112K [0x00000000eab00000, 0x00000000eb400000, 0x0000000100000000)
  eden space 5120K, 100% used [0x00000000eab00000,0x00000000eb000000,0x00000000eb000000)
  from space 1024K, 96% used [0x00000000eb080000,0x00000000eb178020,0x00000000eb180000)
  to   space 2048K, 0% used [0x00000000eb200000,0x00000000eb200000,0x00000000eb400000)
 ParOldGen       total 230912K, used 219688K [0x00000000c0000000, 0x00000000ce180000, 0x00000000eab00000)
  object space 230912K, 95% used [0x00000000c0000000,0x00000000cd68a270,0x00000000ce180000)
 Metaspace       used 89967K, committed 91456K, reserved 1179648K
  class space    used 9245K, committed 9984K, reserved 1048576K
}
Event: 1774.144 GC heap after
{Heap after GC invocations=11229 (full 238):
 PSYoungGen      total 6656K, used 1366K [0x00000000eab00000, 0x00000000eb380000, 0x0000000100000000)
  eden space 5120K, 0% used [0x00000000eab00000,0x00000000eab00000,0x00000000eb000000)
  from space 1536K, 88% used [0x00000000eb200000,0x00000000eb355af0,0x00000000eb380000)
  to   space 1536K, 0% used [0x00000000eb080000,0x00000000eb080000,0x00000000eb200000)
 ParOldGen       total 230912K, used 220613K [0x00000000c0000000, 0x00000000ce180000, 0x00000000eab00000)
  object space 230912K, 95% used [0x00000000c0000000,0x00000000cd771468,0x00000000ce180000)
 Metaspace       used 89967K, committed 91456K, reserved 1179648K
  class space    used 9245K, committed 9984K, reserved 1048576K
}
Event: 1774.153 GC heap before
{Heap before GC invocations=11230 (full 238):
 PSYoungGen      total 6656K, used 6486K [0x00000000eab00000, 0x00000000eb380000, 0x0000000100000000)
  eden space 5120K, 100% used [0x00000000eab00000,0x00000000eb000000,0x00000000eb000000)
  from space 1536K, 88% used [0x00000000eb200000,0x00000000eb355af0,0x00000000eb380000)
  to   space 1536K, 0% used [0x00000000eb080000,0x00000000eb080000,0x00000000eb200000)
 ParOldGen       total 230912K, used 220613K [0x00000000c0000000, 0x00000000ce180000, 0x00000000eab00000)
  object space 230912K, 95% used [0x00000000c0000000,0x00000000cd771468,0x00000000ce180000)
 Metaspace       used 89967K, committed 91456K, reserved 1179648K
  class space    used 9245K, committed 9984K, reserved 1048576K
}
Event: 1774.154 GC heap after
{Heap after GC invocations=11230 (full 238):
 PSYoungGen      total 6656K, used 1525K [0x00000000eab00000, 0x00000000eb600000, 0x0000000100000000)
  eden space 5120K, 0% used [0x00000000eab00000,0x00000000eab00000,0x00000000eb000000)
  from space 1536K, 99% used [0x00000000eb080000,0x00000000eb1fd768,0x00000000eb200000)
  to   space 3072K, 0% used [0x00000000eb300000,0x00000000eb300000,0x00000000eb600000)
 ParOldGen       total 230912K, used 221760K [0x00000000c0000000, 0x00000000ce180000, 0x00000000eab00000)
  object space 230912K, 96% used [0x00000000c0000000,0x00000000cd8903d0,0x00000000ce180000)
 Metaspace       used 89967K, committed 91456K, reserved 1179648K
  class space    used 9245K, committed 9984K, reserved 1048576K
}
Event: 1774.164 GC heap before
{Heap before GC invocations=11231 (full 238):
 PSYoungGen      total 6656K, used 6645K [0x00000000eab00000, 0x00000000eb600000, 0x0000000100000000)
  eden space 5120K, 100% used [0x00000000eab00000,0x00000000eb000000,0x00000000eb000000)
  from space 1536K, 99% used [0x00000000eb080000,0x00000000eb1fd768,0x00000000eb200000)
  to   space 3072K, 0% used [0x00000000eb300000,0x00000000eb300000,0x00000000eb600000)
 ParOldGen       total 230912K, used 221760K [0x00000000c0000000, 0x00000000ce180000, 0x00000000eab00000)
  object space 230912K, 96% used [0x00000000c0000000,0x00000000cd8903d0,0x00000000ce180000)
 Metaspace       used 89967K, committed 91456K, reserved 1179648K
  class space    used 9245K, committed 9984K, reserved 1048576K
}
Event: 1774.165 GC heap after
{Heap after GC invocations=11231 (full 238):
 PSYoungGen      total 6656K, used 1440K [0x00000000eab00000, 0x00000000eb480000, 0x0000000100000000)
  eden space 5120K, 0% used [0x00000000eab00000,0x00000000eab00000,0x00000000eb000000)
  from space 1536K, 93% used [0x00000000eb300000,0x00000000eb468000,0x00000000eb480000)
  to   space 2048K, 0% used [0x00000000eb080000,0x00000000eb080000,0x00000000eb280000)
 ParOldGen       total 230912K, used 223125K [0x00000000c0000000, 0x00000000ce180000, 0x00000000eab00000)
  object space 230912K, 96% used [0x00000000c0000000,0x00000000cd9e5458,0x00000000ce180000)
 Metaspace       used 89967K, committed 91456K, reserved 1179648K
  class space    used 9245K, committed 9984K, reserved 1048576K
}
Event: 1774.173 GC heap before
{Heap before GC invocations=11232 (full 238):
 PSYoungGen      total 6656K, used 6560K [0x00000000eab00000, 0x00000000eb480000, 0x0000000100000000)
  eden space 5120K, 100% used [0x00000000eab00000,0x00000000eb000000,0x00000000eb000000)
  from space 1536K, 93% used [0x00000000eb300000,0x00000000eb468000,0x00000000eb480000)
  to   space 2048K, 0% used [0x00000000eb080000,0x00000000eb080000,0x00000000eb280000)
 ParOldGen       total 230912K, used 223125K [0x00000000c0000000, 0x00000000ce180000, 0x00000000eab00000)
  object space 230912K, 96% used [0x00000000c0000000,0x00000000cd9e5458,0x00000000ce180000)
 Metaspace       used 89967K, committed 91456K, reserved 1179648K
  class space    used 9245K, committed 9984K, reserved 1048576K
}
Event: 1774.174 GC heap after
{Heap after GC invocations=11232 (full 238):
 PSYoungGen      total 7168K, used 1786K [0x00000000eab00000, 0x00000000eb400000, 0x0000000100000000)
  eden space 5120K, 0% used [0x00000000eab00000,0x00000000eab00000,0x00000000eb000000)
  from space 2048K, 87% used [0x00000000eb080000,0x00000000eb23e848,0x00000000eb280000)
  to   space 1536K, 0% used [0x00000000eb280000,0x00000000eb280000,0x00000000eb400000)
 ParOldGen       total 230912K, used 224426K [0x00000000c0000000, 0x00000000ce180000, 0x00000000eab00000)
  object space 230912K, 97% used [0x00000000c0000000,0x00000000cdb2aba8,0x00000000ce180000)
 Metaspace       used 89967K, committed 91456K, reserved 1179648K
  class space    used 9245K, committed 9984K, reserved 1048576K
}
Event: 1774.183 GC heap before
{Heap before GC invocations=11233 (full 238):
 PSYoungGen      total 7168K, used 6906K [0x00000000eab00000, 0x00000000eb400000, 0x0000000100000000)
  eden space 5120K, 100% used [0x00000000eab00000,0x00000000eb000000,0x00000000eb000000)
  from space 2048K, 87% used [0x00000000eb080000,0x00000000eb23e848,0x00000000eb280000)
  to   space 1536K, 0% used [0x00000000eb280000,0x00000000eb280000,0x00000000eb400000)
 ParOldGen       total 230912K, used 224426K [0x00000000c0000000, 0x00000000ce180000, 0x00000000eab00000)
  object space 230912K, 97% used [0x00000000c0000000,0x00000000cdb2aba8,0x00000000ce180000)
 Metaspace       used 89967K, committed 91456K, reserved 1179648K
  class space    used 9245K, committed 9984K, reserved 1048576K
}

