# JRE version: Java(TM) SE Runtime Environment (18.0.2+9) (build 18.0.2+9-61)
# Java VM: Java HotSpot(TM) 64-Bit Server VM (18.0.2+9-61, mixed mode, sharing, tiered, compressed oops, compressed class ptrs, parallel gc, windows-amd64)
GC Precious Log:
 CardTable entry size: 512
 CPUs: 20 total, 20 available
 Memory: 65404M
 Large Page Support: Disabled
 NUMA Support: Disabled
 Compressed Oops: Enabled (32-bit)
 Alignments: Space 512K, Generation 512K, Heap 2M
 Heap Min Capacity: 100M
 Heap Initial Capacity: 100M
 Heap Max Capacity: 1G
 Pre-touch: Disabled
 Parallel Workers: 15
Heap:
 PSYoungGen      total 2560K, used 2254K [0x00000000eab00000, 0x00000000eb500000, 0x0000000100000000)
  eden space 1024K, 98% used [0x00000000eab00000,0x00000000eabfb860,0x00000000eac00000)
  from space 1536K, 81% used [0x00000000eac00000,0x00000000ead38000,0x00000000ead80000)
  to   space 3584K, 31% used [0x00000000eb180000,0x00000000eb298000,0x00000000eb500000)
 ParOldGen       total 339968K, used 294194K [0x00000000c0000000, 0x00000000d4c00000, 0x00000000eab00000)
  object space 339968K, 86% used [0x00000000c0000000,0x00000000d1f4c8a8,0x00000000d4c00000)
 Metaspace       used 102530K, committed 104192K, reserved 1179648K
  class space    used 10136K, committed 10944K, reserved 1048576K
GC Heap History (20 events):
Event: 130385.988 GC heap after
{Heap after GC invocations=168245 (full 3050):
 PSYoungGen      total 11264K, used 592K [0x00000000eab00000, 0x00000000eb900000, 0x0000000100000000)
  eden space 10240K, 0% used [0x00000000eab00000,0x00000000eab00000,0x00000000eb500000)
  from space 1024K, 57% used [0x00000000eb800000,0x00000000eb8941d0,0x00000000eb900000)
  to   space 1024K, 0% used [0x00000000eb700000,0x00000000eb700000,0x00000000eb800000)
 ParOldGen       total 339968K, used 271826K [0x00000000c0000000, 0x00000000d4c00000, 0x00000000eab00000)
  object space 339968K, 79% used [0x00000000c0000000,0x00000000d0974858,0x00000000d4c00000)
 Metaspace       used 102530K, committed 104192K, reserved 1179648K
  class space    used 10136K, committed 10944K, reserved 1048576K
}
Event: 130386.006 GC heap before
{Heap before GC invocations=168246 (full 3050):
 PSYoungGen      total 11264K, used 10832K [0x00000000eab00000, 0x00000000eb900000, 0x0000000100000000)
  eden space 10240K, 100% used [0x00000000eab00000,0x00000000eb500000,0x00000000eb500000)
  from space 1024K, 57% used [0x00000000eb800000,0x00000000eb8941d0,0x00000000eb900000)
  to   space 1024K, 0% used [0x00000000eb700000,0x00000000eb700000,0x00000000eb800000)
 ParOldGen       total 339968K, used 271826K [0x00000000c0000000, 0x00000000d4c00000, 0x00000000eab00000)
  object space 339968K, 79% used [0x00000000c0000000,0x00000000d0974858,0x00000000d4c00000)
 Metaspace       used 102530K, committed 104192K, reserved 1179648K
  class space    used 10136K, committed 10944K, reserved 1048576K
}
Event: 130386.006 GC heap after
{Heap after GC invocations=168246 (full 3050):
 PSYoungGen      total 11264K, used 384K [0x00000000eab00000, 0x00000000eb880000, 0x0000000100000000)
  eden space 10240K, 0% used [0x00000000eab00000,0x00000000eab00000,0x00000000eb500000)
  from space 1024K, 37% used [0x00000000eb700000,0x00000000eb760000,0x00000000eb800000)
  to   space 512K, 0% used [0x00000000eb800000,0x00000000eb800000,0x00000000eb880000)
 ParOldGen       total 339968K, used 272178K [0x00000000c0000000, 0x00000000d4c00000, 0x00000000eab00000)
  object space 339968K, 80% used [0x00000000c0000000,0x00000000d09cca28,0x00000000d4c00000)
 Metaspace       used 102530K, committed 104192K, reserved 1179648K
  class space    used 10136K, committed 10944K, reserved 1048576K
}
Event: 130386.554 GC heap before
{Heap before GC invocations=168247 (full 3050):
 PSYoungGen      total 11264K, used 10624K [0x00000000eab00000, 0x00000000eb880000, 0x0000000100000000)
  eden space 10240K, 100% used [0x00000000eab00000,0x00000000eb500000,0x00000000eb500000)
  from space 1024K, 37% used [0x00000000eb700000,0x00000000eb760000,0x00000000eb800000)
  to   space 512K, 0% used [0x00000000eb800000,0x00000000eb800000,0x00000000eb880000)
 ParOldGen       total 339968K, used 272178K [0x00000000c0000000, 0x00000000d4c00000, 0x00000000eab00000)
  object space 339968K, 80% used [0x00000000c0000000,0x00000000d09cca28,0x00000000d4c00000)
 Metaspace       used 102530K, committed 104192K, reserved 1179648K
  class space    used 10136K, committed 10944K, reserved 1048576K
}
Event: 130386.556 GC heap after
{Heap after GC invocations=168247 (full 3050):
 PSYoungGen      total 7168K, used 506K [0x00000000eab00000, 0x00000000ec200000, 0x0000000100000000)
  eden space 6656K, 0% used [0x00000000eab00000,0x00000000eab00000,0x00000000eb180000)
  from space 512K, 98% used [0x00000000eb800000,0x00000000eb87e900,0x00000000eb880000)
  to   space 6656K, 0% used [0x00000000eb180000,0x00000000eb180000,0x00000000eb800000)
 ParOldGen       total 339968K, used 276982K [0x00000000c0000000, 0x00000000d4c00000, 0x00000000eab00000)
  object space 339968K, 81% used [0x00000000c0000000,0x00000000d0e7d8e8,0x00000000d4c00000)
 Metaspace       used 102530K, committed 104192K, reserved 1179648K
  class space    used 10136K, committed 10944K, reserved 1048576K
}
Event: 130386.564 GC heap before
{Heap before GC invocations=168248 (full 3050):
 PSYoungGen      total 7168K, used 7162K [0x00000000eab00000, 0x00000000ec200000, 0x0000000100000000)
  eden space 6656K, 100% used [0x00000000eab00000,0x00000000eb180000,0x00000000eb180000)
  from space 512K, 98% used [0x00000000eb800000,0x00000000eb87e900,0x00000000eb880000)
  to   space 6656K, 0% used [0x00000000eb180000,0x00000000eb180000,0x00000000eb800000)
 ParOldGen       total 339968K, used 276982K [0x00000000c0000000, 0x00000000d4c00000, 0x00000000eab00000)
  object space 339968K, 81% used [0x00000000c0000000,0x00000000d0e7d8e8,0x00000000d4c00000)
 Metaspace       used 102530K, committed 104192K, reserved 1179648K
  class space    used 10136K, committed 10944K, reserved 1048576K
}
Event: 130386.567 GC heap after
{Heap after GC invocations=168248 (full 3050):
 PSYoungGen      total 11264K, used 4322K [0x00000000eab00000, 0x00000000ebb80000, 0x0000000100000000)
  eden space 6656K, 0% used [0x00000000eab00000,0x00000000eab00000,0x00000000eb180000)
  from space 4608K, 93% used [0x00000000eb180000,0x00000000eb5b89e8,0x00000000eb600000)
  to   space 5120K, 0% used [0x00000000eb680000,0x00000000eb680000,0x00000000ebb80000)
 ParOldGen       total 339968K, used 277510K [0x00000000c0000000, 0x00000000d4c00000, 0x00000000eab00000)
  object space 339968K, 81% used [0x00000000c0000000,0x00000000d0f018e8,0x00000000d4c00000)
 Metaspace       used 102530K, committed 104192K, reserved 1179648K
  class space    used 10136K, committed 10944K, reserved 1048576K
}
Event: 130386.574 GC heap before
{Heap before GC invocations=168249 (full 3050):
 PSYoungGen      total 11264K, used 10978K [0x00000000eab00000, 0x00000000ebb80000, 0x0000000100000000)
  eden space 6656K, 100% used [0x00000000eab00000,0x00000000eb180000,0x00000000eb180000)
  from space 4608K, 93% used [0x00000000eb180000,0x00000000eb5b89e8,0x00000000eb600000)
  to   space 5120K, 0% used [0x00000000eb680000,0x00000000eb680000,0x00000000ebb80000)
 ParOldGen       total 339968K, used 277510K [0x00000000c0000000, 0x00000000d4c00000, 0x00000000eab00000)
  object space 339968K, 81% used [0x00000000c0000000,0x00000000d0f018e8,0x00000000d4c00000)
 Metaspace       used 102530K, committed 104192K, reserved 1179648K
  class space    used 10136K, committed 10944K, reserved 1048576K
}
Event: 130386.576 GC heap after
{Heap after GC invocations=168249 (full 3050):
 PSYoungGen      total 8192K, used 1216K [0x00000000eab00000, 0x00000000eb800000, 0x0000000100000000)
  eden space 6656K, 0% used [0x00000000eab00000,0x00000000eab00000,0x00000000eb180000)
  from space 1536K, 79% used [0x00000000eb680000,0x00000000eb7b0020,0x00000000eb800000)
  to   space 2560K, 0% used [0x00000000eb300000,0x00000000eb300000,0x00000000eb580000)
 ParOldGen       total 339968K, used 281493K [0x00000000c0000000, 0x00000000d4c00000, 0x00000000eab00000)
  object space 339968K, 82% used [0x00000000c0000000,0x00000000d12e5638,0x00000000d4c00000)
 Metaspace       used 102530K, committed 104192K, reserved 1179648K
  class space    used 10136K, committed 10944K, reserved 1048576K
}
Event: 130386.598 GC heap before
{Heap before GC invocations=168250 (full 3050):
 PSYoungGen      total 8192K, used 7872K [0x00000000eab00000, 0x00000000eb800000, 0x0000000100000000)
  eden space 6656K, 100% used [0x00000000eab00000,0x00000000eb180000,0x00000000eb180000)
  from space 1536K, 79% used [0x00000000eb680000,0x00000000eb7b0020,0x00000000eb800000)
  to   space 2560K, 0% used [0x00000000eb300000,0x00000000eb300000,0x00000000eb580000)
 ParOldGen       total 339968K, used 281493K [0x00000000c0000000, 0x00000000d4c00000, 0x00000000eab00000)
  object space 339968K, 82% used [0x00000000c0000000,0x00000000d12e5638,0x00000000d4c00000)
 Metaspace       used 102530K, committed 104192K, reserved 1179648K
  class space    used 10136K, committed 10944K, reserved 1048576K
}
Event: 130386.599 GC heap after
{Heap after GC invocations=168250 (full 3050):
 PSYoungGen      total 8704K, used 1792K [0x00000000eab00000, 0x00000000eb700000, 0x0000000100000000)
  eden space 6656K, 0% used [0x00000000eab00000,0x00000000eab00000,0x00000000eb180000)
  from space 2048K, 87% used [0x00000000eb300000,0x00000000eb4c0000,0x00000000eb500000)
  to   space 2048K, 0% used [0x00000000eb500000,0x00000000eb500000,0x00000000eb700000)
 ParOldGen       total 339968K, used 282573K [0x00000000c0000000, 0x00000000d4c00000, 0x00000000eab00000)
  object space 339968K, 83% used [0x00000000c0000000,0x00000000d13f3658,0x00000000d4c00000)
 Metaspace       used 102530K, committed 104192K, reserved 1179648K
  class space    used 10136K, committed 10944K, reserved 1048576K
}
Event: 130386.612 GC heap before
{Heap before GC invocations=168251 (full 3050):
 PSYoungGen      total 8704K, used 8448K [0x00000000eab00000, 0x00000000eb700000, 0x0000000100000000)
  eden space 6656K, 100% used [0x00000000eab00000,0x00000000eb180000,0x00000000eb180000)
  from space 2048K, 87% used [0x00000000eb300000,0x00000000eb4c0000,0x00000000eb500000)
  to   space 2048K, 0% used [0x00000000eb500000,0x00000000eb500000,0x00000000eb700000)
 ParOldGen       total 339968K, used 282573K [0x00000000c0000000, 0x00000000d4c00000, 0x00000000eab00000)
  object space 339968K, 83% used [0x00000000c0000000,0x00000000d13f3658,0x00000000d4c00000)
 Metaspace       used 102530K, committed 104192K, reserved 1179648K
  class space    used 10136K, committed 10944K, reserved 1048576K
}
Event: 130386.613 GC heap after
{Heap after GC invocations=168251 (full 3050):
 PSYoungGen      total 8704K, used 1942K [0x00000000eab00000, 0x00000000eb700000, 0x0000000100000000)
  eden space 6656K, 0% used [0x00000000eab00000,0x00000000eab00000,0x00000000eb180000)
  from space 2048K, 94% used [0x00000000eb500000,0x00000000eb6e5868,0x00000000eb700000)
  to   space 2048K, 0% used [0x00000000eb300000,0x00000000eb300000,0x00000000eb500000)
 ParOldGen       total 339968K, used 284094K [0x00000000c0000000, 0x00000000d4c00000, 0x00000000eab00000)
  object space 339968K, 83% used [0x00000000c0000000,0x00000000d156f800,0x00000000d4c00000)
 Metaspace       used 102530K, committed 104192K, reserved 1179648K
  class space    used 10136K, committed 10944K, reserved 1048576K
}
Event: 130386.625 GC heap before
{Heap before GC invocations=168252 (full 3050):
 PSYoungGen      total 8704K, used 8598K [0x00000000eab00000, 0x00000000eb700000, 0x0000000100000000)
  eden space 6656K, 100% used [0x00000000eab00000,0x00000000eb180000,0x00000000eb180000)
  from space 2048K, 94% used [0x00000000eb500000,0x00000000eb6e5868,0x00000000eb700000)
  to   space 2048K, 0% used [0x00000000eb300000,0x00000000eb300000,0x00000000eb500000)
 ParOldGen       total 339968K, used 284094K [0x00000000c0000000, 0x00000000d4c00000, 0x00000000eab00000)
  object space 339968K, 83% used [0x00000000c0000000,0x00000000d156f800,0x00000000d4c00000)
 Metaspace       used 102530K, committed 104192K, reserved 1179648K
  class space    used 10136K, committed 10944K, reserved 1048576K
}
Event: 130386.626 GC heap after
{Heap after GC invocations=168252 (full 3050):
 PSYoungGen      total 8192K, used 1312K [0x00000000eab00000, 0x00000000eb580000, 0x0000000100000000)
  eden space 6656K, 0% used [0x00000000eab00000,0x00000000eab00000,0x00000000eb180000)
  from space 1536K, 85% used [0x00000000eb300000,0x00000000eb448218,0x00000000eb480000)
  to   space 1024K, 0% used [0x00000000eb480000,0x00000000eb480000,0x00000000eb580000)
 ParOldGen       total 339968K, used 285661K [0x00000000c0000000, 0x00000000d4c00000, 0x00000000eab00000)
  object space 339968K, 84% used [0x00000000c0000000,0x00000000d16f77d0,0x00000000d4c00000)
 Metaspace       used 102530K, committed 104192K, reserved 1179648K
  class space    used 10136K, committed 10944K, reserved 1048576K
}
Event: 130386.635 GC heap before
{Heap before GC invocations=168253 (full 3050):
 PSYoungGen      total 8192K, used 7968K [0x00000000eab00000, 0x00000000eb580000, 0x0000000100000000)
  eden space 6656K, 100% used [0x00000000eab00000,0x00000000eb180000,0x00000000eb180000)
  from space 1536K, 85% used [0x00000000eb300000,0x00000000eb448218,0x00000000eb480000)
  to   space 1024K, 0% used [0x00000000eb480000,0x00000000eb480000,0x00000000eb580000)
 ParOldGen       total 339968K, used 285661K [0x00000000c0000000, 0x00000000d4c00000, 0x00000000eab00000)
  object space 339968K, 84% used [0x00000000c0000000,0x00000000d16f77d0,0x00000000d4c00000)
 Metaspace       used 102530K, committed 104192K, reserved 1179648K
  class space    used 10136K, committed 10944K, reserved 1048576K
}
Event: 130386.637 GC heap after
{Heap after GC invocations=168253 (full 3050):
 PSYoungGen      total 2048K, used 1003K [0x00000000eab00000, 0x00000000ec280000, 0x0000000100000000)
  eden space 1024K, 0% used [0x00000000eab00000,0x00000000eab00000,0x00000000eac00000)
  from space 1024K, 98% used [0x00000000eb480000,0x00000000eb57aec0,0x00000000eb580000)
  to   space 8704K, 0% used [0x00000000eac00000,0x00000000eac00000,0x00000000eb480000)
 ParOldGen       total 339968K, used 292062K [0x00000000c0000000, 0x00000000d4c00000, 0x00000000eab00000)
  object space 339968K, 85% used [0x00000000c0000000,0x00000000d1d379e8,0x00000000d4c00000)
 Metaspace       used 102530K, committed 104192K, reserved 1179648K
  class space    used 10136K, committed 10944K, reserved 1048576K
}
Event: 130386.638 GC heap before
{Heap before GC invocations=168254 (full 3050):
 PSYoungGen      total 2048K, used 2027K [0x00000000eab00000, 0x00000000ec280000, 0x0000000100000000)
  eden space 1024K, 100% used [0x00000000eab00000,0x00000000eac00000,0x00000000eac00000)
  from space 1024K, 98% used [0x00000000eb480000,0x00000000eb57aec0,0x00000000eb580000)
  to   space 8704K, 0% used [0x00000000eac00000,0x00000000eac00000,0x00000000eb480000)
 ParOldGen       total 339968K, used 292062K [0x00000000c0000000, 0x00000000d4c00000, 0x00000000eab00000)
  object space 339968K, 85% used [0x00000000c0000000,0x00000000d1d379e8,0x00000000d4c00000)
 Metaspace       used 102530K, committed 104192K, reserved 1179648K
  class space    used 10136K, committed 10944K, reserved 1048576K
}
Event: 130386.639 GC heap after
{Heap after GC invocations=168254 (full 3050):
 PSYoungGen      total 2560K, used 1248K [0x00000000eab00000, 0x00000000eb500000, 0x0000000100000000)
  eden space 1024K, 0% used [0x00000000eab00000,0x00000000eab00000,0x00000000eac00000)
  from space 1536K, 81% used [0x00000000eac00000,0x00000000ead38000,0x00000000ead80000)
  to   space 3584K, 0% used [0x00000000eb180000,0x00000000eb180000,0x00000000eb500000)
 ParOldGen       total 339968K, used 293138K [0x00000000c0000000, 0x00000000d4c00000, 0x00000000eab00000)
  object space 339968K, 86% used [0x00000000c0000000,0x00000000d1e448a8,0x00000000d4c00000)
 Metaspace       used 102530K, committed 104192K, reserved 1179648K
  class space    used 10136K, committed 10944K, reserved 1048576K
}
Event: 130386.641 GC heap before
{Heap before GC invocations=168255 (full 3050):
 PSYoungGen      total 2560K, used 2254K [0x00000000eab00000, 0x00000000eb500000, 0x0000000100000000)
  eden space 1024K, 98% used [0x00000000eab00000,0x00000000eabfb860,0x00000000eac00000)
  from space 1536K, 81% used [0x00000000eac00000,0x00000000ead38000,0x00000000ead80000)
  to   space 3584K, 0% used [0x00000000eb180000,0x00000000eb180000,0x00000000eb500000)
 ParOldGen       total 339968K, used 293138K [0x00000000c0000000, 0x00000000d4c00000, 0x00000000eab00000)
  object space 339968K, 86% used [0x00000000c0000000,0x00000000d1e448a8,0x00000000d4c00000)
 Metaspace       used 102530K, committed 104192K, reserved 1179648K
  class space    used 10136K, committed 10944K, reserved 1048576K
}

