# JRE version: Java(TM) SE Runtime Environment (18.0.2+9) (build 18.0.2+9-61)
# Java VM: Java HotSpot(TM) 64-Bit Server VM (18.0.2+9-61, mixed mode, sharing, tiered, compressed oops, compressed class ptrs, parallel gc, windows-amd64)
GC Precious Log:
 CardTable entry size: 512
 CPUs: 20 total, 20 available
 Memory: 98172M
 Large Page Support: Disabled
 NUMA Support: Disabled
 Compressed Oops: Enabled (32-bit)
 Alignments: Space 512K, Generation 512K, Heap 2M
 Heap Min Capacity: 100M
 Heap Initial Capacity: 100M
 Heap Max Capacity: 1G
 Pre-touch: Disabled
 Parallel Workers: 15
Heap:
 PSYoungGen      total 6144K, used 5968K [0x00000000eab00000, 0x00000000eb280000, 0x0000000100000000)
  eden space 4608K, 100% used [0x00000000eab00000,0x00000000eaf80000,0x00000000eaf80000)
  from space 1536K, 88% used [0x00000000eaf80000,0x00000000eb0d4010,0x00000000eb100000)
  to   space 1536K, 39% used [0x00000000eb100000,0x00000000eb196a98,0x00000000eb280000)
 ParOldGen       total 224256K, used 205656K [0x00000000c0000000, 0x00000000cdb00000, 0x00000000eab00000)
  object space 224256K, 91% used [0x00000000c0000000,0x00000000cc8d6188,0x00000000cdb00000)
 Metaspace       used 88989K, committed 90560K, reserved 1179648K
  class space    used 9223K, committed 9984K, reserved 1048576K
GC Heap History (20 events):
Event: 220.034 GC heap after
{Heap after GC invocations=3901 (full 105):
 PSYoungGen      total 2560K, used 506K [0x00000000eab00000, 0x00000000eb200000, 0x0000000100000000)
  eden space 2048K, 0% used [0x00000000eab00000,0x00000000eab00000,0x00000000ead00000)
  from space 512K, 98% used [0x00000000eb000000,0x00000000eb07e900,0x00000000eb080000)
  to   space 2560K, 0% used [0x00000000ead00000,0x00000000ead00000,0x00000000eaf80000)
 ParOldGen       total 224256K, used 198659K [0x00000000c0000000, 0x00000000cdb00000, 0x00000000eab00000)
  object space 224256K, 88% used [0x00000000c0000000,0x00000000cc200d30,0x00000000cdb00000)
 Metaspace       used 88989K, committed 90560K, reserved 1179648K
  class space    used 9223K, committed 9984K, reserved 1048576K
}
Event: 220.036 GC heap before
{Heap before GC invocations=3902 (full 105):
 PSYoungGen      total 2560K, used 2554K [0x00000000eab00000, 0x00000000eb200000, 0x0000000100000000)
  eden space 2048K, 100% used [0x00000000eab00000,0x00000000ead00000,0x00000000ead00000)
  from space 512K, 98% used [0x00000000eb000000,0x00000000eb07e900,0x00000000eb080000)
  to   space 2560K, 0% used [0x00000000ead00000,0x00000000ead00000,0x00000000eaf80000)
 ParOldGen       total 224256K, used 198659K [0x00000000c0000000, 0x00000000cdb00000, 0x00000000eab00000)
  object space 224256K, 88% used [0x00000000c0000000,0x00000000cc200d30,0x00000000cdb00000)
 Metaspace       used 88989K, committed 90560K, reserved 1179648K
  class space    used 9223K, committed 9984K, reserved 1048576K
}
Event: 220.037 GC heap after
{Heap after GC invocations=3902 (full 105):
 PSYoungGen      total 3072K, used 672K [0x00000000eab00000, 0x00000000eb080000, 0x0000000100000000)
  eden space 2048K, 0% used [0x00000000eab00000,0x00000000eab00000,0x00000000ead00000)
  from space 1024K, 65% used [0x00000000ead00000,0x00000000eada8000,0x00000000eae00000)
  to   space 1536K, 0% used [0x00000000eaf00000,0x00000000eaf00000,0x00000000eb080000)
 ParOldGen       total 224256K, used 199231K [0x00000000c0000000, 0x00000000cdb00000, 0x00000000eab00000)
  object space 224256K, 88% used [0x00000000c0000000,0x00000000cc28ff30,0x00000000cdb00000)
 Metaspace       used 88989K, committed 90560K, reserved 1179648K
  class space    used 9223K, committed 9984K, reserved 1048576K
}
Event: 220.039 GC heap before
{Heap before GC invocations=3903 (full 105):
 PSYoungGen      total 3072K, used 2720K [0x00000000eab00000, 0x00000000eb080000, 0x0000000100000000)
  eden space 2048K, 100% used [0x00000000eab00000,0x00000000ead00000,0x00000000ead00000)
  from space 1024K, 65% used [0x00000000ead00000,0x00000000eada8000,0x00000000eae00000)
  to   space 1536K, 0% used [0x00000000eaf00000,0x00000000eaf00000,0x00000000eb080000)
 ParOldGen       total 224256K, used 199231K [0x00000000c0000000, 0x00000000cdb00000, 0x00000000eab00000)
  object space 224256K, 88% used [0x00000000c0000000,0x00000000cc28ff30,0x00000000cdb00000)
 Metaspace       used 88989K, committed 90560K, reserved 1179648K
  class space    used 9223K, committed 9984K, reserved 1048576K
}
Event: 220.040 GC heap after
{Heap after GC invocations=3903 (full 105):
 PSYoungGen      total 3584K, used 738K [0x00000000eab00000, 0x00000000eb000000, 0x0000000100000000)
  eden space 2560K, 0% used [0x00000000eab00000,0x00000000eab00000,0x00000000ead80000)
  from space 1024K, 72% used [0x00000000eaf00000,0x00000000eafb8a90,0x00000000eb000000)
  to   space 1024K, 0% used [0x00000000eae00000,0x00000000eae00000,0x00000000eaf00000)
 ParOldGen       total 224256K, used 199782K [0x00000000c0000000, 0x00000000cdb00000, 0x00000000eab00000)
  object space 224256K, 89% used [0x00000000c0000000,0x00000000cc319870,0x00000000cdb00000)
 Metaspace       used 88989K, committed 90560K, reserved 1179648K
  class space    used 9223K, committed 9984K, reserved 1048576K
}
Event: 220.043 GC heap before
{Heap before GC invocations=3904 (full 105):
 PSYoungGen      total 3584K, used 3298K [0x00000000eab00000, 0x00000000eb000000, 0x0000000100000000)
  eden space 2560K, 100% used [0x00000000eab00000,0x00000000ead80000,0x00000000ead80000)
  from space 1024K, 72% used [0x00000000eaf00000,0x00000000eafb8a90,0x00000000eb000000)
  to   space 1024K, 0% used [0x00000000eae00000,0x00000000eae00000,0x00000000eaf00000)
 ParOldGen       total 224256K, used 199782K [0x00000000c0000000, 0x00000000cdb00000, 0x00000000eab00000)
  object space 224256K, 89% used [0x00000000c0000000,0x00000000cc319870,0x00000000cdb00000)
 Metaspace       used 88989K, committed 90560K, reserved 1179648K
  class space    used 9223K, committed 9984K, reserved 1048576K
}
Event: 220.043 GC heap after
{Heap after GC invocations=3904 (full 105):
 PSYoungGen      total 4096K, used 928K [0x00000000eab00000, 0x00000000eb000000, 0x0000000100000000)
  eden space 3072K, 0% used [0x00000000eab00000,0x00000000eab00000,0x00000000eae00000)
  from space 1024K, 90% used [0x00000000eae00000,0x00000000eaee8030,0x00000000eaf00000)
  to   space 1024K, 0% used [0x00000000eaf00000,0x00000000eaf00000,0x00000000eb000000)
 ParOldGen       total 224256K, used 200360K [0x00000000c0000000, 0x00000000cdb00000, 0x00000000eab00000)
  object space 224256K, 89% used [0x00000000c0000000,0x00000000cc3aa320,0x00000000cdb00000)
 Metaspace       used 88989K, committed 90560K, reserved 1179648K
  class space    used 9223K, committed 9984K, reserved 1048576K
}
Event: 220.047 GC heap before
{Heap before GC invocations=3905 (full 105):
 PSYoungGen      total 4096K, used 4000K [0x00000000eab00000, 0x00000000eb000000, 0x0000000100000000)
  eden space 3072K, 99% used [0x00000000eab00000,0x00000000eadffff8,0x00000000eae00000)
  from space 1024K, 90% used [0x00000000eae00000,0x00000000eaee8030,0x00000000eaf00000)
  to   space 1024K, 0% used [0x00000000eaf00000,0x00000000eaf00000,0x00000000eb000000)
 ParOldGen       total 224256K, used 200360K [0x00000000c0000000, 0x00000000cdb00000, 0x00000000eab00000)
  object space 224256K, 89% used [0x00000000c0000000,0x00000000cc3aa320,0x00000000cdb00000)
 Metaspace       used 88989K, committed 90560K, reserved 1179648K
  class space    used 9223K, committed 9984K, reserved 1048576K
}
Event: 220.047 GC heap after
{Heap after GC invocations=3905 (full 105):
 PSYoungGen      total 4096K, used 640K [0x00000000eab00000, 0x00000000eb100000, 0x0000000100000000)
  eden space 3072K, 0% used [0x00000000eab00000,0x00000000eab00000,0x00000000eae00000)
  from space 1024K, 62% used [0x00000000eaf00000,0x00000000eafa0000,0x00000000eb000000)
  to   space 1024K, 0% used [0x00000000eae00000,0x00000000eae00000,0x00000000eaf00000)
 ParOldGen       total 224256K, used 201064K [0x00000000c0000000, 0x00000000cdb00000, 0x00000000eab00000)
  object space 224256K, 89% used [0x00000000c0000000,0x00000000cc45a340,0x00000000cdb00000)
 Metaspace       used 88989K, committed 90560K, reserved 1179648K
  class space    used 9223K, committed 9984K, reserved 1048576K
}
Event: 220.053 GC heap before
{Heap before GC invocations=3906 (full 105):
 PSYoungGen      total 4096K, used 3712K [0x00000000eab00000, 0x00000000eb100000, 0x0000000100000000)
  eden space 3072K, 100% used [0x00000000eab00000,0x00000000eae00000,0x00000000eae00000)
  from space 1024K, 62% used [0x00000000eaf00000,0x00000000eafa0000,0x00000000eb000000)
  to   space 1024K, 0% used [0x00000000eae00000,0x00000000eae00000,0x00000000eaf00000)
 ParOldGen       total 224256K, used 201064K [0x00000000c0000000, 0x00000000cdb00000, 0x00000000eab00000)
  object space 224256K, 89% used [0x00000000c0000000,0x00000000cc45a340,0x00000000cdb00000)
 Metaspace       used 88989K, committed 90560K, reserved 1179648K
  class space    used 9223K, committed 9984K, reserved 1048576K
}
Event: 220.054 GC heap after
{Heap after GC invocations=3906 (full 105):
 PSYoungGen      total 4096K, used 672K [0x00000000eab00000, 0x00000000eb100000, 0x0000000100000000)
  eden space 3072K, 0% used [0x00000000eab00000,0x00000000eab00000,0x00000000eae00000)
  from space 1024K, 65% used [0x00000000eae00000,0x00000000eaea8000,0x00000000eaf00000)
  to   space 1024K, 0% used [0x00000000eb000000,0x00000000eb000000,0x00000000eb100000)
 ParOldGen       total 224256K, used 201464K [0x00000000c0000000, 0x00000000cdb00000, 0x00000000eab00000)
  object space 224256K, 89% used [0x00000000c0000000,0x00000000cc4be340,0x00000000cdb00000)
 Metaspace       used 88989K, committed 90560K, reserved 1179648K
  class space    used 9223K, committed 9984K, reserved 1048576K
}
Event: 220.059 GC heap before
{Heap before GC invocations=3907 (full 105):
 PSYoungGen      total 4096K, used 3744K [0x00000000eab00000, 0x00000000eb100000, 0x0000000100000000)
  eden space 3072K, 100% used [0x00000000eab00000,0x00000000eae00000,0x00000000eae00000)
  from space 1024K, 65% used [0x00000000eae00000,0x00000000eaea8000,0x00000000eaf00000)
  to   space 1024K, 0% used [0x00000000eb000000,0x00000000eb000000,0x00000000eb100000)
 ParOldGen       total 224256K, used 201464K [0x00000000c0000000, 0x00000000cdb00000, 0x00000000eab00000)
  object space 224256K, 89% used [0x00000000c0000000,0x00000000cc4be340,0x00000000cdb00000)
 Metaspace       used 88989K, committed 90560K, reserved 1179648K
  class space    used 9223K, committed 9984K, reserved 1048576K
}
Event: 220.060 GC heap after
{Heap after GC invocations=3907 (full 105):
 PSYoungGen      total 4608K, used 992K [0x00000000eab00000, 0x00000000eb200000, 0x0000000100000000)
  eden space 3584K, 0% used [0x00000000eab00000,0x00000000eab00000,0x00000000eae80000)
  from space 1024K, 96% used [0x00000000eb000000,0x00000000eb0f8000,0x00000000eb100000)
  to   space 1536K, 0% used [0x00000000eae80000,0x00000000eae80000,0x00000000eb000000)
 ParOldGen       total 224256K, used 201888K [0x00000000c0000000, 0x00000000cdb00000, 0x00000000eab00000)
  object space 224256K, 90% used [0x00000000c0000000,0x00000000cc528340,0x00000000cdb00000)
 Metaspace       used 88989K, committed 90560K, reserved 1179648K
  class space    used 9223K, committed 9984K, reserved 1048576K
}
Event: 220.068 GC heap before
{Heap before GC invocations=3908 (full 105):
 PSYoungGen      total 4608K, used 4576K [0x00000000eab00000, 0x00000000eb200000, 0x0000000100000000)
  eden space 3584K, 100% used [0x00000000eab00000,0x00000000eae80000,0x00000000eae80000)
  from space 1024K, 96% used [0x00000000eb000000,0x00000000eb0f8000,0x00000000eb100000)
  to   space 1536K, 0% used [0x00000000eae80000,0x00000000eae80000,0x00000000eb000000)
 ParOldGen       total 224256K, used 201888K [0x00000000c0000000, 0x00000000cdb00000, 0x00000000eab00000)
  object space 224256K, 90% used [0x00000000c0000000,0x00000000cc528340,0x00000000cdb00000)
 Metaspace       used 88989K, committed 90560K, reserved 1179648K
  class space    used 9223K, committed 9984K, reserved 1048576K
}
Event: 220.068 GC heap after
{Heap after GC invocations=3908 (full 105):
 PSYoungGen      total 5120K, used 1248K [0x00000000eab00000, 0x00000000eb280000, 0x0000000100000000)
  eden space 3584K, 0% used [0x00000000eab00000,0x00000000eab00000,0x00000000eae80000)
  from space 1536K, 81% used [0x00000000eae80000,0x00000000eafb8000,0x00000000eb000000)
  to   space 1536K, 0% used [0x00000000eb100000,0x00000000eb100000,0x00000000eb280000)
 ParOldGen       total 224256K, used 202708K [0x00000000c0000000, 0x00000000cdb00000, 0x00000000eab00000)
  object space 224256K, 90% used [0x00000000c0000000,0x00000000cc5f5360,0x00000000cdb00000)
 Metaspace       used 88989K, committed 90560K, reserved 1179648K
  class space    used 9223K, committed 9984K, reserved 1048576K
}
Event: 220.075 GC heap before
{Heap before GC invocations=3909 (full 105):
 PSYoungGen      total 5120K, used 4832K [0x00000000eab00000, 0x00000000eb280000, 0x0000000100000000)
  eden space 3584K, 100% used [0x00000000eab00000,0x00000000eae80000,0x00000000eae80000)
  from space 1536K, 81% used [0x00000000eae80000,0x00000000eafb8000,0x00000000eb000000)
  to   space 1536K, 0% used [0x00000000eb100000,0x00000000eb100000,0x00000000eb280000)
 ParOldGen       total 224256K, used 202708K [0x00000000c0000000, 0x00000000cdb00000, 0x00000000eab00000)
  object space 224256K, 90% used [0x00000000c0000000,0x00000000cc5f5360,0x00000000cdb00000)
 Metaspace       used 88989K, committed 90560K, reserved 1179648K
  class space    used 9223K, committed 9984K, reserved 1048576K
}
Event: 220.076 GC heap after
{Heap after GC invocations=3909 (full 105):
 PSYoungGen      total 6144K, used 928K [0x00000000eab00000, 0x00000000eb280000, 0x0000000100000000)
  eden space 4608K, 0% used [0x00000000eab00000,0x00000000eab00000,0x00000000eaf80000)
  from space 1536K, 60% used [0x00000000eb100000,0x00000000eb1e8000,0x00000000eb280000)
  to   space 1536K, 0% used [0x00000000eaf80000,0x00000000eaf80000,0x00000000eb100000)
 ParOldGen       total 224256K, used 203718K [0x00000000c0000000, 0x00000000cdb00000, 0x00000000eab00000)
  object space 224256K, 90% used [0x00000000c0000000,0x00000000cc6f19c0,0x00000000cdb00000)
 Metaspace       used 88989K, committed 90560K, reserved 1179648K
  class space    used 9223K, committed 9984K, reserved 1048576K
}
Event: 220.087 GC heap before
{Heap before GC invocations=3910 (full 105):
 PSYoungGen      total 6144K, used 5536K [0x00000000eab00000, 0x00000000eb280000, 0x0000000100000000)
  eden space 4608K, 100% used [0x00000000eab00000,0x00000000eaf80000,0x00000000eaf80000)
  from space 1536K, 60% used [0x00000000eb100000,0x00000000eb1e8000,0x00000000eb280000)
  to   space 1536K, 0% used [0x00000000eaf80000,0x00000000eaf80000,0x00000000eb100000)
 ParOldGen       total 224256K, used 203718K [0x00000000c0000000, 0x00000000cdb00000, 0x00000000eab00000)
  object space 224256K, 90% used [0x00000000c0000000,0x00000000cc6f19c0,0x00000000cdb00000)
 Metaspace       used 88989K, committed 90560K, reserved 1179648K
  class space    used 9223K, committed 9984K, reserved 1048576K
}
Event: 220.088 GC heap after
{Heap after GC invocations=3910 (full 105):
 PSYoungGen      total 6144K, used 1360K [0x00000000eab00000, 0x00000000eb280000, 0x0000000100000000)
  eden space 4608K, 0% used [0x00000000eab00000,0x00000000eab00000,0x00000000eaf80000)
  from space 1536K, 88% used [0x00000000eaf80000,0x00000000eb0d4010,0x00000000eb100000)
  to   space 1536K, 0% used [0x00000000eb100000,0x00000000eb100000,0x00000000eb280000)
 ParOldGen       total 224256K, used 204451K [0x00000000c0000000, 0x00000000cdb00000, 0x00000000eab00000)
  object space 224256K, 91% used [0x00000000c0000000,0x00000000cc7a8dc8,0x00000000cdb00000)
 Metaspace       used 88989K, committed 90560K, reserved 1179648K
  class space    used 9223K, committed 9984K, reserved 1048576K
}
Event: 220.097 GC heap before
{Heap before GC invocations=3911 (full 105):
 PSYoungGen      total 6144K, used 5968K [0x00000000eab00000, 0x00000000eb280000, 0x0000000100000000)
  eden space 4608K, 100% used [0x00000000eab00000,0x00000000eaf80000,0x00000000eaf80000)
  from space 1536K, 88% used [0x00000000eaf80000,0x00000000eb0d4010,0x00000000eb100000)
  to   space 1536K, 0% used [0x00000000eb100000,0x00000000eb100000,0x00000000eb280000)
 ParOldGen       total 224256K, used 204451K [0x00000000c0000000, 0x00000000cdb00000, 0x00000000eab00000)
  object space 224256K, 91% used [0x00000000c0000000,0x00000000cc7a8dc8,0x00000000cdb00000)
 Metaspace       used 88989K, committed 90560K, reserved 1179648K
  class space    used 9223K, committed 9984K, reserved 1048576K
}

