# JRE version: Java(TM) SE Runtime Environment (18.0.2+9) (build 18.0.2+9-61)
# Java VM: Java HotSpot(TM) 64-Bit Server VM (18.0.2+9-61, mixed mode, sharing, tiered, compressed oops, compressed class ptrs, parallel gc, windows-amd64)
GC Precious Log:
 CardTable entry size: 512
 CPUs: 20 total, 20 available
 Memory: 65404M
 Large Page Support: Disabled
 NUMA Support: Disabled
 Compressed Oops: Enabled (32-bit)
 Alignments: Space 512K, Generation 512K, Heap 2M
 Heap Min Capacity: 100M
 Heap Initial Capacity: 100M
 Heap Max Capacity: 1G
 Pre-touch: Disabled
 Parallel Workers: 15
Heap:
 PSYoungGen      total 3584K, used 3136K [0x00000000eab00000, 0x00000000eb080000, 0x0000000100000000)
  eden space 2048K, 100% used [0x00000000eab00000,0x00000000ead00000,0x00000000ead00000)
  from space 1536K, 70% used [0x00000000eae80000,0x00000000eaf90020,0x00000000eb000000)
  to   space 1536K, 52% used [0x00000000ead00000,0x00000000eadc8000,0x00000000eae80000)
 ParOldGen       total 244736K, used 214268K [0x00000000c0000000, 0x00000000cef00000, 0x00000000eab00000)
  object space 244736K, 87% used [0x00000000c0000000,0x00000000cd13f3d0,0x00000000cef00000)
 Metaspace       used 93647K, committed 95040K, reserved 1179648K
  class space    used 9465K, committed 10176K, reserved 1048576K
GC Heap History (20 events):
Event: 6798.090 GC heap after
{Heap after GC invocations=18546 (full 306):
 PSYoungGen      total 3584K, used 481K [0x00000000eab00000, 0x00000000eb100000, 0x0000000100000000)
  eden space 3072K, 0% used [0x00000000eab00000,0x00000000eab00000,0x00000000eae00000)
  from space 512K, 93% used [0x00000000eae80000,0x00000000eaef8498,0x00000000eaf00000)
  to   space 1536K, 0% used [0x00000000eaf80000,0x00000000eaf80000,0x00000000eb100000)
 ParOldGen       total 244736K, used 209559K [0x00000000c0000000, 0x00000000cef00000, 0x00000000eab00000)
  object space 244736K, 85% used [0x00000000c0000000,0x00000000ccca5e08,0x00000000cef00000)
 Metaspace       used 93647K, committed 95040K, reserved 1179648K
  class space    used 9465K, committed 10176K, reserved 1048576K
}
Event: 6798.093 GC heap before
{Heap before GC invocations=18547 (full 306):
 PSYoungGen      total 3584K, used 3551K [0x00000000eab00000, 0x00000000eb100000, 0x0000000100000000)
  eden space 3072K, 99% used [0x00000000eab00000,0x00000000eadffa08,0x00000000eae00000)
  from space 512K, 93% used [0x00000000eae80000,0x00000000eaef8498,0x00000000eaf00000)
  to   space 1536K, 0% used [0x00000000eaf80000,0x00000000eaf80000,0x00000000eb100000)
 ParOldGen       total 244736K, used 209559K [0x00000000c0000000, 0x00000000cef00000, 0x00000000eab00000)
  object space 244736K, 85% used [0x00000000c0000000,0x00000000ccca5e08,0x00000000cef00000)
 Metaspace       used 93647K, committed 95040K, reserved 1179648K
  class space    used 9465K, committed 10176K, reserved 1048576K
}
Event: 6798.093 GC heap after
{Heap after GC invocations=18547 (full 306):
 PSYoungGen      total 4608K, used 1449K [0x00000000eab00000, 0x00000000eb100000, 0x0000000100000000)
  eden space 3072K, 0% used [0x00000000eab00000,0x00000000eab00000,0x00000000eae00000)
  from space 1536K, 94% used [0x00000000eaf80000,0x00000000eb0ea530,0x00000000eb100000)
  to   space 1536K, 0% used [0x00000000eae00000,0x00000000eae00000,0x00000000eaf80000)
 ParOldGen       total 244736K, used 209832K [0x00000000c0000000, 0x00000000cef00000, 0x00000000eab00000)
  object space 244736K, 85% used [0x00000000c0000000,0x00000000cccea2a0,0x00000000cef00000)
 Metaspace       used 93647K, committed 95040K, reserved 1179648K
  class space    used 9465K, committed 10176K, reserved 1048576K
}
Event: 6798.097 GC heap before
{Heap before GC invocations=18548 (full 306):
 PSYoungGen      total 4608K, used 4514K [0x00000000eab00000, 0x00000000eb100000, 0x0000000100000000)
  eden space 3072K, 99% used [0x00000000eab00000,0x00000000eadfe4c0,0x00000000eae00000)
  from space 1536K, 94% used [0x00000000eaf80000,0x00000000eb0ea530,0x00000000eb100000)
  to   space 1536K, 0% used [0x00000000eae00000,0x00000000eae00000,0x00000000eaf80000)
 ParOldGen       total 244736K, used 209832K [0x00000000c0000000, 0x00000000cef00000, 0x00000000eab00000)
  object space 244736K, 85% used [0x00000000c0000000,0x00000000cccea2a0,0x00000000cef00000)
 Metaspace       used 93647K, committed 95040K, reserved 1179648K
  class space    used 9465K, committed 10176K, reserved 1048576K
}
Event: 6798.098 GC heap after
{Heap after GC invocations=18548 (full 306):
 PSYoungGen      total 4608K, used 1449K [0x00000000eab00000, 0x00000000eb100000, 0x0000000100000000)
  eden space 3072K, 0% used [0x00000000eab00000,0x00000000eab00000,0x00000000eae00000)
  from space 1536K, 94% used [0x00000000eae00000,0x00000000eaf6a530,0x00000000eaf80000)
  to   space 1536K, 0% used [0x00000000eaf80000,0x00000000eaf80000,0x00000000eb100000)
 ParOldGen       total 244736K, used 209848K [0x00000000c0000000, 0x00000000cef00000, 0x00000000eab00000)
  object space 244736K, 85% used [0x00000000c0000000,0x00000000cccee2a0,0x00000000cef00000)
 Metaspace       used 93647K, committed 95040K, reserved 1179648K
  class space    used 9465K, committed 10176K, reserved 1048576K
}
Event: 6798.101 GC heap before
{Heap before GC invocations=18549 (full 306):
 PSYoungGen      total 4608K, used 4057K [0x00000000eab00000, 0x00000000eb100000, 0x0000000100000000)
  eden space 3072K, 84% used [0x00000000eab00000,0x00000000ead8c090,0x00000000eae00000)
  from space 1536K, 94% used [0x00000000eae00000,0x00000000eaf6a530,0x00000000eaf80000)
  to   space 1536K, 0% used [0x00000000eaf80000,0x00000000eaf80000,0x00000000eb100000)
 ParOldGen       total 244736K, used 209848K [0x00000000c0000000, 0x00000000cef00000, 0x00000000eab00000)
  object space 244736K, 85% used [0x00000000c0000000,0x00000000cccee2a0,0x00000000cef00000)
 Metaspace       used 93647K, committed 95040K, reserved 1179648K
  class space    used 9465K, committed 10176K, reserved 1048576K
}
Event: 6798.102 GC heap after
{Heap after GC invocations=18549 (full 306):
 PSYoungGen      total 3584K, used 256K [0x00000000eab00000, 0x00000000eb000000, 0x0000000100000000)
  eden space 3072K, 0% used [0x00000000eab00000,0x00000000eab00000,0x00000000eae00000)
  from space 512K, 50% used [0x00000000eaf80000,0x00000000eafc0000,0x00000000eb000000)
  to   space 1024K, 0% used [0x00000000eae00000,0x00000000eae00000,0x00000000eaf00000)
 ParOldGen       total 244736K, used 209904K [0x00000000c0000000, 0x00000000cef00000, 0x00000000eab00000)
  object space 244736K, 85% used [0x00000000c0000000,0x00000000cccfc2a0,0x00000000cef00000)
 Metaspace       used 93647K, committed 95040K, reserved 1179648K
  class space    used 9465K, committed 10176K, reserved 1048576K
}
Event: 6798.719 GC heap before
{Heap before GC invocations=18550 (full 306):
 PSYoungGen      total 3584K, used 3309K [0x00000000eab00000, 0x00000000eb000000, 0x0000000100000000)
  eden space 3072K, 99% used [0x00000000eab00000,0x00000000eadfb770,0x00000000eae00000)
  from space 512K, 50% used [0x00000000eaf80000,0x00000000eafc0000,0x00000000eb000000)
  to   space 1024K, 0% used [0x00000000eae00000,0x00000000eae00000,0x00000000eaf00000)
 ParOldGen       total 244736K, used 209904K [0x00000000c0000000, 0x00000000cef00000, 0x00000000eab00000)
  object space 244736K, 85% used [0x00000000c0000000,0x00000000cccfc2a0,0x00000000cef00000)
 Metaspace       used 93647K, committed 95040K, reserved 1179648K
  class space    used 9465K, committed 10176K, reserved 1048576K
}
Event: 6798.720 GC heap after
{Heap after GC invocations=18550 (full 306):
 PSYoungGen      total 4096K, used 997K [0x00000000eab00000, 0x00000000eb100000, 0x0000000100000000)
  eden space 3072K, 0% used [0x00000000eab00000,0x00000000eab00000,0x00000000eae00000)
  from space 1024K, 97% used [0x00000000eae00000,0x00000000eaef94f0,0x00000000eaf00000)
  to   space 1536K, 0% used [0x00000000eaf80000,0x00000000eaf80000,0x00000000eb100000)
 ParOldGen       total 244736K, used 210001K [0x00000000c0000000, 0x00000000cef00000, 0x00000000eab00000)
  object space 244736K, 85% used [0x00000000c0000000,0x00000000ccd145f8,0x00000000cef00000)
 Metaspace       used 93647K, committed 95040K, reserved 1179648K
  class space    used 9465K, committed 10176K, reserved 1048576K
}
Event: 6798.723 GC heap before
{Heap before GC invocations=18551 (full 306):
 PSYoungGen      total 4096K, used 4069K [0x00000000eab00000, 0x00000000eb100000, 0x0000000100000000)
  eden space 3072K, 100% used [0x00000000eab00000,0x00000000eae00000,0x00000000eae00000)
  from space 1024K, 97% used [0x00000000eae00000,0x00000000eaef94f0,0x00000000eaf00000)
  to   space 1536K, 0% used [0x00000000eaf80000,0x00000000eaf80000,0x00000000eb100000)
 ParOldGen       total 244736K, used 210001K [0x00000000c0000000, 0x00000000cef00000, 0x00000000eab00000)
  object space 244736K, 85% used [0x00000000c0000000,0x00000000ccd145f8,0x00000000cef00000)
 Metaspace       used 93647K, committed 95040K, reserved 1179648K
  class space    used 9465K, committed 10176K, reserved 1048576K
}
Event: 6798.724 GC heap after
{Heap after GC invocations=18551 (full 306):
 PSYoungGen      total 3584K, used 1524K [0x00000000eab00000, 0x00000000eb300000, 0x0000000100000000)
  eden space 2048K, 0% used [0x00000000eab00000,0x00000000eab00000,0x00000000ead00000)
  from space 1536K, 99% used [0x00000000eaf80000,0x00000000eb0fd280,0x00000000eb100000)
  to   space 2560K, 0% used [0x00000000ead00000,0x00000000ead00000,0x00000000eaf80000)
 ParOldGen       total 244736K, used 210619K [0x00000000c0000000, 0x00000000cef00000, 0x00000000eab00000)
  object space 244736K, 86% used [0x00000000c0000000,0x00000000ccdaee48,0x00000000cef00000)
 Metaspace       used 93647K, committed 95040K, reserved 1179648K
  class space    used 9465K, committed 10176K, reserved 1048576K
}
Event: 6798.725 GC heap before
{Heap before GC invocations=18552 (full 306):
 PSYoungGen      total 3584K, used 3572K [0x00000000eab00000, 0x00000000eb300000, 0x0000000100000000)
  eden space 2048K, 100% used [0x00000000eab00000,0x00000000ead00000,0x00000000ead00000)
  from space 1536K, 99% used [0x00000000eaf80000,0x00000000eb0fd280,0x00000000eb100000)
  to   space 2560K, 0% used [0x00000000ead00000,0x00000000ead00000,0x00000000eaf80000)
 ParOldGen       total 244736K, used 210619K [0x00000000c0000000, 0x00000000cef00000, 0x00000000eab00000)
  object space 244736K, 86% used [0x00000000c0000000,0x00000000ccdaee48,0x00000000cef00000)
 Metaspace       used 93647K, committed 95040K, reserved 1179648K
  class space    used 9465K, committed 10176K, reserved 1048576K
}
Event: 6798.726 GC heap after
{Heap after GC invocations=18552 (full 306):
 PSYoungGen      total 2560K, used 512K [0x00000000eab00000, 0x00000000eb000000, 0x0000000100000000)
  eden space 2048K, 0% used [0x00000000eab00000,0x00000000eab00000,0x00000000ead00000)
  from space 512K, 100% used [0x00000000ead00000,0x00000000ead80000,0x00000000ead80000)
  to   space 1536K, 0% used [0x00000000eae80000,0x00000000eae80000,0x00000000eb000000)
 ParOldGen       total 244736K, used 211404K [0x00000000c0000000, 0x00000000cef00000, 0x00000000eab00000)
  object space 244736K, 86% used [0x00000000c0000000,0x00000000cce733a0,0x00000000cef00000)
 Metaspace       used 93647K, committed 95040K, reserved 1179648K
  class space    used 9465K, committed 10176K, reserved 1048576K
}
Event: 6798.729 GC heap before
{Heap before GC invocations=18553 (full 306):
 PSYoungGen      total 2560K, used 2560K [0x00000000eab00000, 0x00000000eb000000, 0x0000000100000000)
  eden space 2048K, 100% used [0x00000000eab00000,0x00000000ead00000,0x00000000ead00000)
  from space 512K, 100% used [0x00000000ead00000,0x00000000ead80000,0x00000000ead80000)
  to   space 1536K, 0% used [0x00000000eae80000,0x00000000eae80000,0x00000000eb000000)
 ParOldGen       total 244736K, used 211404K [0x00000000c0000000, 0x00000000cef00000, 0x00000000eab00000)
  object space 244736K, 86% used [0x00000000c0000000,0x00000000cce733a0,0x00000000cef00000)
 Metaspace       used 93647K, committed 95040K, reserved 1179648K
  class space    used 9465K, committed 10176K, reserved 1048576K
}
Event: 6798.729 GC heap after
{Heap after GC invocations=18553 (full 306):
 PSYoungGen      total 3584K, used 960K [0x00000000eab00000, 0x00000000eb000000, 0x0000000100000000)
  eden space 2048K, 0% used [0x00000000eab00000,0x00000000eab00000,0x00000000ead00000)
  from space 1536K, 62% used [0x00000000eae80000,0x00000000eaf70000,0x00000000eb000000)
  to   space 1536K, 0% used [0x00000000ead00000,0x00000000ead00000,0x00000000eae80000)
 ParOldGen       total 244736K, used 211684K [0x00000000c0000000, 0x00000000cef00000, 0x00000000eab00000)
  object space 244736K, 86% used [0x00000000c0000000,0x00000000cceb93a0,0x00000000cef00000)
 Metaspace       used 93647K, committed 95040K, reserved 1179648K
  class space    used 9465K, committed 10176K, reserved 1048576K
}
Event: 6798.733 GC heap before
{Heap before GC invocations=18554 (full 306):
 PSYoungGen      total 3584K, used 3008K [0x00000000eab00000, 0x00000000eb000000, 0x0000000100000000)
  eden space 2048K, 100% used [0x00000000eab00000,0x00000000ead00000,0x00000000ead00000)
  from space 1536K, 62% used [0x00000000eae80000,0x00000000eaf70000,0x00000000eb000000)
  to   space 1536K, 0% used [0x00000000ead00000,0x00000000ead00000,0x00000000eae80000)
 ParOldGen       total 244736K, used 211684K [0x00000000c0000000, 0x00000000cef00000, 0x00000000eab00000)
  object space 244736K, 86% used [0x00000000c0000000,0x00000000cceb93a0,0x00000000cef00000)
 Metaspace       used 93647K, committed 95040K, reserved 1179648K
  class space    used 9465K, committed 10176K, reserved 1048576K
}
Event: 6798.734 GC heap after
{Heap after GC invocations=18554 (full 306):
 PSYoungGen      total 3584K, used 1376K [0x00000000eab00000, 0x00000000eb000000, 0x0000000100000000)
  eden space 2048K, 0% used [0x00000000eab00000,0x00000000eab00000,0x00000000ead00000)
  from space 1536K, 89% used [0x00000000ead00000,0x00000000eae58030,0x00000000eae80000)
  to   space 1536K, 0% used [0x00000000eae80000,0x00000000eae80000,0x00000000eb000000)
 ParOldGen       total 244736K, used 212548K [0x00000000c0000000, 0x00000000cef00000, 0x00000000eab00000)
  object space 244736K, 86% used [0x00000000c0000000,0x00000000ccf913a0,0x00000000cef00000)
 Metaspace       used 93647K, committed 95040K, reserved 1179648K
  class space    used 9465K, committed 10176K, reserved 1048576K
}
Event: 6798.735 GC heap before
{Heap before GC invocations=18555 (full 306):
 PSYoungGen      total 3584K, used 3424K [0x00000000eab00000, 0x00000000eb000000, 0x0000000100000000)
  eden space 2048K, 100% used [0x00000000eab00000,0x00000000ead00000,0x00000000ead00000)
  from space 1536K, 89% used [0x00000000ead00000,0x00000000eae58030,0x00000000eae80000)
  to   space 1536K, 0% used [0x00000000eae80000,0x00000000eae80000,0x00000000eb000000)
 ParOldGen       total 244736K, used 212548K [0x00000000c0000000, 0x00000000cef00000, 0x00000000eab00000)
  object space 244736K, 86% used [0x00000000c0000000,0x00000000ccf913a0,0x00000000cef00000)
 Metaspace       used 93647K, committed 95040K, reserved 1179648K
  class space    used 9465K, committed 10176K, reserved 1048576K
}
Event: 6798.736 GC heap after
{Heap after GC invocations=18555 (full 306):
 PSYoungGen      total 3584K, used 1088K [0x00000000eab00000, 0x00000000eb080000, 0x0000000100000000)
  eden space 2048K, 0% used [0x00000000eab00000,0x00000000eab00000,0x00000000ead00000)
  from space 1536K, 70% used [0x00000000eae80000,0x00000000eaf90020,0x00000000eb000000)
  to   space 1536K, 0% used [0x00000000ead00000,0x00000000ead00000,0x00000000eae80000)
 ParOldGen       total 244736K, used 213436K [0x00000000c0000000, 0x00000000cef00000, 0x00000000eab00000)
  object space 244736K, 87% used [0x00000000c0000000,0x00000000cd06f3b0,0x00000000cef00000)
 Metaspace       used 93647K, committed 95040K, reserved 1179648K
  class space    used 9465K, committed 10176K, reserved 1048576K
}
Event: 6798.740 GC heap before
{Heap before GC invocations=18556 (full 306):
 PSYoungGen      total 3584K, used 3136K [0x00000000eab00000, 0x00000000eb080000, 0x0000000100000000)
  eden space 2048K, 100% used [0x00000000eab00000,0x00000000ead00000,0x00000000ead00000)
  from space 1536K, 70% used [0x00000000eae80000,0x00000000eaf90020,0x00000000eb000000)
  to   space 1536K, 0% used [0x00000000ead00000,0x00000000ead00000,0x00000000eae80000)
 ParOldGen       total 244736K, used 213436K [0x00000000c0000000, 0x00000000cef00000, 0x00000000eab00000)
  object space 244736K, 87% used [0x00000000c0000000,0x00000000cd06f3b0,0x00000000cef00000)
 Metaspace       used 93647K, committed 95040K, reserved 1179648K
  class space    used 9465K, committed 10176K, reserved 1048576K
}

