# JRE version: Java(TM) SE Runtime Environment (18.0.2+9) (build 18.0.2+9-61)
# Java VM: Java HotSpot(TM) 64-Bit Server VM (18.0.2+9-61, mixed mode, sharing, tiered, compressed oops, compressed class ptrs, parallel gc, windows-amd64)
GC Precious Log:
 CardTable entry size: 512
 CPUs: 20 total, 20 available
 Memory: 65404M
 Large Page Support: Disabled
 NUMA Support: Disabled
 Compressed Oops: Enabled (32-bit)
 Alignments: Space 512K, Generation 512K, Heap 2M
 Heap Min Capacity: 100M
 Heap Initial Capacity: 100M
 Heap Max Capacity: 1G
 Pre-touch: Disabled
 Parallel Workers: 15
Heap:
 PSYoungGen      total 13824K, used 13772K [0x00000000eab00000, 0x00000000ebf00000, 0x0000000100000000)
  eden space 10240K, 100% used [0x00000000eab00000,0x00000000eb500000,0x00000000eb500000)
  from space 3584K, 98% used [0x00000000eb500000,0x00000000eb873000,0x00000000eb880000)
  to   space 4096K, 63% used [0x00000000ebb00000,0x00000000ebd86900,0x00000000ebf00000)
 ParOldGen       total 320512K, used 300068K [0x00000000c0000000, 0x00000000d3900000, 0x00000000eab00000)
  object space 320512K, 93% used [0x00000000c0000000,0x00000000d2509248,0x00000000d3900000)
 Metaspace       used 100943K, committed 102464K, reserved 1179648K
  class space    used 10086K, committed 10816K, reserved 1048576K
GC Heap History (20 events):
Event: 9416.228 GC heap after
{Heap after GC invocations=83534 (full 1468):
 PSYoungGen      total 11264K, used 1024K [0x00000000eab00000, 0x00000000ebf00000, 0x0000000100000000)
  eden space 10240K, 0% used [0x00000000eab00000,0x00000000eab00000,0x00000000eb500000)
  from space 1024K, 100% used [0x00000000ebe00000,0x00000000ebf00000,0x00000000ebf00000)
  to   space 4608K, 0% used [0x00000000eb600000,0x00000000eb600000,0x00000000eba80000)
 ParOldGen       total 320512K, used 261058K [0x00000000c0000000, 0x00000000d3900000, 0x00000000eab00000)
  object space 320512K, 81% used [0x00000000c0000000,0x00000000cfef0ac8,0x00000000d3900000)
 Metaspace       used 100940K, committed 102464K, reserved 1179648K
  class space    used 10086K, committed 10816K, reserved 1048576K
}
Event: 9416.243 GC heap before
{Heap before GC invocations=83535 (full 1468):
 PSYoungGen      total 11264K, used 11264K [0x00000000eab00000, 0x00000000ebf00000, 0x0000000100000000)
  eden space 10240K, 100% used [0x00000000eab00000,0x00000000eb500000,0x00000000eb500000)
  from space 1024K, 100% used [0x00000000ebe00000,0x00000000ebf00000,0x00000000ebf00000)
  to   space 4608K, 0% used [0x00000000eb600000,0x00000000eb600000,0x00000000eba80000)
 ParOldGen       total 320512K, used 261058K [0x00000000c0000000, 0x00000000d3900000, 0x00000000eab00000)
  object space 320512K, 81% used [0x00000000c0000000,0x00000000cfef0ac8,0x00000000d3900000)
 Metaspace       used 100940K, committed 102464K, reserved 1179648K
  class space    used 10086K, committed 10816K, reserved 1048576K
}
Event: 9416.245 GC heap after
{Heap after GC invocations=83535 (full 1468):
 PSYoungGen      total 14848K, used 4576K [0x00000000eab00000, 0x00000000ec500000, 0x0000000100000000)
  eden space 10240K, 0% used [0x00000000eab00000,0x00000000eab00000,0x00000000eb500000)
  from space 4608K, 99% used [0x00000000eb600000,0x00000000eba780c0,0x00000000eba80000)
  to   space 8192K, 0% used [0x00000000ebd00000,0x00000000ebd00000,0x00000000ec500000)
 ParOldGen       total 320512K, used 263793K [0x00000000c0000000, 0x00000000d3900000, 0x00000000eab00000)
  object space 320512K, 82% used [0x00000000c0000000,0x00000000d019c508,0x00000000d3900000)
 Metaspace       used 100940K, committed 102464K, reserved 1179648K
  class space    used 10086K, committed 10816K, reserved 1048576K
}
Event: 9416.256 GC heap before
{Heap before GC invocations=83536 (full 1468):
 PSYoungGen      total 14848K, used 14816K [0x00000000eab00000, 0x00000000ec500000, 0x0000000100000000)
  eden space 10240K, 100% used [0x00000000eab00000,0x00000000eb500000,0x00000000eb500000)
  from space 4608K, 99% used [0x00000000eb600000,0x00000000eba780c0,0x00000000eba80000)
  to   space 8192K, 0% used [0x00000000ebd00000,0x00000000ebd00000,0x00000000ec500000)
 ParOldGen       total 320512K, used 263793K [0x00000000c0000000, 0x00000000d3900000, 0x00000000eab00000)
  object space 320512K, 82% used [0x00000000c0000000,0x00000000d019c508,0x00000000d3900000)
 Metaspace       used 100943K, committed 102464K, reserved 1179648K
  class space    used 10086K, committed 10816K, reserved 1048576K
}
Event: 9416.258 GC heap after
{Heap after GC invocations=83536 (full 1468):
 PSYoungGen      total 14848K, used 4314K [0x00000000eab00000, 0x00000000ec180000, 0x0000000100000000)
  eden space 10240K, 0% used [0x00000000eab00000,0x00000000eab00000,0x00000000eb500000)
  from space 4608K, 93% used [0x00000000ebd00000,0x00000000ec136900,0x00000000ec180000)
  to   space 5632K, 0% used [0x00000000eb680000,0x00000000eb680000,0x00000000ebc00000)
 ParOldGen       total 320512K, used 268387K [0x00000000c0000000, 0x00000000d3900000, 0x00000000eab00000)
  object space 320512K, 83% used [0x00000000c0000000,0x00000000d0618dd0,0x00000000d3900000)
 Metaspace       used 100943K, committed 102464K, reserved 1179648K
  class space    used 10086K, committed 10816K, reserved 1048576K
}
Event: 9416.280 GC heap before
{Heap before GC invocations=83537 (full 1468):
 PSYoungGen      total 14848K, used 14554K [0x00000000eab00000, 0x00000000ec180000, 0x0000000100000000)
  eden space 10240K, 100% used [0x00000000eab00000,0x00000000eb500000,0x00000000eb500000)
  from space 4608K, 93% used [0x00000000ebd00000,0x00000000ec136900,0x00000000ec180000)
  to   space 5632K, 0% used [0x00000000eb680000,0x00000000eb680000,0x00000000ebc00000)
 ParOldGen       total 320512K, used 268387K [0x00000000c0000000, 0x00000000d3900000, 0x00000000eab00000)
  object space 320512K, 83% used [0x00000000c0000000,0x00000000d0618dd0,0x00000000d3900000)
 Metaspace       used 100943K, committed 102464K, reserved 1179648K
  class space    used 10086K, committed 10816K, reserved 1048576K
}
Event: 9416.282 GC heap after
{Heap after GC invocations=83537 (full 1468):
 PSYoungGen      total 12288K, used 1792K [0x00000000eab00000, 0x00000000ebd80000, 0x0000000100000000)
  eden space 10240K, 0% used [0x00000000eab00000,0x00000000eab00000,0x00000000eb500000)
  from space 2048K, 87% used [0x00000000eb680000,0x00000000eb840000,0x00000000eb880000)
  to   space 3072K, 0% used [0x00000000eba80000,0x00000000eba80000,0x00000000ebd80000)
 ParOldGen       total 320512K, used 272502K [0x00000000c0000000, 0x00000000d3900000, 0x00000000eab00000)
  object space 320512K, 85% used [0x00000000c0000000,0x00000000d0a1da58,0x00000000d3900000)
 Metaspace       used 100943K, committed 102464K, reserved 1179648K
  class space    used 10086K, committed 10816K, reserved 1048576K
}
Event: 9416.291 GC heap before
{Heap before GC invocations=83538 (full 1468):
 PSYoungGen      total 12288K, used 12032K [0x00000000eab00000, 0x00000000ebd80000, 0x0000000100000000)
  eden space 10240K, 100% used [0x00000000eab00000,0x00000000eb500000,0x00000000eb500000)
  from space 2048K, 87% used [0x00000000eb680000,0x00000000eb840000,0x00000000eb880000)
  to   space 3072K, 0% used [0x00000000eba80000,0x00000000eba80000,0x00000000ebd80000)
 ParOldGen       total 320512K, used 272502K [0x00000000c0000000, 0x00000000d3900000, 0x00000000eab00000)
  object space 320512K, 85% used [0x00000000c0000000,0x00000000d0a1da58,0x00000000d3900000)
 Metaspace       used 100943K, committed 102464K, reserved 1179648K
  class space    used 10086K, committed 10816K, reserved 1048576K
}
Event: 9416.293 GC heap after
{Heap after GC invocations=83538 (full 1468):
 PSYoungGen      total 9728K, used 3063K [0x00000000eab00000, 0x00000000ec700000, 0x0000000100000000)
  eden space 6656K, 0% used [0x00000000eab00000,0x00000000eab00000,0x00000000eb180000)
  from space 3072K, 99% used [0x00000000eba80000,0x00000000ebd7dc38,0x00000000ebd80000)
  to   space 9216K, 0% used [0x00000000eb180000,0x00000000eb180000,0x00000000eba80000)
 ParOldGen       total 320512K, used 277469K [0x00000000c0000000, 0x00000000d3900000, 0x00000000eab00000)
  object space 320512K, 86% used [0x00000000c0000000,0x00000000d0ef76b8,0x00000000d3900000)
 Metaspace       used 100943K, committed 102464K, reserved 1179648K
  class space    used 10086K, committed 10816K, reserved 1048576K
}
Event: 9416.298 GC heap before
{Heap before GC invocations=83539 (full 1468):
 PSYoungGen      total 9728K, used 9719K [0x00000000eab00000, 0x00000000ec700000, 0x0000000100000000)
  eden space 6656K, 100% used [0x00000000eab00000,0x00000000eb180000,0x00000000eb180000)
  from space 3072K, 99% used [0x00000000eba80000,0x00000000ebd7dc38,0x00000000ebd80000)
  to   space 9216K, 0% used [0x00000000eb180000,0x00000000eb180000,0x00000000eba80000)
 ParOldGen       total 320512K, used 277469K [0x00000000c0000000, 0x00000000d3900000, 0x00000000eab00000)
  object space 320512K, 86% used [0x00000000c0000000,0x00000000d0ef76b8,0x00000000d3900000)
 Metaspace       used 100943K, committed 102464K, reserved 1179648K
  class space    used 10086K, committed 10816K, reserved 1048576K
}
Event: 9416.301 GC heap after
{Heap after GC invocations=83539 (full 1468):
 PSYoungGen      total 11264K, used 4448K [0x00000000eab00000, 0x00000000ebf00000, 0x0000000100000000)
  eden space 6656K, 0% used [0x00000000eab00000,0x00000000eab00000,0x00000000eb180000)
  from space 4608K, 96% used [0x00000000eb180000,0x00000000eb5d8000,0x00000000eb600000)
  to   space 6144K, 0% used [0x00000000eb900000,0x00000000eb900000,0x00000000ebf00000)
 ParOldGen       total 320512K, used 280567K [0x00000000c0000000, 0x00000000d3900000, 0x00000000eab00000)
  object space 320512K, 87% used [0x00000000c0000000,0x00000000d11fdf58,0x00000000d3900000)
 Metaspace       used 100943K, committed 102464K, reserved 1179648K
  class space    used 10086K, committed 10816K, reserved 1048576K
}
Event: 9416.306 GC heap before
{Heap before GC invocations=83540 (full 1468):
 PSYoungGen      total 11264K, used 11104K [0x00000000eab00000, 0x00000000ebf00000, 0x0000000100000000)
  eden space 6656K, 100% used [0x00000000eab00000,0x00000000eb180000,0x00000000eb180000)
  from space 4608K, 96% used [0x00000000eb180000,0x00000000eb5d8000,0x00000000eb600000)
  to   space 6144K, 0% used [0x00000000eb900000,0x00000000eb900000,0x00000000ebf00000)
 ParOldGen       total 320512K, used 280567K [0x00000000c0000000, 0x00000000d3900000, 0x00000000eab00000)
  object space 320512K, 87% used [0x00000000c0000000,0x00000000d11fdf58,0x00000000d3900000)
 Metaspace       used 100943K, committed 102464K, reserved 1179648K
  class space    used 10086K, committed 10816K, reserved 1048576K
}
Event: 9416.311 GC heap after
{Heap after GC invocations=83540 (full 1468):
 PSYoungGen      total 12800K, used 4288K [0x00000000eab00000, 0x00000000ebd80000, 0x0000000100000000)
  eden space 8192K, 0% used [0x00000000eab00000,0x00000000eab00000,0x00000000eb300000)
  from space 4608K, 93% used [0x00000000eb900000,0x00000000ebd30000,0x00000000ebd80000)
  to   space 4608K, 0% used [0x00000000eb480000,0x00000000eb480000,0x00000000eb900000)
 ParOldGen       total 320512K, used 284943K [0x00000000c0000000, 0x00000000d3900000, 0x00000000eab00000)
  object space 320512K, 88% used [0x00000000c0000000,0x00000000d1643f68,0x00000000d3900000)
 Metaspace       used 100943K, committed 102464K, reserved 1179648K
  class space    used 10086K, committed 10816K, reserved 1048576K
}
Event: 9416.320 GC heap before
{Heap before GC invocations=83541 (full 1468):
 PSYoungGen      total 12800K, used 12308K [0x00000000eab00000, 0x00000000ebd80000, 0x0000000100000000)
  eden space 8192K, 97% used [0x00000000eab00000,0x00000000eb2d51e8,0x00000000eb300000)
  from space 4608K, 93% used [0x00000000eb900000,0x00000000ebd30000,0x00000000ebd80000)
  to   space 4608K, 0% used [0x00000000eb480000,0x00000000eb480000,0x00000000eb900000)
 ParOldGen       total 320512K, used 285157K [0x00000000c0000000, 0x00000000d3900000, 0x00000000eab00000)
  object space 320512K, 88% used [0x00000000c0000000,0x00000000d1679568,0x00000000d3900000)
 Metaspace       used 100943K, committed 102464K, reserved 1179648K
  class space    used 10086K, committed 10816K, reserved 1048576K
}
Event: 9416.324 GC heap after
{Heap after GC invocations=83541 (full 1468):
 PSYoungGen      total 12800K, used 4603K [0x00000000eab00000, 0x00000000ebd00000, 0x0000000100000000)
  eden space 8192K, 0% used [0x00000000eab00000,0x00000000eab00000,0x00000000eb300000)
  from space 4608K, 99% used [0x00000000eb480000,0x00000000eb8fec58,0x00000000eb900000)
  to   space 4096K, 0% used [0x00000000eb900000,0x00000000eb900000,0x00000000ebd00000)
 ParOldGen       total 320512K, used 289309K [0x00000000c0000000, 0x00000000d3900000, 0x00000000eab00000)
  object space 320512K, 90% used [0x00000000c0000000,0x00000000d1a877a8,0x00000000d3900000)
 Metaspace       used 100943K, committed 102464K, reserved 1179648K
  class space    used 10086K, committed 10816K, reserved 1048576K
}
Event: 9416.333 GC heap before
{Heap before GC invocations=83542 (full 1468):
 PSYoungGen      total 12800K, used 12795K [0x00000000eab00000, 0x00000000ebd00000, 0x0000000100000000)
  eden space 8192K, 100% used [0x00000000eab00000,0x00000000eb300000,0x00000000eb300000)
  from space 4608K, 99% used [0x00000000eb480000,0x00000000eb8fec58,0x00000000eb900000)
  to   space 4096K, 0% used [0x00000000eb900000,0x00000000eb900000,0x00000000ebd00000)
 ParOldGen       total 320512K, used 289312K [0x00000000c0000000, 0x00000000d3900000, 0x00000000eab00000)
  object space 320512K, 90% used [0x00000000c0000000,0x00000000d1a88200,0x00000000d3900000)
 Metaspace       used 100943K, committed 102464K, reserved 1179648K
  class space    used 10086K, committed 10816K, reserved 1048576K
}
Event: 9416.335 GC heap after
{Heap after GC invocations=83542 (full 1468):
 PSYoungGen      total 13312K, used 2858K [0x00000000eab00000, 0x00000000ebc00000, 0x0000000100000000)
  eden space 10240K, 0% used [0x00000000eab00000,0x00000000eab00000,0x00000000eb500000)
  from space 3072K, 93% used [0x00000000eb900000,0x00000000ebbcaa00,0x00000000ebc00000)
  to   space 3584K, 0% used [0x00000000eb500000,0x00000000eb500000,0x00000000eb880000)
 ParOldGen       total 320512K, used 293227K [0x00000000c0000000, 0x00000000d3900000, 0x00000000eab00000)
  object space 320512K, 91% used [0x00000000c0000000,0x00000000d1e5ad18,0x00000000d3900000)
 Metaspace       used 100943K, committed 102464K, reserved 1179648K
  class space    used 10086K, committed 10816K, reserved 1048576K
}
Event: 9416.348 GC heap before
{Heap before GC invocations=83543 (full 1468):
 PSYoungGen      total 13312K, used 13098K [0x00000000eab00000, 0x00000000ebc00000, 0x0000000100000000)
  eden space 10240K, 100% used [0x00000000eab00000,0x00000000eb500000,0x00000000eb500000)
  from space 3072K, 93% used [0x00000000eb900000,0x00000000ebbcaa00,0x00000000ebc00000)
  to   space 3584K, 0% used [0x00000000eb500000,0x00000000eb500000,0x00000000eb880000)
 ParOldGen       total 320512K, used 293227K [0x00000000c0000000, 0x00000000d3900000, 0x00000000eab00000)
  object space 320512K, 91% used [0x00000000c0000000,0x00000000d1e5ad18,0x00000000d3900000)
 Metaspace       used 100943K, committed 102464K, reserved 1179648K
  class space    used 10086K, committed 10816K, reserved 1048576K
}
Event: 9416.351 GC heap after
{Heap after GC invocations=83543 (full 1468):
 PSYoungGen      total 13824K, used 3532K [0x00000000eab00000, 0x00000000ebf00000, 0x0000000100000000)
  eden space 10240K, 0% used [0x00000000eab00000,0x00000000eab00000,0x00000000eb500000)
  from space 3584K, 98% used [0x00000000eb500000,0x00000000eb873000,0x00000000eb880000)
  to   space 4096K, 0% used [0x00000000ebb00000,0x00000000ebb00000,0x00000000ebf00000)
 ParOldGen       total 320512K, used 295882K [0x00000000c0000000, 0x00000000d3900000, 0x00000000eab00000)
  object space 320512K, 92% used [0x00000000c0000000,0x00000000d20f2be0,0x00000000d3900000)
 Metaspace       used 100943K, committed 102464K, reserved 1179648K
  class space    used 10086K, committed 10816K, reserved 1048576K
}
Event: 9416.372 GC heap before
{Heap before GC invocations=83544 (full 1468):
 PSYoungGen      total 13824K, used 13772K [0x00000000eab00000, 0x00000000ebf00000, 0x0000000100000000)
  eden space 10240K, 100% used [0x00000000eab00000,0x00000000eb500000,0x00000000eb500000)
  from space 3584K, 98% used [0x00000000eb500000,0x00000000eb873000,0x00000000eb880000)
  to   space 4096K, 0% used [0x00000000ebb00000,0x00000000ebb00000,0x00000000ebf00000)
 ParOldGen       total 320512K, used 295882K [0x00000000c0000000, 0x00000000d3900000, 0x00000000eab00000)
  object space 320512K, 92% used [0x00000000c0000000,0x00000000d20f2be0,0x00000000d3900000)
 Metaspace       used 100943K, committed 102464K, reserved 1179648K
  class space    used 10086K, committed 10816K, reserved 1048576K
}

