# JRE version: Java(TM) SE Runtime Environment (18.0.2+9) (build 18.0.2+9-61)
# Java VM: Java HotSpot(TM) 64-Bit Server VM (18.0.2+9-61, mixed mode, sharing, tiered, compressed oops, compressed class ptrs, parallel gc, windows-amd64)
GC Precious Log:
 CardTable entry size: 512
 CPUs: 20 total, 20 available
 Memory: 98172M
 Large Page Support: Disabled
 NUMA Support: Disabled
 Compressed Oops: Enabled (32-bit)
 Alignments: Space 512K, Generation 512K, Heap 2M
 Heap Min Capacity: 100M
 Heap Initial Capacity: 100M
 Heap Max Capacity: 1G
 Pre-touch: Disabled
 Parallel Workers: 15
Heap:
 PSYoungGen      total 9728K, used 9722K [0x00000000eab00000, 0x00000000ec700000, 0x0000000100000000)
  eden space 4608K, 100% used [0x00000000eab00000,0x00000000eaf80000,0x00000000eaf80000)
  from space 5120K, 99% used [0x00000000eb880000,0x00000000ebd7e900,0x00000000ebd80000)
  to   space 9216K, 25% used [0x00000000eaf80000,0x00000000eb1d0000,0x00000000eb880000)
 ParOldGen       total 472576K, used 433194K [0x00000000c0000000, 0x00000000dcd80000, 0x00000000eab00000)
  object space 472576K, 91% used [0x00000000c0000000,0x00000000da70ab48,0x00000000dcd80000)
 Metaspace       used 107596K, committed 109248K, reserved 1179648K
  class space    used 10654K, committed 11456K, reserved 1048576K
GC Heap History (20 events):
Event: 105454.533 GC heap after
{Heap after GC invocations=184512 (full 3492):
 PSYoungGen      total 6144K, used 1248K [0x00000000eab00000, 0x00000000eb380000, 0x0000000100000000)
  eden space 4608K, 0% used [0x00000000eab00000,0x00000000eab00000,0x00000000eaf80000)
  from space 1536K, 81% used [0x00000000eaf80000,0x00000000eb0b8000,0x00000000eb100000)
  to   space 2048K, 0% used [0x00000000eb180000,0x00000000eb180000,0x00000000eb380000)
 ParOldGen       total 451584K, used 426025K [0x00000000c0000000, 0x00000000db900000, 0x00000000eab00000)
  object space 451584K, 94% used [0x00000000c0000000,0x00000000da00a740,0x00000000db900000)
 Metaspace       used 107596K, committed 109248K, reserved 1179648K
  class space    used 10654K, committed 11456K, reserved 1048576K
}
Event: 105454.632 GC heap before
{Heap before GC invocations=184513 (full 3492):
 PSYoungGen      total 6144K, used 5576K [0x00000000eab00000, 0x00000000eb380000, 0x0000000100000000)
  eden space 4608K, 93% used [0x00000000eab00000,0x00000000eaf3a2c0,0x00000000eaf80000)
  from space 1536K, 81% used [0x00000000eaf80000,0x00000000eb0b8000,0x00000000eb100000)
  to   space 2048K, 0% used [0x00000000eb180000,0x00000000eb180000,0x00000000eb380000)
 ParOldGen       total 451584K, used 426025K [0x00000000c0000000, 0x00000000db900000, 0x00000000eab00000)
  object space 451584K, 94% used [0x00000000c0000000,0x00000000da00a740,0x00000000db900000)
 Metaspace       used 107596K, committed 109248K, reserved 1179648K
  class space    used 10654K, committed 11456K, reserved 1048576K
}
Event: 105454.633 GC heap after
{Heap after GC invocations=184513 (full 3492):
 PSYoungGen      total 5632K, used 1005K [0x00000000eab00000, 0x00000000eb280000, 0x0000000100000000)
  eden space 4608K, 0% used [0x00000000eab00000,0x00000000eab00000,0x00000000eaf80000)
  from space 1024K, 98% used [0x00000000eb180000,0x00000000eb27b650,0x00000000eb280000)
  to   space 1536K, 0% used [0x00000000eaf80000,0x00000000eaf80000,0x00000000eb100000)
 ParOldGen       total 451584K, used 427021K [0x00000000c0000000, 0x00000000db900000, 0x00000000eab00000)
  object space 451584K, 94% used [0x00000000c0000000,0x00000000da103420,0x00000000db900000)
 Metaspace       used 107596K, committed 109248K, reserved 1179648K
  class space    used 10654K, committed 11456K, reserved 1048576K
}
Event: 105454.640 GC heap before
{Heap before GC invocations=184514 (full 3492):
 PSYoungGen      total 5632K, used 5613K [0x00000000eab00000, 0x00000000eb280000, 0x0000000100000000)
  eden space 4608K, 100% used [0x00000000eab00000,0x00000000eaf80000,0x00000000eaf80000)
  from space 1024K, 98% used [0x00000000eb180000,0x00000000eb27b650,0x00000000eb280000)
  to   space 1536K, 0% used [0x00000000eaf80000,0x00000000eaf80000,0x00000000eb100000)
 ParOldGen       total 451584K, used 427021K [0x00000000c0000000, 0x00000000db900000, 0x00000000eab00000)
  object space 451584K, 94% used [0x00000000c0000000,0x00000000da103420,0x00000000db900000)
 Metaspace       used 107596K, committed 109248K, reserved 1179648K
  class space    used 10654K, committed 11456K, reserved 1048576K
}
Event: 105454.642 GC heap after
{Heap after GC invocations=184514 (full 3492):
 PSYoungGen      total 6144K, used 1531K [0x00000000eab00000, 0x00000000ebb80000, 0x0000000100000000)
  eden space 4608K, 0% used [0x00000000eab00000,0x00000000eab00000,0x00000000eaf80000)
  from space 1536K, 99% used [0x00000000eaf80000,0x00000000eb0feca0,0x00000000eb100000)
  to   space 6144K, 0% used [0x00000000eb580000,0x00000000eb580000,0x00000000ebb80000)
 ParOldGen       total 451584K, used 430797K [0x00000000c0000000, 0x00000000db900000, 0x00000000eab00000)
  object space 451584K, 95% used [0x00000000c0000000,0x00000000da4b3420,0x00000000db900000)
 Metaspace       used 107596K, committed 109248K, reserved 1179648K
  class space    used 10654K, committed 11456K, reserved 1048576K
}
Event: 105454.649 GC heap before
{Heap before GC invocations=184515 (full 3492):
 PSYoungGen      total 6144K, used 6139K [0x00000000eab00000, 0x00000000ebb80000, 0x0000000100000000)
  eden space 4608K, 100% used [0x00000000eab00000,0x00000000eaf80000,0x00000000eaf80000)
  from space 1536K, 99% used [0x00000000eaf80000,0x00000000eb0feca0,0x00000000eb100000)
  to   space 6144K, 0% used [0x00000000eb580000,0x00000000eb580000,0x00000000ebb80000)
 ParOldGen       total 451584K, used 430797K [0x00000000c0000000, 0x00000000db900000, 0x00000000eab00000)
  object space 451584K, 95% used [0x00000000c0000000,0x00000000da4b3420,0x00000000db900000)
 Metaspace       used 107596K, committed 109248K, reserved 1179648K
  class space    used 10654K, committed 11456K, reserved 1048576K
}
Event: 105454.652 GC heap after
{Heap after GC invocations=184515 (full 3492):
 PSYoungGen      total 10752K, used 4736K [0x00000000eab00000, 0x00000000eba80000, 0x0000000100000000)
  eden space 5632K, 0% used [0x00000000eab00000,0x00000000eab00000,0x00000000eb080000)
  from space 5120K, 92% used [0x00000000eb580000,0x00000000eba20000,0x00000000eba80000)
  to   space 5120K, 0% used [0x00000000eb080000,0x00000000eb080000,0x00000000eb580000)
 ParOldGen       total 451584K, used 432392K [0x00000000c0000000, 0x00000000db900000, 0x00000000eab00000)
  object space 451584K, 95% used [0x00000000c0000000,0x00000000da6420c0,0x00000000db900000)
 Metaspace       used 107596K, committed 109248K, reserved 1179648K
  class space    used 10654K, committed 11456K, reserved 1048576K
}
Event: 105454.666 GC heap before
{Heap before GC invocations=184516 (full 3492):
 PSYoungGen      total 10752K, used 10297K [0x00000000eab00000, 0x00000000eba80000, 0x0000000100000000)
  eden space 5632K, 98% used [0x00000000eab00000,0x00000000eb06e538,0x00000000eb080000)
  from space 5120K, 92% used [0x00000000eb580000,0x00000000eba20000,0x00000000eba80000)
  to   space 5120K, 0% used [0x00000000eb080000,0x00000000eb080000,0x00000000eb580000)
 ParOldGen       total 451584K, used 432392K [0x00000000c0000000, 0x00000000db900000, 0x00000000eab00000)
  object space 451584K, 95% used [0x00000000c0000000,0x00000000da6420c0,0x00000000db900000)
 Metaspace       used 107596K, committed 109248K, reserved 1179648K
  class space    used 10654K, committed 11456K, reserved 1048576K
}
Event: 105454.670 GC heap after
{Heap after GC invocations=184516 (full 3492):
 PSYoungGen      total 10752K, used 5113K [0x00000000eab00000, 0x00000000ec680000, 0x0000000100000000)
  eden space 5632K, 0% used [0x00000000eab00000,0x00000000eab00000,0x00000000eb080000)
  from space 5120K, 99% used [0x00000000eb080000,0x00000000eb57e600,0x00000000eb580000)
  to   space 10752K, 0% used [0x00000000ebc00000,0x00000000ebc00000,0x00000000ec680000)
 ParOldGen       total 451584K, used 437104K [0x00000000c0000000, 0x00000000db900000, 0x00000000eab00000)
  object space 451584K, 96% used [0x00000000c0000000,0x00000000daadc0c0,0x00000000db900000)
 Metaspace       used 107596K, committed 109248K, reserved 1179648K
  class space    used 10654K, committed 11456K, reserved 1048576K
}
Event: 105454.706 GC heap before
{Heap before GC invocations=184517 (full 3492):
 PSYoungGen      total 10752K, used 10745K [0x00000000eab00000, 0x00000000ec680000, 0x0000000100000000)
  eden space 5632K, 100% used [0x00000000eab00000,0x00000000eb080000,0x00000000eb080000)
  from space 5120K, 99% used [0x00000000eb080000,0x00000000eb57e600,0x00000000eb580000)
  to   space 10752K, 0% used [0x00000000ebc00000,0x00000000ebc00000,0x00000000ec680000)
 ParOldGen       total 451584K, used 437104K [0x00000000c0000000, 0x00000000db900000, 0x00000000eab00000)
  object space 451584K, 96% used [0x00000000c0000000,0x00000000daadc0c0,0x00000000db900000)
 Metaspace       used 107596K, committed 109248K, reserved 1179648K
  class space    used 10654K, committed 11456K, reserved 1048576K
}
Event: 105454.709 GC heap after
{Heap after GC invocations=184517 (full 3492):
 PSYoungGen      total 12288K, used 5254K [0x00000000eab00000, 0x00000000ec180000, 0x0000000100000000)
  eden space 6656K, 0% used [0x00000000eab00000,0x00000000eab00000,0x00000000eb180000)
  from space 5632K, 93% used [0x00000000ebc00000,0x00000000ec121900,0x00000000ec180000)
  to   space 7168K, 0% used [0x00000000eb380000,0x00000000eb380000,0x00000000eba80000)
 ParOldGen       total 451584K, used 441784K [0x00000000c0000000, 0x00000000db900000, 0x00000000eab00000)
  object space 451584K, 97% used [0x00000000c0000000,0x00000000daf6e0c0,0x00000000db900000)
 Metaspace       used 107596K, committed 109248K, reserved 1179648K
  class space    used 10654K, committed 11456K, reserved 1048576K
}
Event: 105454.724 GC heap before
{Heap before GC invocations=184518 (full 3492):
 PSYoungGen      total 12288K, used 11910K [0x00000000eab00000, 0x00000000ec180000, 0x0000000100000000)
  eden space 6656K, 100% used [0x00000000eab00000,0x00000000eb180000,0x00000000eb180000)
  from space 5632K, 93% used [0x00000000ebc00000,0x00000000ec121900,0x00000000ec180000)
  to   space 7168K, 0% used [0x00000000eb380000,0x00000000eb380000,0x00000000eba80000)
 ParOldGen       total 451584K, used 441784K [0x00000000c0000000, 0x00000000db900000, 0x00000000eab00000)
  object space 451584K, 97% used [0x00000000c0000000,0x00000000daf6e0c0,0x00000000db900000)
 Metaspace       used 107596K, committed 109248K, reserved 1179648K
  class space    used 10654K, committed 11456K, reserved 1048576K
}
Event: 105454.727 GC heap after
{Heap after GC invocations=184518 (full 3492):
 PSYoungGen      total 9216K, used 1184K [0x00000000eab00000, 0x00000000ebc80000, 0x0000000100000000)
  eden space 7680K, 0% used [0x00000000eab00000,0x00000000eab00000,0x00000000eb280000)
  from space 1536K, 77% used [0x00000000eb380000,0x00000000eb4a8000,0x00000000eb500000)
  to   space 3072K, 0% used [0x00000000eb980000,0x00000000eb980000,0x00000000ebc80000)
 ParOldGen       total 451584K, used 446816K [0x00000000c0000000, 0x00000000db900000, 0x00000000eab00000)
  object space 451584K, 98% used [0x00000000c0000000,0x00000000db4582e0,0x00000000db900000)
 Metaspace       used 107596K, committed 109248K, reserved 1179648K
  class space    used 10654K, committed 11456K, reserved 1048576K
}
Event: 105454.727 GC heap before
{Heap before GC invocations=184519 (full 3493):
 PSYoungGen      total 9216K, used 1184K [0x00000000eab00000, 0x00000000ebc80000, 0x0000000100000000)
  eden space 7680K, 0% used [0x00000000eab00000,0x00000000eab00000,0x00000000eb280000)
  from space 1536K, 77% used [0x00000000eb380000,0x00000000eb4a8000,0x00000000eb500000)
  to   space 3072K, 0% used [0x00000000eb980000,0x00000000eb980000,0x00000000ebc80000)
 ParOldGen       total 451584K, used 446816K [0x00000000c0000000, 0x00000000db900000, 0x00000000eab00000)
  object space 451584K, 98% used [0x00000000c0000000,0x00000000db4582e0,0x00000000db900000)
 Metaspace       used 107596K, committed 109248K, reserved 1179648K
  class space    used 10654K, committed 11456K, reserved 1048576K
}
Event: 105454.856 GC heap after
{Heap after GC invocations=184519 (full 3493):
 PSYoungGen      total 9216K, used 0K [0x00000000eab00000, 0x00000000eba00000, 0x0000000100000000)
  eden space 8704K, 0% used [0x00000000eab00000,0x00000000eab00000,0x00000000eb380000)
  from space 512K, 0% used [0x00000000eb980000,0x00000000eb980000,0x00000000eba00000)
  to   space 3072K, 0% used [0x00000000eb400000,0x00000000eb400000,0x00000000eb700000)
 ParOldGen       total 472576K, used 423903K [0x00000000c0000000, 0x00000000dcd80000, 0x00000000eab00000)
  object space 472576K, 89% used [0x00000000c0000000,0x00000000d9df7df8,0x00000000dcd80000)
 Metaspace       used 107596K, committed 109248K, reserved 1179648K
  class space    used 10654K, committed 11456K, reserved 1048576K
}
Event: 105454.866 GC heap before
{Heap before GC invocations=184520 (full 3493):
 PSYoungGen      total 9216K, used 8704K [0x00000000eab00000, 0x00000000eba00000, 0x0000000100000000)
  eden space 8704K, 100% used [0x00000000eab00000,0x00000000eb380000,0x00000000eb380000)
  from space 512K, 0% used [0x00000000eb980000,0x00000000eb980000,0x00000000eba00000)
  to   space 3072K, 0% used [0x00000000eb400000,0x00000000eb400000,0x00000000eb700000)
 ParOldGen       total 472576K, used 423903K [0x00000000c0000000, 0x00000000dcd80000, 0x00000000eab00000)
  object space 472576K, 89% used [0x00000000c0000000,0x00000000d9df7df8,0x00000000dcd80000)
 Metaspace       used 107596K, committed 109248K, reserved 1179648K
  class space    used 10654K, committed 11456K, reserved 1048576K
}
Event: 105454.867 GC heap after
{Heap after GC invocations=184520 (full 3493):
 PSYoungGen      total 11776K, used 3046K [0x00000000eab00000, 0x00000000ebd80000, 0x0000000100000000)
  eden space 8704K, 0% used [0x00000000eab00000,0x00000000eab00000,0x00000000eb380000)
  from space 3072K, 99% used [0x00000000eb400000,0x00000000eb6f99d8,0x00000000eb700000)
  to   space 5120K, 0% used [0x00000000eb880000,0x00000000eb880000,0x00000000ebd80000)
 ParOldGen       total 472576K, used 424975K [0x00000000c0000000, 0x00000000dcd80000, 0x00000000eab00000)
  object space 472576K, 89% used [0x00000000c0000000,0x00000000d9f03df8,0x00000000dcd80000)
 Metaspace       used 107596K, committed 109248K, reserved 1179648K
  class space    used 10654K, committed 11456K, reserved 1048576K
}
Event: 105454.873 GC heap before
{Heap before GC invocations=184521 (full 3493):
 PSYoungGen      total 11776K, used 11750K [0x00000000eab00000, 0x00000000ebd80000, 0x0000000100000000)
  eden space 8704K, 100% used [0x00000000eab00000,0x00000000eb380000,0x00000000eb380000)
  from space 3072K, 99% used [0x00000000eb400000,0x00000000eb6f99d8,0x00000000eb700000)
  to   space 5120K, 0% used [0x00000000eb880000,0x00000000eb880000,0x00000000ebd80000)
 ParOldGen       total 472576K, used 424975K [0x00000000c0000000, 0x00000000dcd80000, 0x00000000eab00000)
  object space 472576K, 89% used [0x00000000c0000000,0x00000000d9f03df8,0x00000000dcd80000)
 Metaspace       used 107596K, committed 109248K, reserved 1179648K
  class space    used 10654K, committed 11456K, reserved 1048576K
}
Event: 105454.875 GC heap after
{Heap after GC invocations=184521 (full 3493):
 PSYoungGen      total 9728K, used 5114K [0x00000000eab00000, 0x00000000ec700000, 0x0000000100000000)
  eden space 4608K, 0% used [0x00000000eab00000,0x00000000eab00000,0x00000000eaf80000)
  from space 5120K, 99% used [0x00000000eb880000,0x00000000ebd7e900,0x00000000ebd80000)
  to   space 9216K, 0% used [0x00000000eaf80000,0x00000000eaf80000,0x00000000eb880000)
 ParOldGen       total 472576K, used 428106K [0x00000000c0000000, 0x00000000dcd80000, 0x00000000eab00000)
  object space 472576K, 90% used [0x00000000c0000000,0x00000000da212810,0x00000000dcd80000)
 Metaspace       used 107596K, committed 109248K, reserved 1179648K
  class space    used 10654K, committed 11456K, reserved 1048576K
}
Event: 105454.878 GC heap before
{Heap before GC invocations=184522 (full 3493):
 PSYoungGen      total 9728K, used 9722K [0x00000000eab00000, 0x00000000ec700000, 0x0000000100000000)
  eden space 4608K, 100% used [0x00000000eab00000,0x00000000eaf80000,0x00000000eaf80000)
  from space 5120K, 99% used [0x00000000eb880000,0x00000000ebd7e900,0x00000000ebd80000)
  to   space 9216K, 0% used [0x00000000eaf80000,0x00000000eaf80000,0x00000000eb880000)
 ParOldGen       total 472576K, used 428106K [0x00000000c0000000, 0x00000000dcd80000, 0x00000000eab00000)
  object space 472576K, 90% used [0x00000000c0000000,0x00000000da212810,0x00000000dcd80000)
 Metaspace       used 107596K, committed 109248K, reserved 1179648K
  class space    used 10654K, committed 11456K, reserved 1048576K
}

