# JRE version: Java(TM) SE Runtime Environment (18.0.2+9) (build 18.0.2+9-61)
# Java VM: Java HotSpot(TM) 64-Bit Server VM (18.0.2+9-61, mixed mode, sharing, tiered, compressed oops, compressed class ptrs, parallel gc, windows-amd64)
GC Precious Log:
 CardTable entry size: 512
 CPUs: 20 total, 20 available
 Memory: 65404M
 Large Page Support: Disabled
 NUMA Support: Disabled
 Compressed Oops: Enabled (32-bit)
 Alignments: Space 512K, Generation 512K, Heap 2M
 Heap Min Capacity: 100M
 Heap Initial Capacity: 100M
 Heap Max Capacity: 1G
 Pre-touch: Disabled
 Parallel Workers: 15
Heap:
 PSYoungGen      total 3584K, used 3360K [0x00000000eab00000, 0x00000000eb100000, 0x0000000100000000)
  eden space 1536K, 100% used [0x00000000eab00000,0x00000000eac80000,0x00000000eac80000)
  from space 2048K, 89% used [0x00000000eac80000,0x00000000eae48000,0x00000000eae80000)
  to   space 2048K, 55% used [0x00000000eaf00000,0x00000000eb01e900,0x00000000eb100000)
 ParOldGen       total 242176K, used 231256K [0x00000000c0000000, 0x00000000cec80000, 0x00000000eab00000)
  object space 242176K, 95% used [0x00000000c0000000,0x00000000ce1d61f8,0x00000000cec80000)
 Metaspace       used 80552K, committed 81984K, reserved 1179648K
  class space    used 8546K, committed 9216K, reserved 1048576K
GC Heap History (20 events):
Event: 87.291 GC heap after
{Heap after GC invocations=253 (full 10):
 PSYoungGen      total 2560K, used 1024K [0x00000000eab00000, 0x00000000eb180000, 0x0000000100000000)
  eden space 1536K, 0% used [0x00000000eab00000,0x00000000eab00000,0x00000000eac80000)
  from space 1024K, 100% used [0x00000000eae80000,0x00000000eaf80000,0x00000000eaf80000)
  to   space 2048K, 0% used [0x00000000eac80000,0x00000000eac80000,0x00000000eae80000)
 ParOldGen       total 242176K, used 221767K [0x00000000c0000000, 0x00000000cec80000, 0x00000000eab00000)
  object space 242176K, 91% used [0x00000000c0000000,0x00000000cd891f88,0x00000000cec80000)
 Metaspace       used 80518K, committed 81920K, reserved 1179648K
  class space    used 8542K, committed 9216K, reserved 1048576K
}
Event: 87.297 GC heap before
{Heap before GC invocations=254 (full 10):
 PSYoungGen      total 2560K, used 2560K [0x00000000eab00000, 0x00000000eb180000, 0x0000000100000000)
  eden space 1536K, 100% used [0x00000000eab00000,0x00000000eac80000,0x00000000eac80000)
  from space 1024K, 100% used [0x00000000eae80000,0x00000000eaf80000,0x00000000eaf80000)
  to   space 2048K, 0% used [0x00000000eac80000,0x00000000eac80000,0x00000000eae80000)
 ParOldGen       total 242176K, used 221767K [0x00000000c0000000, 0x00000000cec80000, 0x00000000eab00000)
  object space 242176K, 91% used [0x00000000c0000000,0x00000000cd891f88,0x00000000cec80000)
 Metaspace       used 80524K, committed 81984K, reserved 1179648K
  class space    used 8542K, committed 9216K, reserved 1048576K
}
Event: 87.298 GC heap after
{Heap after GC invocations=254 (full 10):
 PSYoungGen      total 2560K, used 695K [0x00000000eab00000, 0x00000000eaf80000, 0x0000000100000000)
  eden space 1536K, 0% used [0x00000000eab00000,0x00000000eab00000,0x00000000eac80000)
  from space 1024K, 67% used [0x00000000eac80000,0x00000000ead2ddd0,0x00000000ead80000)
  to   space 1536K, 0% used [0x00000000eae00000,0x00000000eae00000,0x00000000eaf80000)
 ParOldGen       total 242176K, used 222622K [0x00000000c0000000, 0x00000000cec80000, 0x00000000eab00000)
  object space 242176K, 91% used [0x00000000c0000000,0x00000000cd967bc8,0x00000000cec80000)
 Metaspace       used 80524K, committed 81984K, reserved 1179648K
  class space    used 8542K, committed 9216K, reserved 1048576K
}
Event: 87.309 GC heap before
{Heap before GC invocations=255 (full 10):
 PSYoungGen      total 2560K, used 2230K [0x00000000eab00000, 0x00000000eaf80000, 0x0000000100000000)
  eden space 1536K, 99% used [0x00000000eab00000,0x00000000eac7fda8,0x00000000eac80000)
  from space 1024K, 67% used [0x00000000eac80000,0x00000000ead2ddd0,0x00000000ead80000)
  to   space 1536K, 0% used [0x00000000eae00000,0x00000000eae00000,0x00000000eaf80000)
 ParOldGen       total 242176K, used 222622K [0x00000000c0000000, 0x00000000cec80000, 0x00000000eab00000)
  object space 242176K, 91% used [0x00000000c0000000,0x00000000cd967bc8,0x00000000cec80000)
 Metaspace       used 80552K, committed 81984K, reserved 1179648K
  class space    used 8546K, committed 9216K, reserved 1048576K
}
Event: 87.310 GC heap after
{Heap after GC invocations=255 (full 10):
 PSYoungGen      total 2048K, used 512K [0x00000000eab00000, 0x00000000eae80000, 0x0000000100000000)
  eden space 1536K, 0% used [0x00000000eab00000,0x00000000eab00000,0x00000000eac80000)
  from space 512K, 100% used [0x00000000eae00000,0x00000000eae80000,0x00000000eae80000)
  to   space 1024K, 0% used [0x00000000eac80000,0x00000000eac80000,0x00000000ead80000)
 ParOldGen       total 242176K, used 223180K [0x00000000c0000000, 0x00000000cec80000, 0x00000000eab00000)
  object space 242176K, 92% used [0x00000000c0000000,0x00000000cd9f3128,0x00000000cec80000)
 Metaspace       used 80552K, committed 81984K, reserved 1179648K
  class space    used 8546K, committed 9216K, reserved 1048576K
}
Event: 87.312 GC heap before
{Heap before GC invocations=256 (full 10):
 PSYoungGen      total 2048K, used 2048K [0x00000000eab00000, 0x00000000eae80000, 0x0000000100000000)
  eden space 1536K, 100% used [0x00000000eab00000,0x00000000eac80000,0x00000000eac80000)
  from space 512K, 100% used [0x00000000eae00000,0x00000000eae80000,0x00000000eae80000)
  to   space 1024K, 0% used [0x00000000eac80000,0x00000000eac80000,0x00000000ead80000)
 ParOldGen       total 242176K, used 223180K [0x00000000c0000000, 0x00000000cec80000, 0x00000000eab00000)
  object space 242176K, 92% used [0x00000000c0000000,0x00000000cd9f3128,0x00000000cec80000)
 Metaspace       used 80552K, committed 81984K, reserved 1179648K
  class space    used 8546K, committed 9216K, reserved 1048576K
}
Event: 87.313 GC heap after
{Heap after GC invocations=256 (full 10):
 PSYoungGen      total 2560K, used 1003K [0x00000000eab00000, 0x00000000eaf80000, 0x0000000100000000)
  eden space 1536K, 0% used [0x00000000eab00000,0x00000000eab00000,0x00000000eac80000)
  from space 1024K, 98% used [0x00000000eac80000,0x00000000ead7aec0,0x00000000ead80000)
  to   space 1536K, 0% used [0x00000000eae00000,0x00000000eae00000,0x00000000eaf80000)
 ParOldGen       total 242176K, used 223468K [0x00000000c0000000, 0x00000000cec80000, 0x00000000eab00000)
  object space 242176K, 92% used [0x00000000c0000000,0x00000000cda3b338,0x00000000cec80000)
 Metaspace       used 80552K, committed 81984K, reserved 1179648K
  class space    used 8546K, committed 9216K, reserved 1048576K
}
Event: 87.315 GC heap before
{Heap before GC invocations=257 (full 10):
 PSYoungGen      total 2560K, used 2539K [0x00000000eab00000, 0x00000000eaf80000, 0x0000000100000000)
  eden space 1536K, 100% used [0x00000000eab00000,0x00000000eac80000,0x00000000eac80000)
  from space 1024K, 98% used [0x00000000eac80000,0x00000000ead7aec0,0x00000000ead80000)
  to   space 1536K, 0% used [0x00000000eae00000,0x00000000eae00000,0x00000000eaf80000)
 ParOldGen       total 242176K, used 223468K [0x00000000c0000000, 0x00000000cec80000, 0x00000000eab00000)
  object space 242176K, 92% used [0x00000000c0000000,0x00000000cda3b338,0x00000000cec80000)
 Metaspace       used 80552K, committed 81984K, reserved 1179648K
  class space    used 8546K, committed 9216K, reserved 1048576K
}
Event: 87.316 GC heap after
{Heap after GC invocations=257 (full 10):
 PSYoungGen      total 2048K, used 1536K [0x00000000eab00000, 0x00000000eb300000, 0x0000000100000000)
  eden space 512K, 0% used [0x00000000eab00000,0x00000000eab00000,0x00000000eab80000)
  from space 1536K, 100% used [0x00000000eae00000,0x00000000eaf80000,0x00000000eaf80000)
  to   space 2560K, 0% used [0x00000000eab80000,0x00000000eab80000,0x00000000eae00000)
 ParOldGen       total 242176K, used 224408K [0x00000000c0000000, 0x00000000cec80000, 0x00000000eab00000)
  object space 242176K, 92% used [0x00000000c0000000,0x00000000cdb261f8,0x00000000cec80000)
 Metaspace       used 80552K, committed 81984K, reserved 1179648K
  class space    used 8546K, committed 9216K, reserved 1048576K
}
Event: 87.317 GC heap before
{Heap before GC invocations=258 (full 10):
 PSYoungGen      total 2048K, used 2048K [0x00000000eab00000, 0x00000000eb300000, 0x0000000100000000)
  eden space 512K, 100% used [0x00000000eab00000,0x00000000eab80000,0x00000000eab80000)
  from space 1536K, 100% used [0x00000000eae00000,0x00000000eaf80000,0x00000000eaf80000)
  to   space 2560K, 0% used [0x00000000eab80000,0x00000000eab80000,0x00000000eae00000)
 ParOldGen       total 242176K, used 224408K [0x00000000c0000000, 0x00000000cec80000, 0x00000000eab00000)
  object space 242176K, 92% used [0x00000000c0000000,0x00000000cdb261f8,0x00000000cec80000)
 Metaspace       used 80552K, committed 81984K, reserved 1179648K
  class space    used 8546K, committed 9216K, reserved 1048576K
}
Event: 87.318 GC heap after
{Heap after GC invocations=258 (full 10):
 PSYoungGen      total 1536K, used 672K [0x00000000eab00000, 0x00000000eaf00000, 0x0000000100000000)
  eden space 512K, 0% used [0x00000000eab00000,0x00000000eab00000,0x00000000eab80000)
  from space 1024K, 65% used [0x00000000eab80000,0x00000000eac28000,0x00000000eac80000)
  to   space 1536K, 0% used [0x00000000ead80000,0x00000000ead80000,0x00000000eaf00000)
 ParOldGen       total 242176K, used 225920K [0x00000000c0000000, 0x00000000cec80000, 0x00000000eab00000)
  object space 242176K, 93% used [0x00000000c0000000,0x00000000cdca01f8,0x00000000cec80000)
 Metaspace       used 80552K, committed 81984K, reserved 1179648K
  class space    used 8546K, committed 9216K, reserved 1048576K
}
Event: 87.319 GC heap before
{Heap before GC invocations=259 (full 10):
 PSYoungGen      total 1536K, used 1183K [0x00000000eab00000, 0x00000000eaf00000, 0x0000000100000000)
  eden space 512K, 99% used [0x00000000eab00000,0x00000000eab7ffc8,0x00000000eab80000)
  from space 1024K, 65% used [0x00000000eab80000,0x00000000eac28000,0x00000000eac80000)
  to   space 1536K, 0% used [0x00000000ead80000,0x00000000ead80000,0x00000000eaf00000)
 ParOldGen       total 242176K, used 225920K [0x00000000c0000000, 0x00000000cec80000, 0x00000000eab00000)
  object space 242176K, 93% used [0x00000000c0000000,0x00000000cdca01f8,0x00000000cec80000)
 Metaspace       used 80552K, committed 81984K, reserved 1179648K
  class space    used 8546K, committed 9216K, reserved 1048576K
}
Event: 87.320 GC heap after
{Heap after GC invocations=259 (full 10):
 PSYoungGen      total 2048K, used 672K [0x00000000eab00000, 0x00000000eae80000, 0x0000000100000000)
  eden space 1024K, 0% used [0x00000000eab00000,0x00000000eab00000,0x00000000eac00000)
  from space 1024K, 65% used [0x00000000ead80000,0x00000000eae28000,0x00000000eae80000)
  to   space 1024K, 0% used [0x00000000eac80000,0x00000000eac80000,0x00000000ead80000)
 ParOldGen       total 242176K, used 226480K [0x00000000c0000000, 0x00000000cec80000, 0x00000000eab00000)
  object space 242176K, 93% used [0x00000000c0000000,0x00000000cdd2c1f8,0x00000000cec80000)
 Metaspace       used 80552K, committed 81984K, reserved 1179648K
  class space    used 8546K, committed 9216K, reserved 1048576K
}
Event: 87.322 GC heap before
{Heap before GC invocations=260 (full 10):
 PSYoungGen      total 2048K, used 1696K [0x00000000eab00000, 0x00000000eae80000, 0x0000000100000000)
  eden space 1024K, 100% used [0x00000000eab00000,0x00000000eac00000,0x00000000eac00000)
  from space 1024K, 65% used [0x00000000ead80000,0x00000000eae28000,0x00000000eae80000)
  to   space 1024K, 0% used [0x00000000eac80000,0x00000000eac80000,0x00000000ead80000)
 ParOldGen       total 242176K, used 226480K [0x00000000c0000000, 0x00000000cec80000, 0x00000000eab00000)
  object space 242176K, 93% used [0x00000000c0000000,0x00000000cdd2c1f8,0x00000000cec80000)
 Metaspace       used 80552K, committed 81984K, reserved 1179648K
  class space    used 8546K, committed 9216K, reserved 1048576K
}
Event: 87.323 GC heap after
{Heap after GC invocations=260 (full 10):
 PSYoungGen      total 2560K, used 1024K [0x00000000eab00000, 0x00000000eb080000, 0x0000000100000000)
  eden space 1536K, 0% used [0x00000000eab00000,0x00000000eab00000,0x00000000eac80000)
  from space 1024K, 100% used [0x00000000eac80000,0x00000000ead80000,0x00000000ead80000)
  to   space 2048K, 0% used [0x00000000eae80000,0x00000000eae80000,0x00000000eb080000)
 ParOldGen       total 242176K, used 227104K [0x00000000c0000000, 0x00000000cec80000, 0x00000000eab00000)
  object space 242176K, 93% used [0x00000000c0000000,0x00000000cddc81f8,0x00000000cec80000)
 Metaspace       used 80552K, committed 81984K, reserved 1179648K
  class space    used 8546K, committed 9216K, reserved 1048576K
}
Event: 87.325 GC heap before
{Heap before GC invocations=261 (full 10):
 PSYoungGen      total 2560K, used 2560K [0x00000000eab00000, 0x00000000eb080000, 0x0000000100000000)
  eden space 1536K, 100% used [0x00000000eab00000,0x00000000eac80000,0x00000000eac80000)
  from space 1024K, 100% used [0x00000000eac80000,0x00000000ead80000,0x00000000ead80000)
  to   space 2048K, 0% used [0x00000000eae80000,0x00000000eae80000,0x00000000eb080000)
 ParOldGen       total 242176K, used 227104K [0x00000000c0000000, 0x00000000cec80000, 0x00000000eab00000)
  object space 242176K, 93% used [0x00000000c0000000,0x00000000cddc81f8,0x00000000cec80000)
 Metaspace       used 80552K, committed 81984K, reserved 1179648K
  class space    used 8546K, committed 9216K, reserved 1048576K
}
Event: 87.327 GC heap after
{Heap after GC invocations=261 (full 10):
 PSYoungGen      total 3584K, used 1760K [0x00000000eab00000, 0x00000000eb100000, 0x0000000100000000)
  eden space 1536K, 0% used [0x00000000eab00000,0x00000000eab00000,0x00000000eac80000)
  from space 2048K, 85% used [0x00000000eae80000,0x00000000eb038000,0x00000000eb080000)
  to   space 2048K, 0% used [0x00000000eac80000,0x00000000eac80000,0x00000000eae80000)
 ParOldGen       total 242176K, used 228096K [0x00000000c0000000, 0x00000000cec80000, 0x00000000eab00000)
  object space 242176K, 94% used [0x00000000c0000000,0x00000000cdec01f8,0x00000000cec80000)
 Metaspace       used 80552K, committed 81984K, reserved 1179648K
  class space    used 8546K, committed 9216K, reserved 1048576K
}
Event: 87.329 GC heap before
{Heap before GC invocations=262 (full 10):
 PSYoungGen      total 3584K, used 3296K [0x00000000eab00000, 0x00000000eb100000, 0x0000000100000000)
  eden space 1536K, 100% used [0x00000000eab00000,0x00000000eac80000,0x00000000eac80000)
  from space 2048K, 85% used [0x00000000eae80000,0x00000000eb038000,0x00000000eb080000)
  to   space 2048K, 0% used [0x00000000eac80000,0x00000000eac80000,0x00000000eae80000)
 ParOldGen       total 242176K, used 228096K [0x00000000c0000000, 0x00000000cec80000, 0x00000000eab00000)
  object space 242176K, 94% used [0x00000000c0000000,0x00000000cdec01f8,0x00000000cec80000)
 Metaspace       used 80552K, committed 81984K, reserved 1179648K
  class space    used 8546K, committed 9216K, reserved 1048576K
}
Event: 87.331 GC heap after
{Heap after GC invocations=262 (full 10):
 PSYoungGen      total 3584K, used 1824K [0x00000000eab00000, 0x00000000eb100000, 0x0000000100000000)
  eden space 1536K, 0% used [0x00000000eab00000,0x00000000eab00000,0x00000000eac80000)
  from space 2048K, 89% used [0x00000000eac80000,0x00000000eae48000,0x00000000eae80000)
  to   space 2048K, 0% used [0x00000000eaf00000,0x00000000eaf00000,0x00000000eb100000)
 ParOldGen       total 242176K, used 229680K [0x00000000c0000000, 0x00000000cec80000, 0x00000000eab00000)
  object space 242176K, 94% used [0x00000000c0000000,0x00000000ce04c1f8,0x00000000cec80000)
 Metaspace       used 80552K, committed 81984K, reserved 1179648K
  class space    used 8546K, committed 9216K, reserved 1048576K
}
Event: 87.335 GC heap before
{Heap before GC invocations=263 (full 10):
 PSYoungGen      total 3584K, used 3360K [0x00000000eab00000, 0x00000000eb100000, 0x0000000100000000)
  eden space 1536K, 100% used [0x00000000eab00000,0x00000000eac80000,0x00000000eac80000)
  from space 2048K, 89% used [0x00000000eac80000,0x00000000eae48000,0x00000000eae80000)
  to   space 2048K, 0% used [0x00000000eaf00000,0x00000000eaf00000,0x00000000eb100000)
 ParOldGen       total 242176K, used 229680K [0x00000000c0000000, 0x00000000cec80000, 0x00000000eab00000)
  object space 242176K, 94% used [0x00000000c0000000,0x00000000ce04c1f8,0x00000000cec80000)
 Metaspace       used 80552K, committed 81984K, reserved 1179648K
  class space    used 8546K, committed 9216K, reserved 1048576K
}

