# JRE version: Java(TM) SE Runtime Environment (18.0.2+9) (build 18.0.2+9-61)
# Java VM: Java HotSpot(TM) 64-Bit Server VM (18.0.2+9-61, mixed mode, sharing, tiered, compressed oops, compressed class ptrs, parallel gc, windows-amd64)
GC Precious Log:
 CardTable entry size: 512
 CPUs: 20 total, 20 available
 Memory: 98172M
 Large Page Support: Disabled
 NUMA Support: Disabled
 Compressed Oops: Enabled (32-bit)
 Alignments: Space 512K, Generation 512K, Heap 2M
 Heap Min Capacity: 100M
 Heap Initial Capacity: 100M
 Heap Max Capacity: 1G
 Pre-touch: Disabled
 Parallel Workers: 15
Heap:
 PSYoungGen      total 3072K, used 2586K [0x00000000eab00000, 0x00000000eaf00000, 0x0000000100000000)
  eden space 2048K, 100% used [0x00000000eab00000,0x00000000ead00000,0x00000000ead00000)
  from space 1024K, 52% used [0x00000000eae00000,0x00000000eae86900,0x00000000eaf00000)
  to   space 1024K, 98% used [0x00000000ead00000,0x00000000eadfaec0,0x00000000eae00000)
 ParOldGen       total 164864K, used 155448K [0x00000000c0000000, 0x00000000ca100000, 0x00000000eab00000)
  object space 164864K, 94% used [0x00000000c0000000,0x00000000c97ce380,0x00000000ca100000)
 Metaspace       used 81181K, committed 82624K, reserved 1179648K
  class space    used 8779K, committed 9472K, reserved 1048576K
GC Heap History (20 events):
Event: 378.824 GC heap after
{Heap after GC invocations=418 (full 13):
 PSYoungGen      total 3072K, used 650K [0x00000000eab00000, 0x00000000eaf00000, 0x0000000100000000)
  eden space 2048K, 0% used [0x00000000eab00000,0x00000000eab00000,0x00000000ead00000)
  from space 1024K, 63% used [0x00000000ead00000,0x00000000eada2910,0x00000000eae00000)
  to   space 1024K, 0% used [0x00000000eae00000,0x00000000eae00000,0x00000000eaf00000)
 ParOldGen       total 164864K, used 149653K [0x00000000c0000000, 0x00000000ca100000, 0x00000000eab00000)
  object space 164864K, 90% used [0x00000000c0000000,0x00000000c9225550,0x00000000ca100000)
 Metaspace       used 81136K, committed 82624K, reserved 1179648K
  class space    used 8779K, committed 9472K, reserved 1048576K
}
Event: 378.826 GC heap before
{Heap before GC invocations=419 (full 13):
 PSYoungGen      total 3072K, used 2698K [0x00000000eab00000, 0x00000000eaf00000, 0x0000000100000000)
  eden space 2048K, 100% used [0x00000000eab00000,0x00000000ead00000,0x00000000ead00000)
  from space 1024K, 63% used [0x00000000ead00000,0x00000000eada2910,0x00000000eae00000)
  to   space 1024K, 0% used [0x00000000eae00000,0x00000000eae00000,0x00000000eaf00000)
 ParOldGen       total 164864K, used 149653K [0x00000000c0000000, 0x00000000ca100000, 0x00000000eab00000)
  object space 164864K, 90% used [0x00000000c0000000,0x00000000c9225550,0x00000000ca100000)
 Metaspace       used 81136K, committed 82624K, reserved 1179648K
  class space    used 8779K, committed 9472K, reserved 1048576K
}
Event: 378.826 GC heap after
{Heap after GC invocations=419 (full 13):
 PSYoungGen      total 3072K, used 512K [0x00000000eab00000, 0x00000000eaf00000, 0x0000000100000000)
  eden space 2048K, 0% used [0x00000000eab00000,0x00000000eab00000,0x00000000ead00000)
  from space 1024K, 50% used [0x00000000eae00000,0x00000000eae80000,0x00000000eaf00000)
  to   space 1024K, 0% used [0x00000000ead00000,0x00000000ead00000,0x00000000eae00000)
 ParOldGen       total 164864K, used 150198K [0x00000000c0000000, 0x00000000ca100000, 0x00000000eab00000)
  object space 164864K, 91% used [0x00000000c0000000,0x00000000c92ad8e0,0x00000000ca100000)
 Metaspace       used 81136K, committed 82624K, reserved 1179648K
  class space    used 8779K, committed 9472K, reserved 1048576K
}
Event: 378.829 GC heap before
{Heap before GC invocations=420 (full 13):
 PSYoungGen      total 3072K, used 2560K [0x00000000eab00000, 0x00000000eaf00000, 0x0000000100000000)
  eden space 2048K, 100% used [0x00000000eab00000,0x00000000ead00000,0x00000000ead00000)
  from space 1024K, 50% used [0x00000000eae00000,0x00000000eae80000,0x00000000eaf00000)
  to   space 1024K, 0% used [0x00000000ead00000,0x00000000ead00000,0x00000000eae00000)
 ParOldGen       total 164864K, used 150198K [0x00000000c0000000, 0x00000000ca100000, 0x00000000eab00000)
  object space 164864K, 91% used [0x00000000c0000000,0x00000000c92ad8e0,0x00000000ca100000)
 Metaspace       used 81136K, committed 82624K, reserved 1179648K
  class space    used 8779K, committed 9472K, reserved 1048576K
}
Event: 378.829 GC heap after
{Heap after GC invocations=420 (full 13):
 PSYoungGen      total 3072K, used 638K [0x00000000eab00000, 0x00000000eaf00000, 0x0000000100000000)
  eden space 2048K, 0% used [0x00000000eab00000,0x00000000eab00000,0x00000000ead00000)
  from space 1024K, 62% used [0x00000000ead00000,0x00000000ead9f8e8,0x00000000eae00000)
  to   space 1024K, 0% used [0x00000000eae00000,0x00000000eae00000,0x00000000eaf00000)
 ParOldGen       total 164864K, used 150446K [0x00000000c0000000, 0x00000000ca100000, 0x00000000eab00000)
  object space 164864K, 91% used [0x00000000c0000000,0x00000000c92eb8e0,0x00000000ca100000)
 Metaspace       used 81136K, committed 82624K, reserved 1179648K
  class space    used 8779K, committed 9472K, reserved 1048576K
}
Event: 378.833 GC heap before
{Heap before GC invocations=421 (full 13):
 PSYoungGen      total 3072K, used 2686K [0x00000000eab00000, 0x00000000eaf00000, 0x0000000100000000)
  eden space 2048K, 100% used [0x00000000eab00000,0x00000000ead00000,0x00000000ead00000)
  from space 1024K, 62% used [0x00000000ead00000,0x00000000ead9f8e8,0x00000000eae00000)
  to   space 1024K, 0% used [0x00000000eae00000,0x00000000eae00000,0x00000000eaf00000)
 ParOldGen       total 164864K, used 150446K [0x00000000c0000000, 0x00000000ca100000, 0x00000000eab00000)
  object space 164864K, 91% used [0x00000000c0000000,0x00000000c92eb8e0,0x00000000ca100000)
 Metaspace       used 81136K, committed 82624K, reserved 1179648K
  class space    used 8779K, committed 9472K, reserved 1048576K
}
Event: 378.833 GC heap after
{Heap after GC invocations=421 (full 13):
 PSYoungGen      total 3072K, used 608K [0x00000000eab00000, 0x00000000eaf00000, 0x0000000100000000)
  eden space 2048K, 0% used [0x00000000eab00000,0x00000000eab00000,0x00000000ead00000)
  from space 1024K, 59% used [0x00000000eae00000,0x00000000eae98000,0x00000000eaf00000)
  to   space 1024K, 0% used [0x00000000ead00000,0x00000000ead00000,0x00000000eae00000)
 ParOldGen       total 164864K, used 150820K [0x00000000c0000000, 0x00000000ca100000, 0x00000000eab00000)
  object space 164864K, 91% used [0x00000000c0000000,0x00000000c93491c8,0x00000000ca100000)
 Metaspace       used 81136K, committed 82624K, reserved 1179648K
  class space    used 8779K, committed 9472K, reserved 1048576K
}
Event: 378.840 GC heap before
{Heap before GC invocations=422 (full 13):
 PSYoungGen      total 3072K, used 2656K [0x00000000eab00000, 0x00000000eaf00000, 0x0000000100000000)
  eden space 2048K, 100% used [0x00000000eab00000,0x00000000ead00000,0x00000000ead00000)
  from space 1024K, 59% used [0x00000000eae00000,0x00000000eae98000,0x00000000eaf00000)
  to   space 1024K, 0% used [0x00000000ead00000,0x00000000ead00000,0x00000000eae00000)
 ParOldGen       total 164864K, used 150820K [0x00000000c0000000, 0x00000000ca100000, 0x00000000eab00000)
  object space 164864K, 91% used [0x00000000c0000000,0x00000000c93491c8,0x00000000ca100000)
 Metaspace       used 81136K, committed 82624K, reserved 1179648K
  class space    used 8779K, committed 9472K, reserved 1048576K
}
Event: 378.840 GC heap after
{Heap after GC invocations=422 (full 13):
 PSYoungGen      total 3072K, used 704K [0x00000000eab00000, 0x00000000eaf00000, 0x0000000100000000)
  eden space 2048K, 0% used [0x00000000eab00000,0x00000000eab00000,0x00000000ead00000)
  from space 1024K, 68% used [0x00000000ead00000,0x00000000eadb0000,0x00000000eae00000)
  to   space 1024K, 0% used [0x00000000eae00000,0x00000000eae00000,0x00000000eaf00000)
 ParOldGen       total 164864K, used 151170K [0x00000000c0000000, 0x00000000ca100000, 0x00000000eab00000)
  object space 164864K, 91% used [0x00000000c0000000,0x00000000c93a0ad8,0x00000000ca100000)
 Metaspace       used 81136K, committed 82624K, reserved 1179648K
  class space    used 8779K, committed 9472K, reserved 1048576K
}
Event: 378.848 GC heap before
{Heap before GC invocations=423 (full 13):
 PSYoungGen      total 3072K, used 2752K [0x00000000eab00000, 0x00000000eaf00000, 0x0000000100000000)
  eden space 2048K, 100% used [0x00000000eab00000,0x00000000ead00000,0x00000000ead00000)
  from space 1024K, 68% used [0x00000000ead00000,0x00000000eadb0000,0x00000000eae00000)
  to   space 1024K, 0% used [0x00000000eae00000,0x00000000eae00000,0x00000000eaf00000)
 ParOldGen       total 164864K, used 151170K [0x00000000c0000000, 0x00000000ca100000, 0x00000000eab00000)
  object space 164864K, 91% used [0x00000000c0000000,0x00000000c93a0ad8,0x00000000ca100000)
 Metaspace       used 81139K, committed 82624K, reserved 1179648K
  class space    used 8779K, committed 9472K, reserved 1048576K
}
Event: 378.848 GC heap after
{Heap after GC invocations=423 (full 13):
 PSYoungGen      total 3072K, used 736K [0x00000000eab00000, 0x00000000eaf00000, 0x0000000100000000)
  eden space 2048K, 0% used [0x00000000eab00000,0x00000000eab00000,0x00000000ead00000)
  from space 1024K, 71% used [0x00000000eae00000,0x00000000eaeb8000,0x00000000eaf00000)
  to   space 1024K, 0% used [0x00000000ead00000,0x00000000ead00000,0x00000000eae00000)
 ParOldGen       total 164864K, used 151654K [0x00000000c0000000, 0x00000000ca100000, 0x00000000eab00000)
  object space 164864K, 91% used [0x00000000c0000000,0x00000000c9419bf0,0x00000000ca100000)
 Metaspace       used 81139K, committed 82624K, reserved 1179648K
  class space    used 8779K, committed 9472K, reserved 1048576K
}
Event: 378.857 GC heap before
{Heap before GC invocations=424 (full 13):
 PSYoungGen      total 3072K, used 2784K [0x00000000eab00000, 0x00000000eaf00000, 0x0000000100000000)
  eden space 2048K, 100% used [0x00000000eab00000,0x00000000ead00000,0x00000000ead00000)
  from space 1024K, 71% used [0x00000000eae00000,0x00000000eaeb8000,0x00000000eaf00000)
  to   space 1024K, 0% used [0x00000000ead00000,0x00000000ead00000,0x00000000eae00000)
 ParOldGen       total 164864K, used 151654K [0x00000000c0000000, 0x00000000ca100000, 0x00000000eab00000)
  object space 164864K, 91% used [0x00000000c0000000,0x00000000c9419bf0,0x00000000ca100000)
 Metaspace       used 81139K, committed 82624K, reserved 1179648K
  class space    used 8779K, committed 9472K, reserved 1048576K
}
Event: 378.857 GC heap after
{Heap after GC invocations=424 (full 13):
 PSYoungGen      total 3072K, used 704K [0x00000000eab00000, 0x00000000eaf00000, 0x0000000100000000)
  eden space 2048K, 0% used [0x00000000eab00000,0x00000000eab00000,0x00000000ead00000)
  from space 1024K, 68% used [0x00000000ead00000,0x00000000eadb0000,0x00000000eae00000)
  to   space 1024K, 0% used [0x00000000eae00000,0x00000000eae00000,0x00000000eaf00000)
 ParOldGen       total 164864K, used 152246K [0x00000000c0000000, 0x00000000ca100000, 0x00000000eab00000)
  object space 164864K, 92% used [0x00000000c0000000,0x00000000c94ad998,0x00000000ca100000)
 Metaspace       used 81139K, committed 82624K, reserved 1179648K
  class space    used 8779K, committed 9472K, reserved 1048576K
}
Event: 378.861 GC heap before
{Heap before GC invocations=425 (full 13):
 PSYoungGen      total 3072K, used 2752K [0x00000000eab00000, 0x00000000eaf00000, 0x0000000100000000)
  eden space 2048K, 100% used [0x00000000eab00000,0x00000000ead00000,0x00000000ead00000)
  from space 1024K, 68% used [0x00000000ead00000,0x00000000eadb0000,0x00000000eae00000)
  to   space 1024K, 0% used [0x00000000eae00000,0x00000000eae00000,0x00000000eaf00000)
 ParOldGen       total 164864K, used 152246K [0x00000000c0000000, 0x00000000ca100000, 0x00000000eab00000)
  object space 164864K, 92% used [0x00000000c0000000,0x00000000c94ad998,0x00000000ca100000)
 Metaspace       used 81140K, committed 82624K, reserved 1179648K
  class space    used 8779K, committed 9472K, reserved 1048576K
}
Event: 378.861 GC heap after
{Heap after GC invocations=425 (full 13):
 PSYoungGen      total 3072K, used 832K [0x00000000eab00000, 0x00000000eaf00000, 0x0000000100000000)
  eden space 2048K, 0% used [0x00000000eab00000,0x00000000eab00000,0x00000000ead00000)
  from space 1024K, 81% used [0x00000000eae00000,0x00000000eaed0000,0x00000000eaf00000)
  to   space 1024K, 0% used [0x00000000ead00000,0x00000000ead00000,0x00000000eae00000)
 ParOldGen       total 164864K, used 152774K [0x00000000c0000000, 0x00000000ca100000, 0x00000000eab00000)
  object space 164864K, 92% used [0x00000000c0000000,0x00000000c9531998,0x00000000ca100000)
 Metaspace       used 81140K, committed 82624K, reserved 1179648K
  class space    used 8779K, committed 9472K, reserved 1048576K
}
Event: 378.869 GC heap before
{Heap before GC invocations=426 (full 13):
 PSYoungGen      total 3072K, used 2880K [0x00000000eab00000, 0x00000000eaf00000, 0x0000000100000000)
  eden space 2048K, 100% used [0x00000000eab00000,0x00000000ead00000,0x00000000ead00000)
  from space 1024K, 81% used [0x00000000eae00000,0x00000000eaed0000,0x00000000eaf00000)
  to   space 1024K, 0% used [0x00000000ead00000,0x00000000ead00000,0x00000000eae00000)
 ParOldGen       total 164864K, used 152774K [0x00000000c0000000, 0x00000000ca100000, 0x00000000eab00000)
  object space 164864K, 92% used [0x00000000c0000000,0x00000000c9531998,0x00000000ca100000)
 Metaspace       used 81156K, committed 82624K, reserved 1179648K
  class space    used 8779K, committed 9472K, reserved 1048576K
}
Event: 378.869 GC heap after
{Heap after GC invocations=426 (full 13):
 PSYoungGen      total 3072K, used 928K [0x00000000eab00000, 0x00000000eaf00000, 0x0000000100000000)
  eden space 2048K, 0% used [0x00000000eab00000,0x00000000eab00000,0x00000000ead00000)
  from space 1024K, 90% used [0x00000000ead00000,0x00000000eade8000,0x00000000eae00000)
  to   space 1024K, 0% used [0x00000000eae00000,0x00000000eae00000,0x00000000eaf00000)
 ParOldGen       total 164864K, used 153386K [0x00000000c0000000, 0x00000000ca100000, 0x00000000eab00000)
  object space 164864K, 93% used [0x00000000c0000000,0x00000000c95ca9b8,0x00000000ca100000)
 Metaspace       used 81156K, committed 82624K, reserved 1179648K
  class space    used 8779K, committed 9472K, reserved 1048576K
}
Event: 378.876 GC heap before
{Heap before GC invocations=427 (full 13):
 PSYoungGen      total 3072K, used 2976K [0x00000000eab00000, 0x00000000eaf00000, 0x0000000100000000)
  eden space 2048K, 100% used [0x00000000eab00000,0x00000000ead00000,0x00000000ead00000)
  from space 1024K, 90% used [0x00000000ead00000,0x00000000eade8000,0x00000000eae00000)
  to   space 1024K, 0% used [0x00000000eae00000,0x00000000eae00000,0x00000000eaf00000)
 ParOldGen       total 164864K, used 153386K [0x00000000c0000000, 0x00000000ca100000, 0x00000000eab00000)
  object space 164864K, 93% used [0x00000000c0000000,0x00000000c95ca9b8,0x00000000ca100000)
 Metaspace       used 81181K, committed 82624K, reserved 1179648K
  class space    used 8779K, committed 9472K, reserved 1048576K
}
Event: 378.877 GC heap after
{Heap after GC invocations=427 (full 13):
 PSYoungGen      total 3072K, used 538K [0x00000000eab00000, 0x00000000eaf00000, 0x0000000100000000)
  eden space 2048K, 0% used [0x00000000eab00000,0x00000000eab00000,0x00000000ead00000)
  from space 1024K, 52% used [0x00000000eae00000,0x00000000eae86900,0x00000000eaf00000)
  to   space 1024K, 0% used [0x00000000ead00000,0x00000000ead00000,0x00000000eae00000)
 ParOldGen       total 164864K, used 154158K [0x00000000c0000000, 0x00000000ca100000, 0x00000000eab00000)
  object space 164864K, 93% used [0x00000000c0000000,0x00000000c968b8d8,0x00000000ca100000)
 Metaspace       used 81181K, committed 82624K, reserved 1179648K
  class space    used 8779K, committed 9472K, reserved 1048576K
}
Event: 378.879 GC heap before
{Heap before GC invocations=428 (full 13):
 PSYoungGen      total 3072K, used 2586K [0x00000000eab00000, 0x00000000eaf00000, 0x0000000100000000)
  eden space 2048K, 100% used [0x00000000eab00000,0x00000000ead00000,0x00000000ead00000)
  from space 1024K, 52% used [0x00000000eae00000,0x00000000eae86900,0x00000000eaf00000)
  to   space 1024K, 0% used [0x00000000ead00000,0x00000000ead00000,0x00000000eae00000)
 ParOldGen       total 164864K, used 154158K [0x00000000c0000000, 0x00000000ca100000, 0x00000000eab00000)
  object space 164864K, 93% used [0x00000000c0000000,0x00000000c968b8d8,0x00000000ca100000)
 Metaspace       used 81181K, committed 82624K, reserved 1179648K
  class space    used 8779K, committed 9472K, reserved 1048576K
}

